DAY-EC activated.
DAY-EC activated.
MATCHING_JOBS_BEFORE
1619	CONFIGURING	sentieon_bwa_sort-20260507-LH01106-0005-A23K3JVLT4-s77683-23andme-run1-ILMN-0-D0-PCR-FREE-ILMN-NOVASEQ --output=logs/slurm/sentieon_bwa_sort/sentieon_bwa_sort.20260507-LH01106-0005-A23K3JVLT4-s77683-23andme-run1-ILMN-0-D0-PCR-FREE-ILMN-NOVASEQ.102.out
1620	CONFIGURING	sentieon_bwa_sort-20260507-LH01106-0005-A23K3JVLT4-s77719-23andme-run1-ILMN-0-D0-PCR-FREE-ILMN-NOVASEQ --output=logs/slurm/sentieon_bwa_sort/sentieon_bwa_sort.20260507-LH01106-0005-A23K3JVLT4-s77719-23andme-run1-ILMN-0-D0-PCR-FREE-ILMN-NOVASEQ.242.out
1621	CONFIGURING	sentieon_bwa_sort-20260507-LH01106-0005-A23K3JVLT4-s77764-23andme-run1-ILMN-0-D0-PCR-FREE-ILMN-NOVASEQ --output=logs/slurm/sentieon_bwa_sort/sentieon_bwa_sort.20260507-LH01106-0005-A23K3JVLT4-s77764-23andme-run1-ILMN-0-D0-PCR-FREE-ILMN-NOVASEQ.382.out
1622	CONFIGURING	sentieon_bwa_sort-20260507-LH01106-0005-A23K3JVLT4-s77414-23andme-run1-ILMN-0-D0-PCR-FREE-ILMN-NOVASEQ --output=logs/slurm/sentieon_bwa_sort/sentieon_bwa_sort.20260507-LH01106-0005-A23K3JVLT4-s77414-23andme-run1-ILMN-0-D0-PCR-FREE-ILMN-NOVASEQ.32.out
1623	CONFIGURING	sentieon_bwa_sort-20260507-LH01106-0005-A23K3JVLT4-s77689-23andme-run1-ILMN-0-D0-PCR-FREE-ILMN-NOVASEQ --output=logs/slurm/sentieon_bwa_sort/sentieon_bwa_sort.20260507-LH01106-0005-A23K3JVLT4-s77689-23andme-run1-ILMN-0-D0-PCR-FREE-ILMN-NOVASEQ.127.out
1624	CONFIGURING	sentieon_bwa_sort-20260507-LH01106-0005-A23K3JVLT4-s77724-23andme-run1-ILMN-0-D0-PCR-FREE-ILMN-NOVASEQ --output=logs/slurm/sentieon_bwa_sort/sentieon_bwa_sort.20260507-LH01106-0005-A23K3JVLT4-s77724-23andme-run1-ILMN-0-D0-PCR-FREE-ILMN-NOVASEQ.267.out
1625	CONFIGURING	sentieon_bwa_sort-20260507-LH01106-0005-A23K3JVLT4-s77770-23andme-run1-ILMN-0-D0-PCR-FREE-ILMN-NOVASEQ --output=logs/slurm/sentieon_bwa_sort/sentieon_bwa_sort.20260507-LH01106-0005-A23K3JVLT4-s77770-23andme-run1-ILMN-0-D0-PCR-FREE-ILMN-NOVASEQ.407.out
1626	CONFIGURING	sentieon_bwa_sort-20260507-LH01106-0005-A23K3JVLT4-s77710-23andme-run1-ILMN-0-D0-PCR-FREE-ILMN-NOVASEQ --output=logs/slurm/sentieon_bwa_sort/sentieon_bwa_sort.20260507-LH01106-0005-A23K3JVLT4-s77710-23andme-run1-ILMN-0-D0-PCR-FREE-ILMN-NOVASEQ.197.out
1627	CONFIGURING	sentieon_bwa_sort-20260507-LH01106-0005-A23K3JVLT4-s77754-23andme-run1-ILMN-0-D0-PCR-FREE-ILMN-NOVASEQ --output=logs/slurm/sentieon_bwa_sort/sentieon_bwa_sort.20260507-LH01106-0005-A23K3JVLT4-s77754-23andme-run1-ILMN-0-D0-PCR-FREE-ILMN-NOVASEQ.337.out
1628	CONFIGURING	sentieon_bwa_sort-20260507-LH01106-0005-A23K3JVLT4-s77802-23andme-run1-ILMN-0-D0-PCR-FREE-ILMN-NOVASEQ --output=logs/slurm/sentieon_bwa_sort/sentieon_bwa_sort.20260507-LH01106-0005-A23K3JVLT4-s77802-23andme-run1-ILMN-0-D0-PCR-FREE-ILMN-NOVASEQ.477.out
1629	CONFIGURING	sentieon_bwa_sort-20260507-LH01106-0005-A23K3JVLT4-s77678-23andme-run1-ILMN-0-D0-PCR-FREE-ILMN-NOVASEQ --output=logs/slurm/sentieon_bwa_sort/sentieon_bwa_sort.20260507-LH01106-0005-A23K3JVLT4-s77678-23andme-run1-ILMN-0-D0-PCR-FREE-ILMN-NOVASEQ.82.out
1614	CONFIGURING	sentieon_bwa_sort-20260507-LH01106-0005-A23K3JVLT4-s77733-23andme-run1-ILMN-0-D0-PCR-FREE-ILMN-NOVASEQ --output=logs/slurm/sentieon_bwa_sort/sentieon_bwa_sort.20260507-LH01106-0005-A23K3JVLT4-s77733-23andme-run1-ILMN-0-D0-PCR-FREE-ILMN-NOVASEQ.287.out
1615	CONFIGURING	sentieon_bwa_sort-20260507-LH01106-0005-A23K3JVLT4-s77778-23andme-run1-ILMN-0-D0-PCR-FREE-ILMN-NOVASEQ --output=logs/slurm/sentieon_bwa_sort/sentieon_bwa_sort.20260507-LH01106-0005-A23K3JVLT4-s77778-23andme-run1-ILMN-0-D0-PCR-FREE-ILMN-NOVASEQ.427.out
1616	CONFIGURING	sentieon_bwa_sort-20260507-LH01106-0005-A23K3JVLT4-s77703-23andme-run1-ILMN-0-D0-PCR-FREE-ILMN-NOVASEQ --output=logs/slurm/sentieon_bwa_sort/sentieon_bwa_sort.20260507-LH01106-0005-A23K3JVLT4-s77703-23andme-run1-ILMN-0-D0-PCR-FREE-ILMN-NOVASEQ.172.out
1617	CONFIGURING	sentieon_bwa_sort-20260507-LH01106-0005-A23K3JVLT4-s77744-23andme-run1-ILMN-0-D0-PCR-FREE-ILMN-NOVASEQ --output=logs/slurm/sentieon_bwa_sort/sentieon_bwa_sort.20260507-LH01106-0005-A23K3JVLT4-s77744-23andme-run1-ILMN-0-D0-PCR-FREE-ILMN-NOVASEQ.312.out
1618	CONFIGURING	sentieon_bwa_sort-20260507-LH01106-0005-A23K3JVLT4-s77786-23andme-run1-ILMN-0-D0-PCR-FREE-ILMN-NOVASEQ --output=logs/slurm/sentieon_bwa_sort/sentieon_bwa_sort.20260507-LH01106-0005-A23K3JVLT4-s77786-23andme-run1-ILMN-0-D0-PCR-FREE-ILMN-NOVASEQ.452.out
1602	CONFIGURING	sentieon_bwa_sort-20260507-LH01106-0005-A23K3JVLT4-s77688-23andme-run1-ILMN-0-D0-PCR-FREE-ILMN-NOVASEQ --output=logs/slurm/sentieon_bwa_sort/sentieon_bwa_sort.20260507-LH01106-0005-A23K3JVLT4-s77688-23andme-run1-ILMN-0-D0-PCR-FREE-ILMN-NOVASEQ.122.out
1603	CONFIGURING	sentieon_bwa_sort-20260507-LH01106-0005-A23K3JVLT4-s77723-23andme-run1-ILMN-0-D0-PCR-FREE-ILMN-NOVASEQ --output=logs/slurm/sentieon_bwa_sort/sentieon_bwa_sort.20260507-LH01106-0005-A23K3JVLT4-s77723-23andme-run1-ILMN-0-D0-PCR-FREE-ILMN-NOVASEQ.262.out
1604	CONFIGURING	sentieon_bwa_sort-20260507-LH01106-0005-A23K3JVLT4-s77768-23andme-run1-ILMN-0-D0-PCR-FREE-ILMN-NOVASEQ --output=logs/slurm/sentieon_bwa_sort/sentieon_bwa_sort.20260507-LH01106-0005-A23K3JVLT4-s77768-23andme-run1-ILMN-0-D0-PCR-FREE-ILMN-NOVASEQ.402.out
1605	CONFIGURING	sentieon_bwa_sort-20260507-LH01106-0005-A23K3JVLT4-LSMC-HG003-23andme-run1-ILMN-0-D0-PCR-FREE-ILMN-NOVASEQ --output=logs/slurm/sentieon_bwa_sort/sentieon_bwa_sort.20260507-LH01106-0005-A23K3JVLT4-LSMC-HG003-23andme-run1-ILMN-0-D0-PCR-FREE-ILMN-NOVASEQ.4.out
1606	CONFIGURING	sentieon_bwa_sort-20260507-LH01106-0005-A23K3JVLT4-s77707-23andme-run1-ILMN-0-D0-PCR-FREE-ILMN-NOVASEQ --output=logs/slurm/sentieon_bwa_sort/sentieon_bwa_sort.20260507-LH01106-0005-A23K3JVLT4-s77707-23andme-run1-ILMN-0-D0-PCR-FREE-ILMN-NOVASEQ.192.out
1607	CONFIGURING	sentieon_bwa_sort-20260507-LH01106-0005-A23K3JVLT4-s77753-23andme-run1-ILMN-0-D0-PCR-FREE-ILMN-NOVASEQ --output=logs/slurm/sentieon_bwa_sort/sentieon_bwa_sort.20260507-LH01106-0005-A23K3JVLT4-s77753-23andme-run1-ILMN-0-D0-PCR-FREE-ILMN-NOVASEQ.332.out
1608	CONFIGURING	sentieon_bwa_sort-20260507-LH01106-0005-A23K3JVLT4-s77794-23andme-run1-ILMN-0-D0-PCR-FREE-ILMN-NOVASEQ --output=logs/slurm/sentieon_bwa_sort/sentieon_bwa_sort.20260507-LH01106-0005-A23K3JVLT4-s77794-23andme-run1-ILMN-0-D0-PCR-FREE-ILMN-NOVASEQ.472.out
1609	CONFIGURING	sentieon_bwa_sort-20260507-LH01106-0005-A23K3JVLT4-s77677-23andme-run1-ILMN-0-D0-PCR-FREE-ILMN-NOVASEQ --output=logs/slurm/sentieon_bwa_sort/sentieon_bwa_sort.20260507-LH01106-0005-A23K3JVLT4-s77677-23andme-run1-ILMN-0-D0-PCR-FREE-ILMN-NOVASEQ.77.out
1610	CONFIGURING	sentieon_bwa_sort-20260507-LH01106-0005-A23K3JVLT4-s77714-23andme-run1-ILMN-0-D0-PCR-FREE-ILMN-NOVASEQ --output=logs/slurm/sentieon_bwa_sort/sentieon_bwa_sort.20260507-LH01106-0005-A23K3JVLT4-s77714-23andme-run1-ILMN-0-D0-PCR-FREE-ILMN-NOVASEQ.217.out
1611	CONFIGURING	sentieon_bwa_sort-20260507-LH01106-0005-A23K3JVLT4-s77759-23andme-run1-ILMN-0-D0-PCR-FREE-ILMN-NOVASEQ --output=logs/slurm/sentieon_bwa_sort/sentieon_bwa_sort.20260507-LH01106-0005-A23K3JVLT4-s77759-23andme-run1-ILMN-0-D0-PCR-FREE-ILMN-NOVASEQ.357.out
1612	CONFIGURING	sentieon_bwa_sort-20260507-LH01106-0005-A23K3JVLT4-s77612-23andme-run1-ILMN-0-D0-PCR-FREE-ILMN-NOVASEQ --output=logs/slurm/sentieon_bwa_sort/sentieon_bwa_sort.20260507-LH01106-0005-A23K3JVLT4-s77612-23andme-run1-ILMN-0-D0-PCR-FREE-ILMN-NOVASEQ.52.out
1613	CONFIGURING	sentieon_bwa_sort-20260507-LH01106-0005-A23K3JVLT4-s77695-23andme-run1-ILMN-0-D0-PCR-FREE-ILMN-NOVASEQ --output=logs/slurm/sentieon_bwa_sort/sentieon_bwa_sort.20260507-LH01106-0005-A23K3JVLT4-s77695-23andme-run1-ILMN-0-D0-PCR-FREE-ILMN-NOVASEQ.147.out
1599	CONFIGURING	sentieon_bwa_sort-20260507-LH01106-0005-A23K3JVLT4-s77763-23andme-run1-ILMN-0-D0-PCR-FREE-ILMN-NOVASEQ --output=logs/slurm/sentieon_bwa_sort/sentieon_bwa_sort.20260507-LH01106-0005-A23K3JVLT4-s77763-23andme-run1-ILMN-0-D0-PCR-FREE-ILMN-NOVASEQ.377.out
1600	CONFIGURING	sentieon_bwa_sort-20260507-LH01106-0005-A23K3JVLT4-s77681-23andme-run1-ILMN-0-D0-PCR-FREE-ILMN-NOVASEQ --output=logs/slurm/sentieon_bwa_sort/sentieon_bwa_sort.20260507-LH01106-0005-A23K3JVLT4-s77681-23andme-run1-ILMN-0-D0-PCR-FREE-ILMN-NOVASEQ.97.out
1601	CONFIGURING	sentieon_bwa_sort-20260507-LH01106-0005-A23K3JVLT4-s77409-23andme-run1-ILMN-0-D0-PCR-FREE-ILMN-NOVASEQ --output=logs/slurm/sentieon_bwa_sort/sentieon_bwa_sort.20260507-LH01106-0005-A23K3JVLT4-s77409-23andme-run1-ILMN-0-D0-PCR-FREE-ILMN-NOVASEQ.27.out
1598	RUNNING	sentieon_bwa_sort-20260507-LH01106-0005-A23K3JVLT4-s77718-23andme-run1-ILMN-0-D0-PCR-FREE-ILMN-NOVASEQ --output=logs/slurm/sentieon_bwa_sort/sentieon_bwa_sort.20260507-LH01106-0005-A23K3JVLT4-s77718-23andme-run1-ILMN-0-D0-PCR-FREE-ILMN-NOVASEQ.237.out
1630	PENDING	sentieon_bwa_sort-20260507-LH01106-0005-A23K3JVLT4-s77715-23andme-run1-ILMN-0-D0-PCR-FREE-ILMN-NOVASEQ --output=logs/slurm/sentieon_bwa_sort/sentieon_bwa_sort.20260507-LH01106-0005-A23K3JVLT4-s77715-23andme-run1-ILMN-0-D0-PCR-FREE-ILMN-NOVASEQ.222.out
1631	PENDING	sentieon_bwa_sort-20260507-LH01106-0005-A23K3JVLT4-s77760-23andme-run1-ILMN-0-D0-PCR-FREE-ILMN-NOVASEQ --output=logs/slurm/sentieon_bwa_sort/sentieon_bwa_sort.20260507-LH01106-0005-A23K3JVLT4-s77760-23andme-run1-ILMN-0-D0-PCR-FREE-ILMN-NOVASEQ.362.out
1632	PENDING	sentieon_bwa_sort-20260507-LH01106-0005-A23K3JVLT4-s77669-23andme-run1-ILMN-0-D0-PCR-FREE-ILMN-NOVASEQ --output=logs/slurm/sentieon_bwa_sort/sentieon_bwa_sort.20260507-LH01106-0005-A23K3JVLT4-s77669-23andme-run1-ILMN-0-D0-PCR-FREE-ILMN-NOVASEQ.57.out
1633	PENDING	sentieon_bwa_sort-20260507-LH01106-0005-A23K3JVLT4-s77699-23andme-run1-ILMN-0-D0-PCR-FREE-ILMN-NOVASEQ --output=logs/slurm/sentieon_bwa_sort/sentieon_bwa_sort.20260507-LH01106-0005-A23K3JVLT4-s77699-23andme-run1-ILMN-0-D0-PCR-FREE-ILMN-NOVASEQ.152.out
1634	PENDING	sentieon_bwa_sort-20260507-LH01106-0005-A23K3JVLT4-s77734-23andme-run1-ILMN-0-D0-PCR-FREE-ILMN-NOVASEQ --output=logs/slurm/sentieon_bwa_sort/sentieon_bwa_sort.20260507-LH01106-0005-A23K3JVLT4-s77734-23andme-run1-ILMN-0-D0-PCR-FREE-ILMN-NOVASEQ.292.out
1635	PENDING	sentieon_bwa_sort-20260507-LH01106-0005-A23K3JVLT4-s77780-23andme-run1-ILMN-0-D0-PCR-FREE-ILMN-NOVASEQ --output=logs/slurm/sentieon_bwa_sort/sentieon_bwa_sort.20260507-LH01106-0005-A23K3JVLT4-s77780-23andme-run1-ILMN-0-D0-PCR-FREE-ILMN-NOVASEQ.432.out
1636	PENDING	sentieon_bwa_sort-20260507-LH01106-0005-A23K3JVLT4-LSMC-NTC-23andme-run1-ILMN-0-D0-PCR-FREE-ILMN-NOVASEQ --output=logs/slurm/sentieon_bwa_sort/sentieon_bwa_sort.20260507-LH01106-0005-A23K3JVLT4-LSMC-NTC-23andme-run1-ILMN-0-D0-PCR-FREE-ILMN-NOVASEQ.12.out
1637	PENDING	sentieon_bwa_sort-20260507-LH01106-0005-A23K3JVLT4-s77704-23andme-run1-ILMN-0-D0-PCR-FREE-ILMN-NOVASEQ --output=logs/slurm/sentieon_bwa_sort/sentieon_bwa_sort.20260507-LH01106-0005-A23K3JVLT4-s77704-23andme-run1-ILMN-0-D0-PCR-FREE-ILMN-NOVASEQ.177.out
1638	PENDING	sentieon_bwa_sort-20260507-LH01106-0005-A23K3JVLT4-s77745-23andme-run1-ILMN-0-D0-PCR-FREE-ILMN-NOVASEQ --output=logs/slurm/sentieon_bwa_sort/sentieon_bwa_sort.20260507-LH01106-0005-A23K3JVLT4-s77745-23andme-run1-ILMN-0-D0-PCR-FREE-ILMN-NOVASEQ.317.out
1639	PENDING	sentieon_bwa_sort-20260507-LH01106-0005-A23K3JVLT4-s77787-23andme-run1-ILMN-0-D0-PCR-FREE-ILMN-NOVASEQ --output=logs/slurm/sentieon_bwa_sort/sentieon_bwa_sort.20260507-LH01106-0005-A23K3JVLT4-s77787-23andme-run1-ILMN-0-D0-PCR-FREE-ILMN-NOVASEQ.457.out
1640	PENDING	sentieon_bwa_sort-20260507-LH01106-0005-A23K3JVLT4-s77684-23andme-run1-ILMN-0-D0-PCR-FREE-ILMN-NOVASEQ --output=logs/slurm/sentieon_bwa_sort/sentieon_bwa_sort.20260507-LH01106-0005-A23K3JVLT4-s77684-23andme-run1-ILMN-0-D0-PCR-FREE-ILMN-NOVASEQ.107.out
1641	PENDING	sentieon_bwa_sort-20260507-LH01106-0005-A23K3JVLT4-s77720-23andme-run1-ILMN-0-D0-PCR-FREE-ILMN-NOVASEQ --output=logs/slurm/sentieon_bwa_sort/sentieon_bwa_sort.20260507-LH01106-0005-A23K3JVLT4-s77720-23andme-run1-ILMN-0-D0-PCR-FREE-ILMN-NOVASEQ.247.out
1642	PENDING	sentieon_bwa_sort-20260507-LH01106-0005-A23K3JVLT4-s77765-23andme-run1-ILMN-0-D0-PCR-FREE-ILMN-NOVASEQ --output=logs/slurm/sentieon_bwa_sort/sentieon_bwa_sort.20260507-LH01106-0005-A23K3JVLT4-s77765-23andme-run1-ILMN-0-D0-PCR-FREE-ILMN-NOVASEQ.387.out
1643	PENDING	sentieon_bwa_sort-20260507-LH01106-0005-A23K3JVLT4-s77690-23andme-run1-ILMN-0-D0-PCR-FREE-ILMN-NOVASEQ --output=logs/slurm/sentieon_bwa_sort/sentieon_bwa_sort.20260507-LH01106-0005-A23K3JVLT4-s77690-23andme-run1-ILMN-0-D0-PCR-FREE-ILMN-NOVASEQ.132.out
1644	PENDING	sentieon_bwa_sort-20260507-LH01106-0005-A23K3JVLT4-s77725-23andme-run1-ILMN-0-D0-PCR-FREE-ILMN-NOVASEQ --output=logs/slurm/sentieon_bwa_sort/sentieon_bwa_sort.20260507-LH01106-0005-A23K3JVLT4-s77725-23andme-run1-ILMN-0-D0-PCR-FREE-ILMN-NOVASEQ.272.out
1645	PENDING	sentieon_bwa_sort-20260507-LH01106-0005-A23K3JVLT4-s77433-23andme-run1-ILMN-0-D0-PCR-FREE-ILMN-NOVASEQ --output=logs/slurm/sentieon_bwa_sort/sentieon_bwa_sort.20260507-LH01106-0005-A23K3JVLT4-s77433-23andme-run1-ILMN-0-D0-PCR-FREE-ILMN-NOVASEQ.37.out
1646	PENDING	sentieon_bwa_sort-20260507-LH01106-0005-A23K3JVLT4-s77771-23andme-run1-ILMN-0-D0-PCR-FREE-ILMN-NOVASEQ --output=logs/slurm/sentieon_bwa_sort/sentieon_bwa_sort.20260507-LH01106-0005-A23K3JVLT4-s77771-23andme-run1-ILMN-0-D0-PCR-FREE-ILMN-NOVASEQ.412.out
1647	PENDING	sentieon_bwa_sort-20260507-LH01106-0005-A23K3JVLT4-s77672-23andme-run1-ILMN-0-D0-PCR-FREE-ILMN-NOVASEQ --output=logs/slurm/sentieon_bwa_sort/sentieon_bwa_sort.20260507-LH01106-0005-A23K3JVLT4-s77672-23andme-run1-ILMN-0-D0-PCR-FREE-ILMN-NOVASEQ.62.out
1648	PENDING	sentieon_bwa_sort-20260507-LH01106-0005-A23K3JVLT4-s77711-23andme-run1-ILMN-0-D0-PCR-FREE-ILMN-NOVASEQ --output=logs/slurm/sentieon_bwa_sort/sentieon_bwa_sort.20260507-LH01106-0005-A23K3JVLT4-s77711-23andme-run1-ILMN-0-D0-PCR-FREE-ILMN-NOVASEQ.202.out
1649	PENDING	sentieon_bwa_sort-20260507-LH01106-0005-A23K3JVLT4-s77756-23andme-run1-ILMN-0-D0-PCR-FREE-ILMN-NOVASEQ --output=logs/slurm/sentieon_bwa_sort/sentieon_bwa_sort.20260507-LH01106-0005-A23K3JVLT4-s77756-23andme-run1-ILMN-0-D0-PCR-FREE-ILMN-NOVASEQ.342.out
1650	PENDING	sentieon_bwa_sort-20260507-LH01106-0005-A23K3JVLT4-s77804-23andme-run1-ILMN-0-D0-PCR-FREE-ILMN-NOVASEQ --output=logs/slurm/sentieon_bwa_sort/sentieon_bwa_sort.20260507-LH01106-0005-A23K3JVLT4-s77804-23andme-run1-ILMN-0-D0-PCR-FREE-ILMN-NOVASEQ.482.out
1651	PENDING	sentieon_bwa_sort-20260507-LH01106-0005-A23K3JVLT4-s77679-23andme-run1-ILMN-0-D0-PCR-FREE-ILMN-NOVASEQ --output=logs/slurm/sentieon_bwa_sort/sentieon_bwa_sort.20260507-LH01106-0005-A23K3JVLT4-s77679-23andme-run1-ILMN-0-D0-PCR-FREE-ILMN-NOVASEQ.87.out
1652	PENDING	sentieon_bwa_sort-20260507-LH01106-0005-A23K3JVLT4-s77716-23andme-run1-ILMN-0-D0-PCR-FREE-ILMN-NOVASEQ --output=logs/slurm/sentieon_bwa_sort/sentieon_bwa_sort.20260507-LH01106-0005-A23K3JVLT4-s77716-23andme-run1-ILMN-0-D0-PCR-FREE-ILMN-NOVASEQ.227.out
1653	PENDING	sentieon_bwa_sort-20260507-LH01106-0005-A23K3JVLT4-s77761-23andme-run1-ILMN-0-D0-PCR-FREE-ILMN-NOVASEQ --output=logs/slurm/sentieon_bwa_sort/sentieon_bwa_sort.20260507-LH01106-0005-A23K3JVLT4-s77761-23andme-run1-ILMN-0-D0-PCR-FREE-ILMN-NOVASEQ.367.out
1654	PENDING	sentieon_bwa_sort-20260507-LH01106-0005-A23K3JVLT4-s77738-23andme-run1-ILMN-0-D0-PCR-FREE-ILMN-NOVASEQ --output=logs/slurm/sentieon_bwa_sort/sentieon_bwa_sort.20260507-LH01106-0005-A23K3JVLT4-s77738-23andme-run1-ILMN-0-D0-PCR-FREE-ILMN-NOVASEQ.307.out
1655	PENDING	sentieon_bwa_sort-20260507-LH01106-0005-A23K3JVLT4-s74478-23andme-run1-ILMN-0-D0-PCR-FREE-ILMN-NOVASEQ --output=logs/slurm/sentieon_bwa_sort/sentieon_bwa_sort.20260507-LH01106-0005-A23K3JVLT4-s74478-23andme-run1-ILMN-0-D0-PCR-FREE-ILMN-NOVASEQ.17.out
1656	PENDING	sentieon_bwa_sort-20260507-LH01106-0005-A23K3JVLT4-s77700-23andme-run1-ILMN-0-D0-PCR-FREE-ILMN-NOVASEQ --output=logs/slurm/sentieon_bwa_sort/sentieon_bwa_sort.20260507-LH01106-0005-A23K3JVLT4-s77700-23andme-run1-ILMN-0-D0-PCR-FREE-ILMN-NOVASEQ.157.out
1657	PENDING	sentieon_bwa_sort-20260507-LH01106-0005-A23K3JVLT4-s77735-23andme-run1-ILMN-0-D0-PCR-FREE-ILMN-NOVASEQ --output=logs/slurm/sentieon_bwa_sort/sentieon_bwa_sort.20260507-LH01106-0005-A23K3JVLT4-s77735-23andme-run1-ILMN-0-D0-PCR-FREE-ILMN-NOVASEQ.297.out
1658	PENDING	sentieon_bwa_sort-20260507-LH01106-0005-A23K3JVLT4-s77783-23andme-run1-ILMN-0-D0-PCR-FREE-ILMN-NOVASEQ --output=logs/slurm/sentieon_bwa_sort/sentieon_bwa_sort.20260507-LH01106-0005-A23K3JVLT4-s77783-23andme-run1-ILMN-0-D0-PCR-FREE-ILMN-NOVASEQ.437.out
1659	PENDING	sentieon_bwa_sort-20260507-LH01106-0005-A23K3JVLT4-s77705-23andme-run1-ILMN-0-D0-PCR-FREE-ILMN-NOVASEQ --output=logs/slurm/sentieon_bwa_sort/sentieon_bwa_sort.20260507-LH01106-0005-A23K3JVLT4-s77705-23andme-run1-ILMN-0-D0-PCR-FREE-ILMN-NOVASEQ.182.out
1660	PENDING	sentieon_bwa_sort-20260507-LH01106-0005-A23K3JVLT4-s77748-23andme-run1-ILMN-0-D0-PCR-FREE-ILMN-NOVASEQ --output=logs/slurm/sentieon_bwa_sort/sentieon_bwa_sort.20260507-LH01106-0005-A23K3JVLT4-s77748-23andme-run1-ILMN-0-D0-PCR-FREE-ILMN-NOVASEQ.322.out
1661	PENDING	sentieon_bwa_sort-20260507-LH01106-0005-A23K3JVLT4-s77790-23andme-run1-ILMN-0-D0-PCR-FREE-ILMN-NOVASEQ --output=logs/slurm/sentieon_bwa_sort/sentieon_bwa_sort.20260507-LH01106-0005-A23K3JVLT4-s77790-23andme-run1-ILMN-0-D0-PCR-FREE-ILMN-NOVASEQ.462.out
1662	PENDING	sentieon_bwa_sort-20260507-LH01106-0005-A23K3JVLT4-s77685-23andme-run1-ILMN-0-D0-PCR-FREE-ILMN-NOVASEQ --output=logs/slurm/sentieon_bwa_sort/sentieon_bwa_sort.20260507-LH01106-0005-A23K3JVLT4-s77685-23andme-run1-ILMN-0-D0-PCR-FREE-ILMN-NOVASEQ.112.out
1663	PENDING	sentieon_bwa_sort-20260507-LH01106-0005-A23K3JVLT4-s77721-23andme-run1-ILMN-0-D0-PCR-FREE-ILMN-NOVASEQ --output=logs/slurm/sentieon_bwa_sort/sentieon_bwa_sort.20260507-LH01106-0005-A23K3JVLT4-s77721-23andme-run1-ILMN-0-D0-PCR-FREE-ILMN-NOVASEQ.252.out
1664	PENDING	sentieon_bwa_sort-20260507-LH01106-0005-A23K3JVLT4-s77766-23andme-run1-ILMN-0-D0-PCR-FREE-ILMN-NOVASEQ --output=logs/slurm/sentieon_bwa_sort/sentieon_bwa_sort.20260507-LH01106-0005-A23K3JVLT4-s77766-23andme-run1-ILMN-0-D0-PCR-FREE-ILMN-NOVASEQ.392.out
1665	PENDING	sentieon_bwa_sort-20260507-LH01106-0005-A23K3JVLT4-s77483-23andme-run1-ILMN-0-D0-PCR-FREE-ILMN-NOVASEQ --output=logs/slurm/sentieon_bwa_sort/sentieon_bwa_sort.20260507-LH01106-0005-A23K3JVLT4-s77483-23andme-run1-ILMN-0-D0-PCR-FREE-ILMN-NOVASEQ.42.out
1666	PENDING	sentieon_bwa_sort-20260507-LH01106-0005-A23K3JVLT4-s77691-23andme-run1-ILMN-0-D0-PCR-FREE-ILMN-NOVASEQ --output=logs/slurm/sentieon_bwa_sort/sentieon_bwa_sort.20260507-LH01106-0005-A23K3JVLT4-s77691-23andme-run1-ILMN-0-D0-PCR-FREE-ILMN-NOVASEQ.137.out
1667	PENDING	sentieon_bwa_sort-20260507-LH01106-0005-A23K3JVLT4-s77726-23andme-run1-ILMN-0-D0-PCR-FREE-ILMN-NOVASEQ --output=logs/slurm/sentieon_bwa_sort/sentieon_bwa_sort.20260507-LH01106-0005-A23K3JVLT4-s77726-23andme-run1-ILMN-0-D0-PCR-FREE-ILMN-NOVASEQ.277.out
1668	PENDING	sentieon_bwa_sort-20260507-LH01106-0005-A23K3JVLT4-s77773-23andme-run1-ILMN-0-D0-PCR-FREE-ILMN-NOVASEQ --output=logs/slurm/sentieon_bwa_sort/sentieon_bwa_sort.20260507-LH01106-0005-A23K3JVLT4-s77773-23andme-run1-ILMN-0-D0-PCR-FREE-ILMN-NOVASEQ.417.out
1669	PENDING	sentieon_bwa_sort-20260507-LH01106-0005-A23K3JVLT4-s77674-23andme-run1-ILMN-0-D0-PCR-FREE-ILMN-NOVASEQ --output=logs/slurm/sentieon_bwa_sort/sentieon_bwa_sort.20260507-LH01106-0005-A23K3JVLT4-s77674-23andme-run1-ILMN-0-D0-PCR-FREE-ILMN-NOVASEQ.67.out
1670	PENDING	sentieon_bwa_sort-20260507-LH01106-0005-A23K3JVLT4-s77712-23andme-run1-ILMN-0-D0-PCR-FREE-ILMN-NOVASEQ --output=logs/slurm/sentieon_bwa_sort/sentieon_bwa_sort.20260507-LH01106-0005-A23K3JVLT4-s77712-23andme-run1-ILMN-0-D0-PCR-FREE-ILMN-NOVASEQ.207.out
1671	PENDING	sentieon_bwa_sort-20260507-LH01106-0005-A23K3JVLT4-s77757-23andme-run1-ILMN-0-D0-PCR-FREE-ILMN-NOVASEQ --output=logs/slurm/sentieon_bwa_sort/sentieon_bwa_sort.20260507-LH01106-0005-A23K3JVLT4-s77757-23andme-run1-ILMN-0-D0-PCR-FREE-ILMN-NOVASEQ.347.out
1672	PENDING	sentieon_bwa_sort-20260507-LH01106-0005-A23K3JVLT4-s77680-23andme-run1-ILMN-0-D0-PCR-FREE-ILMN-NOVASEQ --output=logs/slurm/sentieon_bwa_sort/sentieon_bwa_sort.20260507-LH01106-0005-A23K3JVLT4-s77680-23andme-run1-ILMN-0-D0-PCR-FREE-ILMN-NOVASEQ.92.out
1673	PENDING	sentieon_bwa_sort-20260507-LH01106-0005-A23K3JVLT4-s77717-23andme-run1-ILMN-0-D0-PCR-FREE-ILMN-NOVASEQ --output=logs/slurm/sentieon_bwa_sort/sentieon_bwa_sort.20260507-LH01106-0005-A23K3JVLT4-s77717-23andme-run1-ILMN-0-D0-PCR-FREE-ILMN-NOVASEQ.232.out
1674	PENDING	sentieon_bwa_sort-20260507-LH01106-0005-A23K3JVLT4-s77762-23andme-run1-ILMN-0-D0-PCR-FREE-ILMN-NOVASEQ --output=logs/slurm/sentieon_bwa_sort/sentieon_bwa_sort.20260507-LH01106-0005-A23K3JVLT4-s77762-23andme-run1-ILMN-0-D0-PCR-FREE-ILMN-NOVASEQ.372.out
1675	PENDING	sentieon_bwa_sort-20260507-LH01106-0005-A23K3JVLT4-s77701-23andme-run1-ILMN-0-D0-PCR-FREE-ILMN-NOVASEQ --output=logs/slurm/sentieon_bwa_sort/sentieon_bwa_sort.20260507-LH01106-0005-A23K3JVLT4-s77701-23andme-run1-ILMN-0-D0-PCR-FREE-ILMN-NOVASEQ.162.out
1676	PENDING	sentieon_bwa_sort-20260507-LH01106-0005-A23K3JVLT4-s77736-23andme-run1-ILMN-0-D0-PCR-FREE-ILMN-NOVASEQ --output=logs/slurm/sentieon_bwa_sort/sentieon_bwa_sort.20260507-LH01106-0005-A23K3JVLT4-s77736-23andme-run1-ILMN-0-D0-PCR-FREE-ILMN-NOVASEQ.302.out
1677	PENDING	sentieon_bwa_sort-20260507-LH01106-0005-A23K3JVLT4-s77784-23andme-run1-ILMN-0-D0-PCR-FREE-ILMN-NOVASEQ --output=logs/slurm/sentieon_bwa_sort/sentieon_bwa_sort.20260507-LH01106-0005-A23K3JVLT4-s77784-23andme-run1-ILMN-0-D0-PCR-FREE-ILMN-NOVASEQ.442.out
1678	PENDING	sentieon_bwa_sort-20260507-LH01106-0005-A23K3JVLT4-s77407-23andme-run1-ILMN-0-D0-PCR-FREE-ILMN-NOVASEQ --output=logs/slurm/sentieon_bwa_sort/sentieon_bwa_sort.20260507-LH01106-0005-A23K3JVLT4-s77407-23andme-run1-ILMN-0-D0-PCR-FREE-ILMN-NOVASEQ.22.out
1679	PENDING	sentieon_bwa_sort-20260507-LH01106-0005-A23K3JVLT4-s77706-23andme-run1-ILMN-0-D0-PCR-FREE-ILMN-NOVASEQ --output=logs/slurm/sentieon_bwa_sort/sentieon_bwa_sort.20260507-LH01106-0005-A23K3JVLT4-s77706-23andme-run1-ILMN-0-D0-PCR-FREE-ILMN-NOVASEQ.187.out
1680	PENDING	sentieon_bwa_sort-20260507-LH01106-0005-A23K3JVLT4-s77750-23andme-run1-ILMN-0-D0-PCR-FREE-ILMN-NOVASEQ --output=logs/slurm/sentieon_bwa_sort/sentieon_bwa_sort.20260507-LH01106-0005-A23K3JVLT4-s77750-23andme-run1-ILMN-0-D0-PCR-FREE-ILMN-NOVASEQ.327.out
1681	PENDING	sentieon_bwa_sort-20260507-LH01106-0005-A23K3JVLT4-s77791-23andme-run1-ILMN-0-D0-PCR-FREE-ILMN-NOVASEQ --output=logs/slurm/sentieon_bwa_sort/sentieon_bwa_sort.20260507-LH01106-0005-A23K3JVLT4-s77791-23andme-run1-ILMN-0-D0-PCR-FREE-ILMN-NOVASEQ.467.out
1682	PENDING	sentieon_bwa_sort-20260507-LH01106-0005-A23K3JVLT4-s77687-23andme-run1-ILMN-0-D0-PCR-FREE-ILMN-NOVASEQ --output=logs/slurm/sentieon_bwa_sort/sentieon_bwa_sort.20260507-LH01106-0005-A23K3JVLT4-s77687-23andme-run1-ILMN-0-D0-PCR-FREE-ILMN-NOVASEQ.117.out
1683	PENDING	sentieon_bwa_sort-20260507-LH01106-0005-A23K3JVLT4-s77722-23andme-run1-ILMN-0-D0-PCR-FREE-ILMN-NOVASEQ --output=logs/slurm/sentieon_bwa_sort/sentieon_bwa_sort.20260507-LH01106-0005-A23K3JVLT4-s77722-23andme-run1-ILMN-0-D0-PCR-FREE-ILMN-NOVASEQ.257.out
1684	PENDING	sentieon_bwa_sort-20260507-LH01106-0005-A23K3JVLT4-s77767-23andme-run1-ILMN-0-D0-PCR-FREE-ILMN-NOVASEQ --output=logs/slurm/sentieon_bwa_sort/sentieon_bwa_sort.20260507-LH01106-0005-A23K3JVLT4-s77767-23andme-run1-ILMN-0-D0-PCR-FREE-ILMN-NOVASEQ.397.out
1685	PENDING	sentieon_bwa_sort-20260507-LH01106-0005-A23K3JVLT4-s77702-23andme-run1-ILMN-0-D0-PCR-FREE-ILMN-NOVASEQ --output=logs/slurm/sentieon_bwa_sort/sentieon_bwa_sort.20260507-LH01106-0005-A23K3JVLT4-s77702-23andme-run1-ILMN-0-D0-PCR-FREE-ILMN-NOVASEQ.167.out
1686	PENDING	sentieon_bwa_sort-20260507-LH01106-0005-A23K3JVLT4-s77586-23andme-run1-ILMN-0-D0-PCR-FREE-ILMN-NOVASEQ --output=logs/slurm/sentieon_bwa_sort/sentieon_bwa_sort.20260507-LH01106-0005-A23K3JVLT4-s77586-23andme-run1-ILMN-0-D0-PCR-FREE-ILMN-NOVASEQ.47.out
1687	PENDING	sentieon_bwa_sort-20260507-LH01106-0005-A23K3JVLT4-s77694-23andme-run1-ILMN-0-D0-PCR-FREE-ILMN-NOVASEQ --output=logs/slurm/sentieon_bwa_sort/sentieon_bwa_sort.20260507-LH01106-0005-A23K3JVLT4-s77694-23andme-r--output truncated--