remote_fsx_stage=/fsx/data/staged_sample_data/remote_stage_20260510T130308Z
merged_fastq_jobs=192
samples_rows=96
units_rows=96
[1/192] skip s3://lsmc-dayoa-omics-analysis-us-west-2/data/staged_sample_data/remote_stage_20260510T130308Z/20260507-LH01106-0005-A23K3JVLT4_s77586-NOVASEQ-PCR-FREE-gdna-23andme-run1-ILMN_D0_0/20260507-LH01106-0005-A23K3JVLT4_s77586-NOVASEQ-PCR-FREE-gdna-23andme-run1-ILMN_D0_0_merged_R1.fastq.gz
[2/192] skip s3://lsmc-dayoa-omics-analysis-us-west-2/data/staged_sample_data/remote_stage_20260510T130308Z/20260507-LH01106-0005-A23K3JVLT4_s77612-NOVASEQ-PCR-FREE-gdna-23andme-run1-ILMN_D0_0/20260507-LH01106-0005-A23K3JVLT4_s77612-NOVASEQ-PCR-FREE-gdna-23andme-run1-ILMN_D0_0_merged_R2.fastq.gz
[3/192] skip s3://lsmc-dayoa-omics-analysis-us-west-2/data/staged_sample_data/remote_stage_20260510T130308Z/20260507-LH01106-0005-A23K3JVLT4_s77669-NOVASEQ-PCR-FREE-gdna-23andme-run1-ILMN_D0_0/20260507-LH01106-0005-A23K3JVLT4_s77669-NOVASEQ-PCR-FREE-gdna-23andme-run1-ILMN_D0_0_merged_R1.fastq.gz
[4/192] skip s3://lsmc-dayoa-omics-analysis-us-west-2/data/staged_sample_data/remote_stage_20260510T130308Z/20260507-LH01106-0005-A23K3JVLT4_LSMC-HG003-NOVASEQ-PCR-FREE-gdna-23andme-run1-ILMN_D0_0/20260507-LH01106-0005-A23K3JVLT4_LSMC-HG003-NOVASEQ-PCR-FREE-gdna-23andme-run1-ILMN_D0_0_merged_R2.fastq.gz
[5/192] skip s3://lsmc-dayoa-omics-analysis-us-west-2/data/staged_sample_data/remote_stage_20260510T130308Z/20260507-LH01106-0005-A23K3JVLT4_s77672-NOVASEQ-PCR-FREE-gdna-23andme-run1-ILMN_D0_0/20260507-LH01106-0005-A23K3JVLT4_s77672-NOVASEQ-PCR-FREE-gdna-23andme-run1-ILMN_D0_0_merged_R1.fastq.gz
[6/192] skip s3://lsmc-dayoa-omics-analysis-us-west-2/data/staged_sample_data/remote_stage_20260510T130308Z/20260507-LH01106-0005-A23K3JVLT4_s77483-NOVASEQ-PCR-FREE-gdna-23andme-run1-ILMN_D0_0/20260507-LH01106-0005-A23K3JVLT4_s77483-NOVASEQ-PCR-FREE-gdna-23andme-run1-ILMN_D0_0_merged_R2.fastq.gz
[7/192] skip s3://lsmc-dayoa-omics-analysis-us-west-2/data/staged_sample_data/remote_stage_20260510T130308Z/20260507-LH01106-0005-A23K3JVLT4_LSMC-HG003-NOVASEQ-PCR-FREE-gdna-23andme-run1-ILMN_D0_0/20260507-LH01106-0005-A23K3JVLT4_LSMC-HG003-NOVASEQ-PCR-FREE-gdna-23andme-run1-ILMN_D0_0_merged_R1.fastq.gz
[8/192] skip s3://lsmc-dayoa-omics-analysis-us-west-2/data/staged_sample_data/remote_stage_20260510T130308Z/20260507-LH01106-0005-A23K3JVLT4_s77483-NOVASEQ-PCR-FREE-gdna-23andme-run1-ILMN_D0_0/20260507-LH01106-0005-A23K3JVLT4_s77483-NOVASEQ-PCR-FREE-gdna-23andme-run1-ILMN_D0_0_merged_R1.fastq.gz
[9/192] skip s3://lsmc-dayoa-omics-analysis-us-west-2/data/staged_sample_data/remote_stage_20260510T130308Z/20260507-LH01106-0005-A23K3JVLT4_s77414-NOVASEQ-PCR-FREE-gdna-23andme-run1-ILMN_D0_0/20260507-LH01106-0005-A23K3JVLT4_s77414-NOVASEQ-PCR-FREE-gdna-23andme-run1-ILMN_D0_0_merged_R1.fastq.gz
[10/192] skip s3://lsmc-dayoa-omics-analysis-us-west-2/data/staged_sample_data/remote_stage_20260510T130308Z/20260507-LH01106-0005-A23K3JVLT4_s77407-NOVASEQ-PCR-FREE-gdna-23andme-run1-ILMN_D0_0/20260507-LH01106-0005-A23K3JVLT4_s77407-NOVASEQ-PCR-FREE-gdna-23andme-run1-ILMN_D0_0_merged_R2.fastq.gz
[11/192] skip s3://lsmc-dayoa-omics-analysis-us-west-2/data/staged_sample_data/remote_stage_20260510T130308Z/20260507-LH01106-0005-A23K3JVLT4_s77612-NOVASEQ-PCR-FREE-gdna-23andme-run1-ILMN_D0_0/20260507-LH01106-0005-A23K3JVLT4_s77612-NOVASEQ-PCR-FREE-gdna-23andme-run1-ILMN_D0_0_merged_R1.fastq.gz
[12/192] skip s3://lsmc-dayoa-omics-analysis-us-west-2/data/staged_sample_data/remote_stage_20260510T130308Z/20260507-LH01106-0005-A23K3JVLT4_s77409-NOVASEQ-PCR-FREE-gdna-23andme-run1-ILMN_D0_0/20260507-LH01106-0005-A23K3JVLT4_s77409-NOVASEQ-PCR-FREE-gdna-23andme-run1-ILMN_D0_0_merged_R1.fastq.gz
[13/192] skip s3://lsmc-dayoa-omics-analysis-us-west-2/data/staged_sample_data/remote_stage_20260510T130308Z/20260507-LH01106-0005-A23K3JVLT4_s77669-NOVASEQ-PCR-FREE-gdna-23andme-run1-ILMN_D0_0/20260507-LH01106-0005-A23K3JVLT4_s77669-NOVASEQ-PCR-FREE-gdna-23andme-run1-ILMN_D0_0_merged_R2.fastq.gz
[14/192] skip s3://lsmc-dayoa-omics-analysis-us-west-2/data/staged_sample_data/remote_stage_20260510T130308Z/20260507-LH01106-0005-A23K3JVLT4_s77586-NOVASEQ-PCR-FREE-gdna-23andme-run1-ILMN_D0_0/20260507-LH01106-0005-A23K3JVLT4_s77586-NOVASEQ-PCR-FREE-gdna-23andme-run1-ILMN_D0_0_merged_R2.fastq.gz
[15/192] skip s3://lsmc-dayoa-omics-analysis-us-west-2/data/staged_sample_data/remote_stage_20260510T130308Z/20260507-LH01106-0005-A23K3JVLT4_s77407-NOVASEQ-PCR-FREE-gdna-23andme-run1-ILMN_D0_0/20260507-LH01106-0005-A23K3JVLT4_s77407-NOVASEQ-PCR-FREE-gdna-23andme-run1-ILMN_D0_0_merged_R1.fastq.gz
[16/192] skip s3://lsmc-dayoa-omics-analysis-us-west-2/data/staged_sample_data/remote_stage_20260510T130308Z/20260507-LH01106-0005-A23K3JVLT4_s77672-NOVASEQ-PCR-FREE-gdna-23andme-run1-ILMN_D0_0/20260507-LH01106-0005-A23K3JVLT4_s77672-NOVASEQ-PCR-FREE-gdna-23andme-run1-ILMN_D0_0_merged_R2.fastq.gz
[17/192] skip s3://lsmc-dayoa-omics-analysis-us-west-2/data/staged_sample_data/remote_stage_20260510T130308Z/20260507-LH01106-0005-A23K3JVLT4_s77409-NOVASEQ-PCR-FREE-gdna-23andme-run1-ILMN_D0_0/20260507-LH01106-0005-A23K3JVLT4_s77409-NOVASEQ-PCR-FREE-gdna-23andme-run1-ILMN_D0_0_merged_R2.fastq.gz
[18/192] skip s3://lsmc-dayoa-omics-analysis-us-west-2/data/staged_sample_data/remote_stage_20260510T130308Z/20260507-LH01106-0005-A23K3JVLT4_s74478-NOVASEQ-PCR-FREE-gdna-23andme-run1-ILMN_D0_0/20260507-LH01106-0005-A23K3JVLT4_s74478-NOVASEQ-PCR-FREE-gdna-23andme-run1-ILMN_D0_0_merged_R1.fastq.gz
[19/192] skip s3://lsmc-dayoa-omics-analysis-us-west-2/data/staged_sample_data/remote_stage_20260510T130308Z/20260507-LH01106-0005-A23K3JVLT4_s77433-NOVASEQ-PCR-FREE-gdna-23andme-run1-ILMN_D0_0/20260507-LH01106-0005-A23K3JVLT4_s77433-NOVASEQ-PCR-FREE-gdna-23andme-run1-ILMN_D0_0_merged_R1.fastq.gz
[20/192] skip s3://lsmc-dayoa-omics-analysis-us-west-2/data/staged_sample_data/remote_stage_20260510T130308Z/20260507-LH01106-0005-A23K3JVLT4_s77433-NOVASEQ-PCR-FREE-gdna-23andme-run1-ILMN_D0_0/20260507-LH01106-0005-A23K3JVLT4_s77433-NOVASEQ-PCR-FREE-gdna-23andme-run1-ILMN_D0_0_merged_R2.fastq.gz
[21/192] skip s3://lsmc-dayoa-omics-analysis-us-west-2/data/staged_sample_data/remote_stage_20260510T130308Z/20260507-LH01106-0005-A23K3JVLT4_s77414-NOVASEQ-PCR-FREE-gdna-23andme-run1-ILMN_D0_0/20260507-LH01106-0005-A23K3JVLT4_s77414-NOVASEQ-PCR-FREE-gdna-23andme-run1-ILMN_D0_0_merged_R2.fastq.gz
[22/192] skip s3://lsmc-dayoa-omics-analysis-us-west-2/data/staged_sample_data/remote_stage_20260510T130308Z/20260507-LH01106-0005-A23K3JVLT4_s74478-NOVASEQ-PCR-FREE-gdna-23andme-run1-ILMN_D0_0/20260507-LH01106-0005-A23K3JVLT4_s74478-NOVASEQ-PCR-FREE-gdna-23andme-run1-ILMN_D0_0_merged_R2.fastq.gz
[23/192] skip s3://lsmc-dayoa-omics-analysis-us-west-2/data/staged_sample_data/remote_stage_20260510T130308Z/20260507-LH01106-0005-A23K3JVLT4_s77674-NOVASEQ-PCR-FREE-gdna-23andme-run1-ILMN_D0_0/20260507-LH01106-0005-A23K3JVLT4_s77674-NOVASEQ-PCR-FREE-gdna-23andme-run1-ILMN_D0_0_merged_R1.fastq.gz
[24/192] skip s3://lsmc-dayoa-omics-analysis-us-west-2/data/staged_sample_data/remote_stage_20260510T130308Z/20260507-LH01106-0005-A23K3JVLT4_s77676-NOVASEQ-PCR-FREE-gdna-23andme-run1-ILMN_D0_0/20260507-LH01106-0005-A23K3JVLT4_s77676-NOVASEQ-PCR-FREE-gdna-23andme-run1-ILMN_D0_0_merged_R1.fastq.gz
[25/192] skip s3://lsmc-dayoa-omics-analysis-us-west-2/data/staged_sample_data/remote_stage_20260510T130308Z/20260507-LH01106-0005-A23K3JVLT4_s77676-NOVASEQ-PCR-FREE-gdna-23andme-run1-ILMN_D0_0/20260507-LH01106-0005-A23K3JVLT4_s77676-NOVASEQ-PCR-FREE-gdna-23andme-run1-ILMN_D0_0_merged_R2.fastq.gz
[26/192] skip s3://lsmc-dayoa-omics-analysis-us-west-2/data/staged_sample_data/remote_stage_20260510T130308Z/20260507-LH01106-0005-A23K3JVLT4_s77677-NOVASEQ-PCR-FREE-gdna-23andme-run1-ILMN_D0_0/20260507-LH01106-0005-A23K3JVLT4_s77677-NOVASEQ-PCR-FREE-gdna-23andme-run1-ILMN_D0_0_merged_R2.fastq.gz
[27/192] skip s3://lsmc-dayoa-omics-analysis-us-west-2/data/staged_sample_data/remote_stage_20260510T130308Z/20260507-LH01106-0005-A23K3JVLT4_s77674-NOVASEQ-PCR-FREE-gdna-23andme-run1-ILMN_D0_0/20260507-LH01106-0005-A23K3JVLT4_s77674-NOVASEQ-PCR-FREE-gdna-23andme-run1-ILMN_D0_0_merged_R2.fastq.gz
[28/192] skip s3://lsmc-dayoa-omics-analysis-us-west-2/data/staged_sample_data/remote_stage_20260510T130308Z/20260507-LH01106-0005-A23K3JVLT4_s77678-NOVASEQ-PCR-FREE-gdna-23andme-run1-ILMN_D0_0/20260507-LH01106-0005-A23K3JVLT4_s77678-NOVASEQ-PCR-FREE-gdna-23andme-run1-ILMN_D0_0_merged_R1.fastq.gz
[29/192] skip s3://lsmc-dayoa-omics-analysis-us-west-2/data/staged_sample_data/remote_stage_20260510T130308Z/20260507-LH01106-0005-A23K3JVLT4_s77678-NOVASEQ-PCR-FREE-gdna-23andme-run1-ILMN_D0_0/20260507-LH01106-0005-A23K3JVLT4_s77678-NOVASEQ-PCR-FREE-gdna-23andme-run1-ILMN_D0_0_merged_R2.fastq.gz
[30/192] skip s3://lsmc-dayoa-omics-analysis-us-west-2/data/staged_sample_data/remote_stage_20260510T130308Z/20260507-LH01106-0005-A23K3JVLT4_s77679-NOVASEQ-PCR-FREE-gdna-23andme-run1-ILMN_D0_0/20260507-LH01106-0005-A23K3JVLT4_s77679-NOVASEQ-PCR-FREE-gdna-23andme-run1-ILMN_D0_0_merged_R2.fastq.gz
[31/192] skip s3://lsmc-dayoa-omics-analysis-us-west-2/data/staged_sample_data/remote_stage_20260510T130308Z/20260507-LH01106-0005-A23K3JVLT4_s77677-NOVASEQ-PCR-FREE-gdna-23andme-run1-ILMN_D0_0/20260507-LH01106-0005-A23K3JVLT4_s77677-NOVASEQ-PCR-FREE-gdna-23andme-run1-ILMN_D0_0_merged_R1.fastq.gz
[32/192] skip s3://lsmc-dayoa-omics-analysis-us-west-2/data/staged_sample_data/remote_stage_20260510T130308Z/20260507-LH01106-0005-A23K3JVLT4_s77679-NOVASEQ-PCR-FREE-gdna-23andme-run1-ILMN_D0_0/20260507-LH01106-0005-A23K3JVLT4_s77679-NOVASEQ-PCR-FREE-gdna-23andme-run1-ILMN_D0_0_merged_R1.fastq.gz
[33/192] skip s3://lsmc-dayoa-omics-analysis-us-west-2/data/staged_sample_data/remote_stage_20260510T130308Z/20260507-LH01106-0005-A23K3JVLT4_s77683-NOVASEQ-PCR-FREE-gdna-23andme-run1-ILMN_D0_0/20260507-LH01106-0005-A23K3JVLT4_s77683-NOVASEQ-PCR-FREE-gdna-23andme-run1-ILMN_D0_0_merged_R1.fastq.gz
[34/192] skip s3://lsmc-dayoa-omics-analysis-us-west-2/data/staged_sample_data/remote_stage_20260510T130308Z/20260507-LH01106-0005-A23K3JVLT4_s77685-NOVASEQ-PCR-FREE-gdna-23andme-run1-ILMN_D0_0/20260507-LH01106-0005-A23K3JVLT4_s77685-NOVASEQ-PCR-FREE-gdna-23andme-run1-ILMN_D0_0_merged_R2.fastq.gz
[35/192] skip s3://lsmc-dayoa-omics-analysis-us-west-2/data/staged_sample_data/remote_stage_20260510T130308Z/20260507-LH01106-0005-A23K3JVLT4_s77683-NOVASEQ-PCR-FREE-gdna-23andme-run1-ILMN_D0_0/20260507-LH01106-0005-A23K3JVLT4_s77683-NOVASEQ-PCR-FREE-gdna-23andme-run1-ILMN_D0_0_merged_R2.fastq.gz
[36/192] skip s3://lsmc-dayoa-omics-analysis-us-west-2/data/staged_sample_data/remote_stage_20260510T130308Z/20260507-LH01106-0005-A23K3JVLT4_s77681-NOVASEQ-PCR-FREE-gdna-23andme-run1-ILMN_D0_0/20260507-LH01106-0005-A23K3JVLT4_s77681-NOVASEQ-PCR-FREE-gdna-23andme-run1-ILMN_D0_0_merged_R2.fastq.gz
[37/192] skip s3://lsmc-dayoa-omics-analysis-us-west-2/data/staged_sample_data/remote_stage_20260510T130308Z/20260507-LH01106-0005-A23K3JVLT4_s77681-NOVASEQ-PCR-FREE-gdna-23andme-run1-ILMN_D0_0/20260507-LH01106-0005-A23K3JVLT4_s77681-NOVASEQ-PCR-FREE-gdna-23andme-run1-ILMN_D0_0_merged_R1.fastq.gz
[38/192] skip s3://lsmc-dayoa-omics-analysis-us-west-2/data/staged_sample_data/remote_stage_20260510T130308Z/20260507-LH01106-0005-A23K3JVLT4_s77684-NOVASEQ-PCR-FREE-gdna-23andme-run1-ILMN_D0_0/20260507-LH01106-0005-A23K3JVLT4_s77684-NOVASEQ-PCR-FREE-gdna-23andme-run1-ILMN_D0_0_merged_R1.fastq.gz
[39/192] skip s3://lsmc-dayoa-omics-analysis-us-west-2/data/staged_sample_data/remote_stage_20260510T130308Z/20260507-LH01106-0005-A23K3JVLT4_s77680-NOVASEQ-PCR-FREE-gdna-23andme-run1-ILMN_D0_0/20260507-LH01106-0005-A23K3JVLT4_s77680-NOVASEQ-PCR-FREE-gdna-23andme-run1-ILMN_D0_0_merged_R1.fastq.gz
[40/192] skip s3://lsmc-dayoa-omics-analysis-us-west-2/data/staged_sample_data/remote_stage_20260510T130308Z/20260507-LH01106-0005-A23K3JVLT4_s77680-NOVASEQ-PCR-FREE-gdna-23andme-run1-ILMN_D0_0/20260507-LH01106-0005-A23K3JVLT4_s77680-NOVASEQ-PCR-FREE-gdna-23andme-run1-ILMN_D0_0_merged_R2.fastq.gz
[41/192] skip s3://lsmc-dayoa-omics-analysis-us-west-2/data/staged_sample_data/remote_stage_20260510T130308Z/20260507-LH01106-0005-A23K3JVLT4_s77685-NOVASEQ-PCR-FREE-gdna-23andme-run1-ILMN_D0_0/20260507-LH01106-0005-A23K3JVLT4_s77685-NOVASEQ-PCR-FREE-gdna-23andme-run1-ILMN_D0_0_merged_R1.fastq.gz
[42/192] skip s3://lsmc-dayoa-omics-analysis-us-west-2/data/staged_sample_data/remote_stage_20260510T130308Z/20260507-LH01106-0005-A23K3JVLT4_s77687-NOVASEQ-PCR-FREE-gdna-23andme-run1-ILMN_D0_0/20260507-LH01106-0005-A23K3JVLT4_s77687-NOVASEQ-PCR-FREE-gdna-23andme-run1-ILMN_D0_0_merged_R2.fastq.gz
[43/192] skip s3://lsmc-dayoa-omics-analysis-us-west-2/data/staged_sample_data/remote_stage_20260510T130308Z/20260507-LH01106-0005-A23K3JVLT4_s77684-NOVASEQ-PCR-FREE-gdna-23andme-run1-ILMN_D0_0/20260507-LH01106-0005-A23K3JVLT4_s77684-NOVASEQ-PCR-FREE-gdna-23andme-run1-ILMN_D0_0_merged_R2.fastq.gz
[44/192] skip s3://lsmc-dayoa-omics-analysis-us-west-2/data/staged_sample_data/remote_stage_20260510T130308Z/20260507-LH01106-0005-A23K3JVLT4_s77687-NOVASEQ-PCR-FREE-gdna-23andme-run1-ILMN_D0_0/20260507-LH01106-0005-A23K3JVLT4_s77687-NOVASEQ-PCR-FREE-gdna-23andme-run1-ILMN_D0_0_merged_R1.fastq.gz
[45/192] skip s3://lsmc-dayoa-omics-analysis-us-west-2/data/staged_sample_data/remote_stage_20260510T130308Z/20260507-LH01106-0005-A23K3JVLT4_s77688-NOVASEQ-PCR-FREE-gdna-23andme-run1-ILMN_D0_0/20260507-LH01106-0005-A23K3JVLT4_s77688-NOVASEQ-PCR-FREE-gdna-23andme-run1-ILMN_D0_0_merged_R1.fastq.gz
[46/192] skip s3://lsmc-dayoa-omics-analysis-us-west-2/data/staged_sample_data/remote_stage_20260510T130308Z/20260507-LH01106-0005-A23K3JVLT4_s77688-NOVASEQ-PCR-FREE-gdna-23andme-run1-ILMN_D0_0/20260507-LH01106-0005-A23K3JVLT4_s77688-NOVASEQ-PCR-FREE-gdna-23andme-run1-ILMN_D0_0_merged_R2.fastq.gz
[47/192] skip s3://lsmc-dayoa-omics-analysis-us-west-2/data/staged_sample_data/remote_stage_20260510T130308Z/20260507-LH01106-0005-A23K3JVLT4_s77689-NOVASEQ-PCR-FREE-gdna-23andme-run1-ILMN_D0_0/20260507-LH01106-0005-A23K3JVLT4_s77689-NOVASEQ-PCR-FREE-gdna-23andme-run1-ILMN_D0_0_merged_R2.fastq.gz
[48/192] skip s3://lsmc-dayoa-omics-analysis-us-west-2/data/staged_sample_data/remote_stage_20260510T130308Z/20260507-LH01106-0005-A23K3JVLT4_s77689-NOVASEQ-PCR-FREE-gdna-23andme-run1-ILMN_D0_0/20260507-LH01106-0005-A23K3JVLT4_s77689-NOVASEQ-PCR-FREE-gdna-23andme-run1-ILMN_D0_0_merged_R1.fastq.gz
[49/192] skip s3://lsmc-dayoa-omics-analysis-us-west-2/data/staged_sample_data/remote_stage_20260510T130308Z/20260507-LH01106-0005-A23K3JVLT4_s77690-NOVASEQ-PCR-FREE-gdna-23andme-run1-ILMN_D0_0/20260507-LH01106-0005-A23K3JVLT4_s77690-NOVASEQ-PCR-FREE-gdna-23andme-run1-ILMN_D0_0_merged_R1.fastq.gz
[50/192] skip s3://lsmc-dayoa-omics-analysis-us-west-2/data/staged_sample_data/remote_stage_20260510T130308Z/20260507-LH01106-0005-A23K3JVLT4_s77690-NOVASEQ-PCR-FREE-gdna-23andme-run1-ILMN_D0_0/20260507-LH01106-0005-A23K3JVLT4_s77690-NOVASEQ-PCR-FREE-gdna-23andme-run1-ILMN_D0_0_merged_R2.fastq.gz
[51/192] skip s3://lsmc-dayoa-omics-analysis-us-west-2/data/staged_sample_data/remote_stage_20260510T130308Z/20260507-LH01106-0005-A23K3JVLT4_s77694-NOVASEQ-PCR-FREE-gdna-23andme-run1-ILMN_D0_0/20260507-LH01106-0005-A23K3JVLT4_s77694-NOVASEQ-PCR-FREE-gdna-23andme-run1-ILMN_D0_0_merged_R1.fastq.gz
[52/192] skip s3://lsmc-dayoa-omics-analysis-us-west-2/data/staged_sample_data/remote_stage_20260510T130308Z/20260507-LH01106-0005-A23K3JVLT4_s77694-NOVASEQ-PCR-FREE-gdna-23andme-run1-ILMN_D0_0/20260507-LH01106-0005-A23K3JVLT4_s77694-NOVASEQ-PCR-FREE-gdna-23andme-run1-ILMN_D0_0_merged_R2.fastq.gz
[53/192] skip s3://lsmc-dayoa-omics-analysis-us-west-2/data/staged_sample_data/remote_stage_20260510T130308Z/20260507-LH01106-0005-A23K3JVLT4_s77691-NOVASEQ-PCR-FREE-gdna-23andme-run1-ILMN_D0_0/20260507-LH01106-0005-A23K3JVLT4_s77691-NOVASEQ-PCR-FREE-gdna-23andme-run1-ILMN_D0_0_merged_R1.fastq.gz
[54/192] skip s3://lsmc-dayoa-omics-analysis-us-west-2/data/staged_sample_data/remote_stage_20260510T130308Z/20260507-LH01106-0005-A23K3JVLT4_s77691-NOVASEQ-PCR-FREE-gdna-23andme-run1-ILMN_D0_0/20260507-LH01106-0005-A23K3JVLT4_s77691-NOVASEQ-PCR-FREE-gdna-23andme-run1-ILMN_D0_0_merged_R2.fastq.gz
[55/192] skip s3://lsmc-dayoa-omics-analysis-us-west-2/data/staged_sample_data/remote_stage_20260510T130308Z/20260507-LH01106-0005-A23K3JVLT4_s77695-NOVASEQ-PCR-FREE-gdna-23andme-run1-ILMN_D0_0/20260507-LH01106-0005-A23K3JVLT4_s77695-NOVASEQ-PCR-FREE-gdna-23andme-run1-ILMN_D0_0_merged_R1.fastq.gz
[56/192] skip s3://lsmc-dayoa-omics-analysis-us-west-2/data/staged_sample_data/remote_stage_20260510T130308Z/20260507-LH01106-0005-A23K3JVLT4_s77699-NOVASEQ-PCR-FREE-gdna-23andme-run1-ILMN_D0_0/20260507-LH01106-0005-A23K3JVLT4_s77699-NOVASEQ-PCR-FREE-gdna-23andme-run1-ILMN_D0_0_merged_R1.fastq.gz
[57/192] skip s3://lsmc-dayoa-omics-analysis-us-west-2/data/staged_sample_data/remote_stage_20260510T130308Z/20260507-LH01106-0005-A23K3JVLT4_s77695-NOVASEQ-PCR-FREE-gdna-23andme-run1-ILMN_D0_0/20260507-LH01106-0005-A23K3JVLT4_s77695-NOVASEQ-PCR-FREE-gdna-23andme-run1-ILMN_D0_0_merged_R2.fastq.gz
[58/192] skip s3://lsmc-dayoa-omics-analysis-us-west-2/data/staged_sample_data/remote_stage_20260510T130308Z/20260507-LH01106-0005-A23K3JVLT4_s77700-NOVASEQ-PCR-FREE-gdna-23andme-run1-ILMN_D0_0/20260507-LH01106-0005-A23K3JVLT4_s77700-NOVASEQ-PCR-FREE-gdna-23andme-run1-ILMN_D0_0_merged_R1.fastq.gz
[59/192] skip s3://lsmc-dayoa-omics-analysis-us-west-2/data/staged_sample_data/remote_stage_20260510T130308Z/20260507-LH01106-0005-A23K3JVLT4_s77700-NOVASEQ-PCR-FREE-gdna-23andme-run1-ILMN_D0_0/20260507-LH01106-0005-A23K3JVLT4_s77700-NOVASEQ-PCR-FREE-gdna-23andme-run1-ILMN_D0_0_merged_R2.fastq.gz
[60/192] skip s3://lsmc-dayoa-omics-analysis-us-west-2/data/staged_sample_data/remote_stage_20260510T130308Z/20260507-LH01106-0005-A23K3JVLT4_s77699-NOVASEQ-PCR-FREE-gdna-23andme-run1-ILMN_D0_0/20260507-LH01106-0005-A23K3JVLT4_s77699-NOVASEQ-PCR-FREE-gdna-23andme-run1-ILMN_D0_0_merged_R2.fastq.gz
[61/192] skip s3://lsmc-dayoa-omics-analysis-us-west-2/data/staged_sample_data/remote_stage_20260510T130308Z/20260507-LH01106-0005-A23K3JVLT4_s77701-NOVASEQ-PCR-FREE-gdna-23andme-run1-ILMN_D0_0/20260507-LH01106-0005-A23K3JVLT4_s77701-NOVASEQ-PCR-FREE-gdna-23andme-run1-ILMN_D0_0_merged_R2.fastq.gz
[62/192] skip s3://lsmc-dayoa-omics-analysis-us-west-2/data/staged_sample_data/remote_stage_20260510T130308Z/20260507-LH01106-0005-A23K3JVLT4_s77702-NOVASEQ-PCR-FREE-gdna-23andme-run1-ILMN_D0_0/20260507-LH01106-0005-A23K3JVLT4_s77702-NOVASEQ-PCR-FREE-gdna-23andme-run1-ILMN_D0_0_merged_R2.fastq.gz
[63/192] skip s3://lsmc-dayoa-omics-analysis-us-west-2/data/staged_sample_data/remote_stage_20260510T130308Z/20260507-LH01106-0005-A23K3JVLT4_s77702-NOVASEQ-PCR-FREE-gdna-23andme-run1-ILMN_D0_0/20260507-LH01106-0005-A23K3JVLT4_s77702-NOVASEQ-PCR-FREE-gdna-23andme-run1-ILMN_D0_0_merged_R1.fastq.gz
[64/192] skip s3://lsmc-dayoa-omics-analysis-us-west-2/data/staged_sample_data/remote_stage_20260510T130308Z/20260507-LH01106-0005-A23K3JVLT4_s77703-NOVASEQ-PCR-FREE-gdna-23andme-run1-ILMN_D0_0/20260507-LH01106-0005-A23K3JVLT4_s77703-NOVASEQ-PCR-FREE-gdna-23andme-run1-ILMN_D0_0_merged_R1.fastq.gz
[65/192] skip s3://lsmc-dayoa-omics-analysis-us-west-2/data/staged_sample_data/remote_stage_20260510T130308Z/20260507-LH01106-0005-A23K3JVLT4_s77701-NOVASEQ-PCR-FREE-gdna-23andme-run1-ILMN_D0_0/20260507-LH01106-0005-A23K3JVLT4_s77701-NOVASEQ-PCR-FREE-gdna-23andme-run1-ILMN_D0_0_merged_R1.fastq.gz
[66/192] skip s3://lsmc-dayoa-omics-analysis-us-west-2/data/staged_sample_data/remote_stage_20260510T130308Z/20260507-LH01106-0005-A23K3JVLT4_s77703-NOVASEQ-PCR-FREE-gdna-23andme-run1-ILMN_D0_0/20260507-LH01106-0005-A23K3JVLT4_s77703-NOVASEQ-PCR-FREE-gdna-23andme-run1-ILMN_D0_0_merged_R2.fastq.gz
[67/192] skip s3://lsmc-dayoa-omics-analysis-us-west-2/data/staged_sample_data/remote_stage_20260510T130308Z/20260507-LH01106-0005-A23K3JVLT4_s77705-NOVASEQ-PCR-FREE-gdna-23andme-run1-ILMN_D0_0/20260507-LH01106-0005-A23K3JVLT4_s77705-NOVASEQ-PCR-FREE-gdna-23andme-run1-ILMN_D0_0_merged_R1.fastq.gz
[68/192] skip s3://lsmc-dayoa-omics-analysis-us-west-2/data/staged_sample_data/remote_stage_20260510T130308Z/20260507-LH01106-0005-A23K3JVLT4_s77706-NOVASEQ-PCR-FREE-gdna-23andme-run1-ILMN_D0_0/20260507-LH01106-0005-A23K3JVLT4_s77706-NOVASEQ-PCR-FREE-gdna-23andme-run1-ILMN_D0_0_merged_R1.fastq.gz
[69/192] skip s3://lsmc-dayoa-omics-analysis-us-west-2/data/staged_sample_data/remote_stage_20260510T130308Z/20260507-LH01106-0005-A23K3JVLT4_s77704-NOVASEQ-PCR-FREE-gdna-23andme-run1-ILMN_D0_0/20260507-LH01106-0005-A23K3JVLT4_s77704-NOVASEQ-PCR-FREE-gdna-23andme-run1-ILMN_D0_0_merged_R1.fastq.gz
[70/192] skip s3://lsmc-dayoa-omics-analysis-us-west-2/data/staged_sample_data/remote_stage_20260510T130308Z/20260507-LH01106-0005-A23K3JVLT4_s77704-NOVASEQ-PCR-FREE-gdna-23andme-run1-ILMN_D0_0/20260507-LH01106-0005-A23K3JVLT4_s77704-NOVASEQ-PCR-FREE-gdna-23andme-run1-ILMN_D0_0_merged_R2.fastq.gz
[71/192] skip s3://lsmc-dayoa-omics-analysis-us-west-2/data/staged_sample_data/remote_stage_20260510T130308Z/20260507-LH01106-0005-A23K3JVLT4_s77705-NOVASEQ-PCR-FREE-gdna-23andme-run1-ILMN_D0_0/20260507-LH01106-0005-A23K3JVLT4_s77705-NOVASEQ-PCR-FREE-gdna-23andme-run1-ILMN_D0_0_merged_R2.fastq.gz
[72/192] skip s3://lsmc-dayoa-omics-analysis-us-west-2/data/staged_sample_data/remote_stage_20260510T130308Z/20260507-LH01106-0005-A23K3JVLT4_s77706-NOVASEQ-PCR-FREE-gdna-23andme-run1-ILMN_D0_0/20260507-LH01106-0005-A23K3JVLT4_s77706-NOVASEQ-PCR-FREE-gdna-23andme-run1-ILMN_D0_0_merged_R2.fastq.gz
[73/192] skip s3://lsmc-dayoa-omics-analysis-us-west-2/data/staged_sample_data/remote_stage_20260510T130308Z/20260507-LH01106-0005-A23K3JVLT4_s77707-NOVASEQ-PCR-FREE-gdna-23andme-run1-ILMN_D0_0/20260507-LH01106-0005-A23K3JVLT4_s77707-NOVASEQ-PCR-FREE-gdna-23andme-run1-ILMN_D0_0_merged_R1.fastq.gz
[74/192] skip s3://lsmc-dayoa-omics-analysis-us-west-2/data/staged_sample_data/remote_stage_20260510T130308Z/20260507-LH01106-0005-A23K3JVLT4_s77707-NOVASEQ-PCR-FREE-gdna-23andme-run1-ILMN_D0_0/20260507-LH01106-0005-A23K3JVLT4_s77707-NOVASEQ-PCR-FREE-gdna-23andme-run1-ILMN_D0_0_merged_R2.fastq.gz
[75/192] skip s3://lsmc-dayoa-omics-analysis-us-west-2/data/staged_sample_data/remote_stage_20260510T130308Z/20260507-LH01106-0005-A23K3JVLT4_s77710-NOVASEQ-PCR-FREE-gdna-23andme-run1-ILMN_D0_0/20260507-LH01106-0005-A23K3JVLT4_s77710-NOVASEQ-PCR-FREE-gdna-23andme-run1-ILMN_D0_0_merged_R2.fastq.gz
[76/192] skip s3://lsmc-dayoa-omics-analysis-us-west-2/data/staged_sample_data/remote_stage_20260510T130308Z/20260507-LH01106-0005-A23K3JVLT4_s77710-NOVASEQ-PCR-FREE-gdna-23andme-run1-ILMN_D0_0/20260507-LH01106-0005-A23K3JVLT4_s77710-NOVASEQ-PCR-FREE-gdna-23andme-run1-ILMN_D0_0_merged_R1.fastq.gz
[77/192] skip s3://lsmc-dayoa-omics-analysis-us-west-2/data/staged_sample_data/remote_stage_20260510T130308Z/20260507-LH01106-0005-A23K3JVLT4_s77711-NOVASEQ-PCR-FREE-gdna-23andme-run1-ILMN_D0_0/20260507-LH01106-0005-A23K3JVLT4_s77711-NOVASEQ-PCR-FREE-gdna-23andme-run1-ILMN_D0_0_merged_R2.fastq.gz
[78/192] skip s3://lsmc-dayoa-omics-analysis-us-west-2/data/staged_sample_data/remote_stage_20260510T130308Z/20260507-LH01106-0005-A23K3JVLT4_s77711-NOVASEQ-PCR-FREE-gdna-23andme-run1-ILMN_D0_0/20260507-LH01106-0005-A23K3JVLT4_s77711-NOVASEQ-PCR-FREE-gdna-23andme-run1-ILMN_D0_0_merged_R1.fastq.gz
[79/192] skip s3://lsmc-dayoa-omics-analysis-us-west-2/data/staged_sample_data/remote_stage_20260510T130308Z/20260507-LH01106-0005-A23K3JVLT4_s77712-NOVASEQ-PCR-FREE-gdna-23andme-run1-ILMN_D0_0/20260507-LH01106-0005-A23K3JVLT4_s77712-NOVASEQ-PCR-FREE-gdna-23andme-run1-ILMN_D0_0_merged_R1.fastq.gz
[80/192] skip s3://lsmc-dayoa-omics-analysis-us-west-2/data/staged_sample_data/remote_stage_20260510T130308Z/20260507-LH01106-0005-A23K3JVLT4_s77712-NOVASEQ-PCR-FREE-gdna-23andme-run1-ILMN_D0_0/20260507-LH01106-0005-A23K3JVLT4_s77712-NOVASEQ-PCR-FREE-gdna-23andme-run1-ILMN_D0_0_merged_R2.fastq.gz
[81/192] skip s3://lsmc-dayoa-omics-analysis-us-west-2/data/staged_sample_data/remote_stage_20260510T130308Z/20260507-LH01106-0005-A23K3JVLT4_s77713-NOVASEQ-PCR-FREE-gdna-23andme-run1-ILMN_D0_0/20260507-LH01106-0005-A23K3JVLT4_s77713-NOVASEQ-PCR-FREE-gdna-23andme-run1-ILMN_D0_0_merged_R2.fastq.gz
[82/192] skip s3://lsmc-dayoa-omics-analysis-us-west-2/data/staged_sample_data/remote_stage_20260510T130308Z/20260507-LH01106-0005-A23K3JVLT4_s77714-NOVASEQ-PCR-FREE-gdna-23andme-run1-ILMN_D0_0/20260507-LH01106-0005-A23K3JVLT4_s77714-NOVASEQ-PCR-FREE-gdna-23andme-run1-ILMN_D0_0_merged_R1.fastq.gz
[83/192] skip s3://lsmc-dayoa-omics-analysis-us-west-2/data/staged_sample_data/remote_stage_20260510T130308Z/20260507-LH01106-0005-A23K3JVLT4_s77713-NOVASEQ-PCR-FREE-gdna-23andme-run1-ILMN_D0_0/20260507-LH01106-0005-A23K3JVLT4_s77713-NOVASEQ-PCR-FREE-gdna-23andme-run1-ILMN_D0_0_merged_R1.fastq.gz
[84/192] skip s3://lsmc-dayoa-omics-analysis-us-west-2/data/staged_sample_data/remote_stage_20260510T130308Z/20260507-LH01106-0005-A23K3JVLT4_s77716-NOVASEQ-PCR-FREE-gdna-23andme-run1-ILMN_D0_0/20260507-LH01106-0005-A23K3JVLT4_s77716-NOVASEQ-PCR-FREE-gdna-23andme-run1-ILMN_D0_0_merged_R1.fastq.gz
[85/192] skip s3://lsmc-dayoa-omics-analysis-us-west-2/data/staged_sample_data/remote_stage_20260510T130308Z/20260507-LH01106-0005-A23K3JVLT4_s77715-NOVASEQ-PCR-FREE-gdna-23andme-run1-ILMN_D0_0/20260507-LH01106-0005-A23K3JVLT4_s77715-NOVASEQ-PCR-FREE-gdna-23andme-run1-ILMN_D0_0_merged_R1.fastq.gz
[86/192] skip s3://lsmc-dayoa-omics-analysis-us-west-2/data/staged_sample_data/remote_stage_20260510T130308Z/20260507-LH01106-0005-A23K3JVLT4_s77716-NOVASEQ-PCR-FREE-gdna-23andme-run1-ILMN_D0_0/20260507-LH01106-0005-A23K3JVLT4_s77716-NOVASEQ-PCR-FREE-gdna-23andme-run1-ILMN_D0_0_merged_R2.fastq.gz
[87/192] skip s3://lsmc-dayoa-omics-analysis-us-west-2/data/staged_sample_data/remote_stage_20260510T130308Z/20260507-LH01106-0005-A23K3JVLT4_s77714-NOVASEQ-PCR-FREE-gdna-23andme-run1-ILMN_D0_0/20260507-LH01106-0005-A23K3JVLT4_s77714-NOVASEQ-PCR-FREE-gdna-23andme-run1-ILMN_D0_0_merged_R2.fastq.gz
[88/192] skip s3://lsmc-dayoa-omics-analysis-us-west-2/data/staged_sample_data/remote_stage_20260510T130308Z/20260507-LH01106-0005-A23K3JVLT4_s77715-NOVASEQ-PCR-FREE-gdna-23andme-run1-ILMN_D0_0/20260507-LH01106-0005-A23K3JVLT4_s77715-NOVASEQ-PCR-FREE-gdna-23andme-run1-ILMN_D0_0_merged_R2.fastq.gz
[89/192] skip s3://lsmc-dayoa-omics-analysis-us-west-2/data/staged_sample_data/remote_stage_20260510T130308Z/20260507-LH01106-0005-A23K3JVLT4_s77717-NOVASEQ-PCR-FREE-gdna-23andme-run1-ILMN_D0_0/20260507-LH01106-0005-A23K3JVLT4_s77717-NOVASEQ-PCR-FREE-gdna-23andme-run1-ILMN_D0_0_merged_R1.fastq.gz
[90/192] skip s3://lsmc-dayoa-omics-analysis-us-west-2/data/staged_sample_data/remote_stage_20260510T130308Z/20260507-LH01106-0005-A23K3JVLT4_s77718-NOVASEQ-PCR-FREE-gdna-23andme-run1-ILMN_D0_0/20260507-LH01106-0005-A23K3JVLT4_s77718-NOVASEQ-PCR-FREE-gdna-23andme-run1-ILMN_D0_0_merged_R1.fastq.gz
[91/192] skip s3://lsmc-dayoa-omics-analysis-us-west-2/data/staged_sample_data/remote_stage_20260510T130308Z/20260507-LH01106-0005-A23K3JVLT4_s77717-NOVASEQ-PCR-FREE-gdna-23andme-run1-ILMN_D0_0/20260507-LH01106-0005-A23K3JVLT4_s77717-NOVASEQ-PCR-FREE-gdna-23andme-run1-ILMN_D0_0_merged_R2.fastq.gz
[92/192] skip s3://lsmc-dayoa-omics-analysis-us-west-2/data/staged_sample_data/remote_stage_20260510T130308Z/20260507-LH01106-0005-A23K3JVLT4_s77718-NOVASEQ-PCR-FREE-gdna-23andme-run1-ILMN_D0_0/20260507-LH01106-0005-A23K3JVLT4_s77718-NOVASEQ-PCR-FREE-gdna-23andme-run1-ILMN_D0_0_merged_R2.fastq.gz
[93/192] skip s3://lsmc-dayoa-omics-analysis-us-west-2/data/staged_sample_data/remote_stage_20260510T130308Z/20260507-LH01106-0005-A23K3JVLT4_s77719-NOVASEQ-PCR-FREE-gdna-23andme-run1-ILMN_D0_0/20260507-LH01106-0005-A23K3JVLT4_s77719-NOVASEQ-PCR-FREE-gdna-23andme-run1-ILMN_D0_0_merged_R1.fastq.gz
[94/192] skip s3://lsmc-dayoa-omics-analysis-us-west-2/data/staged_sample_data/remote_stage_20260510T130308Z/20260507-LH01106-0005-A23K3JVLT4_s77719-NOVASEQ-PCR-FREE-gdna-23andme-run1-ILMN_D0_0/20260507-LH01106-0005-A23K3JVLT4_s77719-NOVASEQ-PCR-FREE-gdna-23andme-run1-ILMN_D0_0_merged_R2.fastq.gz
[95/192] skip s3://lsmc-dayoa-omics-analysis-us-west-2/data/staged_sample_data/remote_stage_20260510T130308Z/20260507-LH01106-0005-A23K3JVLT4_s77720-NOVASEQ-PCR-FREE-gdna-23andme-run1-ILMN_D0_0/20260507-LH01106-0005-A23K3JVLT4_s77720-NOVASEQ-PCR-FREE-gdna-23andme-run1-ILMN_D0_0_merged_R2.fastq.gz
[96/192] skip s3://lsmc-dayoa-omics-analysis-us-west-2/data/staged_sample_data/remote_stage_20260510T130308Z/20260507-LH01106-0005-A23K3JVLT4_s77721-NOVASEQ-PCR-FREE-gdna-23andme-run1-ILMN_D0_0/20260507-LH01106-0005-A23K3JVLT4_s77721-NOVASEQ-PCR-FREE-gdna-23andme-run1-ILMN_D0_0_merged_R1.fastq.gz
[97/192] skip s3://lsmc-dayoa-omics-analysis-us-west-2/data/staged_sample_data/remote_stage_20260510T130308Z/20260507-LH01106-0005-A23K3JVLT4_s77720-NOVASEQ-PCR-FREE-gdna-23andme-run1-ILMN_D0_0/20260507-LH01106-0005-A23K3JVLT4_s77720-NOVASEQ-PCR-FREE-gdna-23andme-run1-ILMN_D0_0_merged_R1.fastq.gz
[98/192] skip s3://lsmc-dayoa-omics-analysis-us-west-2/data/staged_sample_data/remote_stage_20260510T130308Z/20260507-LH01106-0005-A23K3JVLT4_s77722-NOVASEQ-PCR-FREE-gdna-23andme-run1-ILMN_D0_0/20260507-LH01106-0005-A23K3JVLT4_s77722-NOVASEQ-PCR-FREE-gdna-23andme-run1-ILMN_D0_0_merged_R1.fastq.gz
[99/192] skip s3://lsmc-dayoa-omics-analysis-us-west-2/data/staged_sample_data/remote_stage_20260510T130308Z/20260507-LH01106-0005-A23K3JVLT4_s77721-NOVASEQ-PCR-FREE-gdna-23andme-run1-ILMN_D0_0/20260507-LH01106-0005-A23K3JVLT4_s77721-NOVASEQ-PCR-FREE-gdna-23andme-run1-ILMN_D0_0_merged_R2.fastq.gz
[100/192] skip s3://lsmc-dayoa-omics-analysis-us-west-2/data/staged_sample_data/remote_stage_20260510T130308Z/20260507-LH01106-0005-A23K3JVLT4_s77722-NOVASEQ-PCR-FREE-gdna-23andme-run1-ILMN_D0_0/20260507-LH01106-0005-A23K3JVLT4_s77722-NOVASEQ-PCR-FREE-gdna-23andme-run1-ILMN_D0_0_merged_R2.fastq.gz
[101/192] skip s3://lsmc-dayoa-omics-analysis-us-west-2/data/staged_sample_data/remote_stage_20260510T130308Z/20260507-LH01106-0005-A23K3JVLT4_s77723-NOVASEQ-PCR-FREE-gdna-23andme-run1-ILMN_D0_0/20260507-LH01106-0005-A23K3JVLT4_s77723-NOVASEQ-PCR-FREE-gdna-23andme-run1-ILMN_D0_0_merged_R2.fastq.gz
[102/192] skip s3://lsmc-dayoa-omics-analysis-us-west-2/data/staged_sample_data/remote_stage_20260510T130308Z/20260507-LH01106-0005-A23K3JVLT4_s77724-NOVASEQ-PCR-FREE-gdna-23andme-run1-ILMN_D0_0/20260507-LH01106-0005-A23K3JVLT4_s77724-NOVASEQ-PCR-FREE-gdna-23andme-run1-ILMN_D0_0_merged_R2.fastq.gz
[103/192] skip s3://lsmc-dayoa-omics-analysis-us-west-2/data/staged_sample_data/remote_stage_20260510T130308Z/20260507-LH01106-0005-A23K3JVLT4_s77723-NOVASEQ-PCR-FREE-gdna-23andme-run1-ILMN_D0_0/20260507-LH01106-0005-A23K3JVLT4_s77723-NOVASEQ-PCR-FREE-gdna-23andme-run1-ILMN_D0_0_merged_R1.fastq.gz
[104/192] skip s3://lsmc-dayoa-omics-analysis-us-west-2/data/staged_sample_data/remote_stage_20260510T130308Z/20260507-LH01106-0005-A23K3JVLT4_s77725-NOVASEQ-PCR-FREE-gdna-23andme-run1-ILMN_D0_0/20260507-LH01106-0005-A23K3JVLT4_s77725-NOVASEQ-PCR-FREE-gdna-23andme-run1-ILMN_D0_0_merged_R1.fastq.gz
[105/192] skip s3://lsmc-dayoa-omics-analysis-us-west-2/data/staged_sample_data/remote_stage_20260510T130308Z/20260507-LH01106-0005-A23K3JVLT4_s77725-NOVASEQ-PCR-FREE-gdna-23andme-run1-ILMN_D0_0/20260507-LH01106-0005-A23K3JVLT4_s77725-NOVASEQ-PCR-FREE-gdna-23andme-run1-ILMN_D0_0_merged_R2.fastq.gz
[106/192] skip s3://lsmc-dayoa-omics-analysis-us-west-2/data/staged_sample_data/remote_stage_20260510T130308Z/20260507-LH01106-0005-A23K3JVLT4_s77728-NOVASEQ-PCR-FREE-gdna-23andme-run1-ILMN_D0_0/20260507-LH01106-0005-A23K3JVLT4_s77728-NOVASEQ-PCR-FREE-gdna-23andme-run1-ILMN_D0_0_merged_R1.fastq.gz
[107/192] skip s3://lsmc-dayoa-omics-analysis-us-west-2/data/staged_sample_data/remote_stage_20260510T130308Z/20260507-LH01106-0005-A23K3JVLT4_s77724-NOVASEQ-PCR-FREE-gdna-23andme-run1-ILMN_D0_0/20260507-LH01106-0005-A23K3JVLT4_s77724-NOVASEQ-PCR-FREE-gdna-23andme-run1-ILMN_D0_0_merged_R1.fastq.gz
[108/192] skip s3://lsmc-dayoa-omics-analysis-us-west-2/data/staged_sample_data/remote_stage_20260510T130308Z/20260507-LH01106-0005-A23K3JVLT4_s77726-NOVASEQ-PCR-FREE-gdna-23andme-run1-ILMN_D0_0/20260507-LH01106-0005-A23K3JVLT4_s77726-NOVASEQ-PCR-FREE-gdna-23andme-run1-ILMN_D0_0_merged_R1.fastq.gz
[109/192] skip s3://lsmc-dayoa-omics-analysis-us-west-2/data/staged_sample_data/remote_stage_20260510T130308Z/20260507-LH01106-0005-A23K3JVLT4_s77726-NOVASEQ-PCR-FREE-gdna-23andme-run1-ILMN_D0_0/20260507-LH01106-0005-A23K3JVLT4_s77726-NOVASEQ-PCR-FREE-gdna-23andme-run1-ILMN_D0_0_merged_R2.fastq.gz
[110/192] skip s3://lsmc-dayoa-omics-analysis-us-west-2/data/staged_sample_data/remote_stage_20260510T130308Z/20260507-LH01106-0005-A23K3JVLT4_s77728-NOVASEQ-PCR-FREE-gdna-23andme-run1-ILMN_D0_0/20260507-LH01106-0005-A23K3JVLT4_s77728-NOVASEQ-PCR-FREE-gdna-23andme-run1-ILMN_D0_0_merged_R2.fastq.gz
[111/192] skip s3://lsmc-dayoa-omics-analysis-us-west-2/data/staged_sample_data/remote_stage_20260510T130308Z/20260507-LH01106-0005-A23K3JVLT4_s77733-NOVASEQ-PCR-FREE-gdna-23andme-run1-ILMN_D0_0/20260507-LH01106-0005-A23K3JVLT4_s77733-NOVASEQ-PCR-FREE-gdna-23andme-run1-ILMN_D0_0_merged_R1.fastq.gz
[112/192] skip s3://lsmc-dayoa-omics-analysis-us-west-2/data/staged_sample_data/remote_stage_20260510T130308Z/20260507-LH01106-0005-A23K3JVLT4_s77733-NOVASEQ-PCR-FREE-gdna-23andme-run1-ILMN_D0_0/20260507-LH01106-0005-A23K3JVLT4_s77733-NOVASEQ-PCR-FREE-gdna-23andme-run1-ILMN_D0_0_merged_R2.fastq.gz
[113/192] skip s3://lsmc-dayoa-omics-analysis-us-west-2/data/staged_sample_data/remote_stage_20260510T130308Z/20260507-LH01106-0005-A23K3JVLT4_s77734-NOVASEQ-PCR-FREE-gdna-23andme-run1-ILMN_D0_0/20260507-LH01106-0005-A23K3JVLT4_s77734-NOVASEQ-PCR-FREE-gdna-23andme-run1-ILMN_D0_0_merged_R2.fastq.gz
[114/192] skip s3://lsmc-dayoa-omics-analysis-us-west-2/data/staged_sample_data/remote_stage_20260510T130308Z/20260507-LH01106-0005-A23K3JVLT4_s77734-NOVASEQ-PCR-FREE-gdna-23andme-run1-ILMN_D0_0/20260507-LH01106-0005-A23K3JVLT4_s77734-NOVASEQ-PCR-FREE-gdna-23andme-run1-ILMN_D0_0_merged_R1.fastq.gz
[115/192] skip s3://lsmc-dayoa-omics-analysis-us-west-2/data/staged_sample_data/remote_stage_20260510T130308Z/20260507-LH01106-0005-A23K3JVLT4_s77736-NOVASEQ-PCR-FREE-gdna-23andme-run1-ILMN_D0_0/20260507-LH01106-0005-A23K3JVLT4_s77736-NOVASEQ-PCR-FREE-gdna-23andme-run1-ILMN_D0_0_merged_R1.fastq.gz
[116/192] skip s3://lsmc-dayoa-omics-analysis-us-west-2/data/staged_sample_data/remote_stage_20260510T130308Z/20260507-LH01106-0005-A23K3JVLT4_s77736-NOVASEQ-PCR-FREE-gdna-23andme-run1-ILMN_D0_0/20260507-LH01106-0005-A23K3JVLT4_s77736-NOVASEQ-PCR-FREE-gdna-23andme-run1-ILMN_D0_0_merged_R2.fastq.gz
[117/192] skip s3://lsmc-dayoa-omics-analysis-us-west-2/data/staged_sample_data/remote_stage_20260510T130308Z/20260507-LH01106-0005-A23K3JVLT4_s77735-NOVASEQ-PCR-FREE-gdna-23andme-run1-ILMN_D0_0/20260507-LH01106-0005-A23K3JVLT4_s77735-NOVASEQ-PCR-FREE-gdna-23andme-run1-ILMN_D0_0_merged_R2.fastq.gz
[118/192] skip s3://lsmc-dayoa-omics-analysis-us-west-2/data/staged_sample_data/remote_stage_20260510T130308Z/20260507-LH01106-0005-A23K3JVLT4_s77738-NOVASEQ-PCR-FREE-gdna-23andme-run1-ILMN_D0_0/20260507-LH01106-0005-A23K3JVLT4_s77738-NOVASEQ-PCR-FREE-gdna-23andme-run1-ILMN_D0_0_merged_R1.fastq.gz
[119/192] skip s3://lsmc-dayoa-omics-analysis-us-west-2/data/staged_sample_data/remote_stage_20260510T130308Z/20260507-LH01106-0005-A23K3JVLT4_s77735-NOVASEQ-PCR-FREE-gdna-23andme-run1-ILMN_D0_0/20260507-LH01106-0005-A23K3JVLT4_s77735-NOVASEQ-PCR-FREE-gdna-23andme-run1-ILMN_D0_0_merged_R1.fastq.gz
[120/192] skip s3://lsmc-dayoa-omics-analysis-us-west-2/data/staged_sample_data/remote_stage_20260510T130308Z/20260507-LH01106-0005-A23K3JVLT4_s77744-NOVASEQ-PCR-FREE-gdna-23andme-run1-ILMN_D0_0/20260507-LH01106-0005-A23K3JVLT4_s77744-NOVASEQ-PCR-FREE-gdna-23andme-run1-ILMN_D0_0_merged_R1.fastq.gz
[121/192] skip s3://lsmc-dayoa-omics-analysis-us-west-2/data/staged_sample_data/remote_stage_20260510T130308Z/20260507-LH01106-0005-A23K3JVLT4_s77744-NOVASEQ-PCR-FREE-gdna-23andme-run1-ILMN_D0_0/20260507-LH01106-0005-A23K3JVLT4_s77744-NOVASEQ-PCR-FREE-gdna-23andme-run1-ILMN_D0_0_merged_R2.fastq.gz
[122/192] skip s3://lsmc-dayoa-omics-analysis-us-west-2/data/staged_sample_data/remote_stage_20260510T130308Z/20260507-LH01106-0005-A23K3JVLT4_s77738-NOVASEQ-PCR-FREE-gdna-23andme-run1-ILMN_D0_0/20260507-LH01106-0005-A23K3JVLT4_s77738-NOVASEQ-PCR-FREE-gdna-23andme-run1-ILMN_D0_0_merged_R2.fastq.gz
[123/192] skip s3://lsmc-dayoa-omics-analysis-us-west-2/data/staged_sample_data/remote_stage_20260510T130308Z/20260507-LH01106-0005-A23K3JVLT4_s77748-NOVASEQ-PCR-FREE-gdna-23andme-run1-ILMN_D0_0/20260507-LH01106-0005-A23K3JVLT4_s77748-NOVASEQ-PCR-FREE-gdna-23andme-run1-ILMN_D0_0_merged_R1.fastq.gz
[124/192] skip s3://lsmc-dayoa-omics-analysis-us-west-2/data/staged_sample_data/remote_stage_20260510T130308Z/20260507-LH01106-0005-A23K3JVLT4_s77745-NOVASEQ-PCR-FREE-gdna-23andme-run1-ILMN_D0_0/20260507-LH01106-0005-A23K3JVLT4_s77745-NOVASEQ-PCR-FREE-gdna-23andme-run1-ILMN_D0_0_merged_R1.fastq.gz
[125/192] skip s3://lsmc-dayoa-omics-analysis-us-west-2/data/staged_sample_data/remote_stage_20260510T130308Z/20260507-LH01106-0005-A23K3JVLT4_s77745-NOVASEQ-PCR-FREE-gdna-23andme-run1-ILMN_D0_0/20260507-LH01106-0005-A23K3JVLT4_s77745-NOVASEQ-PCR-FREE-gdna-23andme-run1-ILMN_D0_0_merged_R2.fastq.gz
[126/192] skip s3://lsmc-dayoa-omics-analysis-us-west-2/data/staged_sample_data/remote_stage_20260510T130308Z/20260507-LH01106-0005-A23K3JVLT4_s77748-NOVASEQ-PCR-FREE-gdna-23andme-run1-ILMN_D0_0/20260507-LH01106-0005-A23K3JVLT4_s77748-NOVASEQ-PCR-FREE-gdna-23andme-run1-ILMN_D0_0_merged_R2.fastq.gz
[127/192] skip s3://lsmc-dayoa-omics-analysis-us-west-2/data/staged_sample_data/remote_stage_20260510T130308Z/20260507-LH01106-0005-A23K3JVLT4_s77750-NOVASEQ-PCR-FREE-gdna-23andme-run1-ILMN_D0_0/20260507-LH01106-0005-A23K3JVLT4_s77750-NOVASEQ-PCR-FREE-gdna-23andme-run1-ILMN_D0_0_merged_R2.fastq.gz
[128/192] skip s3://lsmc-dayoa-omics-analysis-us-west-2/data/staged_sample_data/remote_stage_20260510T130308Z/20260507-LH01106-0005-A23K3JVLT4_s77750-NOVASEQ-PCR-FREE-gdna-23andme-run1-ILMN_D0_0/20260507-LH01106-0005-A23K3JVLT4_s77750-NOVASEQ-PCR-FREE-gdna-23andme-run1-ILMN_D0_0_merged_R1.fastq.gz
[129/192] skip s3://lsmc-dayoa-omics-analysis-us-west-2/data/staged_sample_data/remote_stage_20260510T130308Z/20260507-LH01106-0005-A23K3JVLT4_s77753-NOVASEQ-PCR-FREE-gdna-23andme-run1-ILMN_D0_0/20260507-LH01106-0005-A23K3JVLT4_s77753-NOVASEQ-PCR-FREE-gdna-23andme-run1-ILMN_D0_0_merged_R1.fastq.gz
[130/192] skip s3://lsmc-dayoa-omics-analysis-us-west-2/data/staged_sample_data/remote_stage_20260510T130308Z/20260507-LH01106-0005-A23K3JVLT4_s77754-NOVASEQ-PCR-FREE-gdna-23andme-run1-ILMN_D0_0/20260507-LH01106-0005-A23K3JVLT4_s77754-NOVASEQ-PCR-FREE-gdna-23andme-run1-ILMN_D0_0_merged_R1.fastq.gz
[131/192] skip s3://lsmc-dayoa-omics-analysis-us-west-2/data/staged_sample_data/remote_stage_20260510T130308Z/20260507-LH01106-0005-A23K3JVLT4_s77754-NOVASEQ-PCR-FREE-gdna-23andme-run1-ILMN_D0_0/20260507-LH01106-0005-A23K3JVLT4_s77754-NOVASEQ-PCR-FREE-gdna-23andme-run1-ILMN_D0_0_merged_R2.fastq.gz
[132/192] skip s3://lsmc-dayoa-omics-analysis-us-west-2/data/staged_sample_data/remote_stage_20260510T130308Z/20260507-LH01106-0005-A23K3JVLT4_s77753-NOVASEQ-PCR-FREE-gdna-23andme-run1-ILMN_D0_0/20260507-LH01106-0005-A23K3JVLT4_s77753-NOVASEQ-PCR-FREE-gdna-23andme-run1-ILMN_D0_0_merged_R2.fastq.gz
[133/192] skip s3://lsmc-dayoa-omics-analysis-us-west-2/data/staged_sample_data/remote_stage_20260510T130308Z/20260507-LH01106-0005-A23K3JVLT4_s77756-NOVASEQ-PCR-FREE-gdna-23andme-run1-ILMN_D0_0/20260507-LH01106-0005-A23K3JVLT4_s77756-NOVASEQ-PCR-FREE-gdna-23andme-run1-ILMN_D0_0_merged_R1.fastq.gz
[134/192] skip s3://lsmc-dayoa-omics-analysis-us-west-2/data/staged_sample_data/remote_stage_20260510T130308Z/20260507-LH01106-0005-A23K3JVLT4_s77757-NOVASEQ-PCR-FREE-gdna-23andme-run1-ILMN_D0_0/20260507-LH01106-0005-A23K3JVLT4_s77757-NOVASEQ-PCR-FREE-gdna-23andme-run1-ILMN_D0_0_merged_R1.fastq.gz
[135/192] skip s3://lsmc-dayoa-omics-analysis-us-west-2/data/staged_sample_data/remote_stage_20260510T130308Z/20260507-LH01106-0005-A23K3JVLT4_s77756-NOVASEQ-PCR-FREE-gdna-23andme-run1-ILMN_D0_0/20260507-LH01106-0005-A23K3JVLT4_s77756-NOVASEQ-PCR-FREE-gdna-23andme-run1-ILMN_D0_0_merged_R2.fastq.gz
[136/192] skip s3://lsmc-dayoa-omics-analysis-us-west-2/data/staged_sample_data/remote_stage_20260510T130308Z/20260507-LH01106-0005-A23K3JVLT4_s77757-NOVASEQ-PCR-FREE-gdna-23andme-run1-ILMN_D0_0/20260507-LH01106-0005-A23K3JVLT4_s77757-NOVASEQ-PCR-FREE-gdna-23andme-run1-ILMN_D0_0_merged_R2.fastq.gz
[137/192] skip s3://lsmc-dayoa-omics-analysis-us-west-2/data/staged_sample_data/remote_stage_20260510T130308Z/20260507-LH01106-0005-A23K3JVLT4_s77758-NOVASEQ-PCR-FREE-gdna-23andme-run1-ILMN_D0_0/20260507-LH01106-0005-A23K3JVLT4_s77758-NOVASEQ-PCR-FREE-gdna-23andme-run1-ILMN_D0_0_merged_R1.fastq.gz
[138/192] skip s3://lsmc-dayoa-omics-analysis-us-west-2/data/staged_sample_data/remote_stage_20260510T130308Z/20260507-LH01106-0005-A23K3JVLT4_s77758-NOVASEQ-PCR-FREE-gdna-23andme-run1-ILMN_D0_0/20260507-LH01106-0005-A23K3JVLT4_s77758-NOVASEQ-PCR-FREE-gdna-23andme-run1-ILMN_D0_0_merged_R2.fastq.gz
[139/192] skip s3://lsmc-dayoa-omics-analysis-us-west-2/data/staged_sample_data/remote_stage_20260510T130308Z/20260507-LH01106-0005-A23K3JVLT4_s77761-NOVASEQ-PCR-FREE-gdna-23andme-run1-ILMN_D0_0/20260507-LH01106-0005-A23K3JVLT4_s77761-NOVASEQ-PCR-FREE-gdna-23andme-run1-ILMN_D0_0_merged_R1.fastq.gz
[140/192] skip s3://lsmc-dayoa-omics-analysis-us-west-2/data/staged_sample_data/remote_stage_20260510T130308Z/20260507-LH01106-0005-A23K3JVLT4_s77759-NOVASEQ-PCR-FREE-gdna-23andme-run1-ILMN_D0_0/20260507-LH01106-0005-A23K3JVLT4_s77759-NOVASEQ-PCR-FREE-gdna-23andme-run1-ILMN_D0_0_merged_R1.fastq.gz
[141/192] skip s3://lsmc-dayoa-omics-analysis-us-west-2/data/staged_sample_data/remote_stage_20260510T130308Z/20260507-LH01106-0005-A23K3JVLT4_s77759-NOVASEQ-PCR-FREE-gdna-23andme-run1-ILMN_D0_0/20260507-LH01106-0005-A23K3JVLT4_s77759-NOVASEQ-PCR-FREE-gdna-23andme-run1-ILMN_D0_0_merged_R2.fastq.gz
[142/192] skip s3://lsmc-dayoa-omics-analysis-us-west-2/data/staged_sample_data/remote_stage_20260510T130308Z/20260507-LH01106-0005-A23K3JVLT4_s77760-NOVASEQ-PCR-FREE-gdna-23andme-run1-ILMN_D0_0/20260507-LH01106-0005-A23K3JVLT4_s77760-NOVASEQ-PCR-FREE-gdna-23andme-run1-ILMN_D0_0_merged_R2.fastq.gz
[143/192] skip s3://lsmc-dayoa-omics-analysis-us-west-2/data/staged_sample_data/remote_stage_20260510T130308Z/20260507-LH01106-0005-A23K3JVLT4_s77762-NOVASEQ-PCR-FREE-gdna-23andme-run1-ILMN_D0_0/20260507-LH01106-0005-A23K3JVLT4_s77762-NOVASEQ-PCR-FREE-gdna-23andme-run1-ILMN_D0_0_merged_R1.fastq.gz
[144/192] skip s3://lsmc-dayoa-omics-analysis-us-west-2/data/staged_sample_data/remote_stage_20260510T130308Z/20260507-LH01106-0005-A23K3JVLT4_s77761-NOVASEQ-PCR-FREE-gdna-23andme-run1-ILMN_D0_0/20260507-LH01106-0005-A23K3JVLT4_s77761-NOVASEQ-PCR-FREE-gdna-23andme-run1-ILMN_D0_0_merged_R2.fastq.gz
[145/192] skip s3://lsmc-dayoa-omics-analysis-us-west-2/data/staged_sample_data/remote_stage_20260510T130308Z/20260507-LH01106-0005-A23K3JVLT4_s77763-NOVASEQ-PCR-FREE-gdna-23andme-run1-ILMN_D0_0/20260507-LH01106-0005-A23K3JVLT4_s77763-NOVASEQ-PCR-FREE-gdna-23andme-run1-ILMN_D0_0_merged_R2.fastq.gz
[146/192] skip s3://lsmc-dayoa-omics-analysis-us-west-2/data/staged_sample_data/remote_stage_20260510T130308Z/20260507-LH01106-0005-A23K3JVLT4_s77760-NOVASEQ-PCR-FREE-gdna-23andme-run1-ILMN_D0_0/20260507-LH01106-0005-A23K3JVLT4_s77760-NOVASEQ-PCR-FREE-gdna-23andme-run1-ILMN_D0_0_merged_R1.fastq.gz
[147/192] skip s3://lsmc-dayoa-omics-analysis-us-west-2/data/staged_sample_data/remote_stage_20260510T130308Z/20260507-LH01106-0005-A23K3JVLT4_s77763-NOVASEQ-PCR-FREE-gdna-23andme-run1-ILMN_D0_0/20260507-LH01106-0005-A23K3JVLT4_s77763-NOVASEQ-PCR-FREE-gdna-23andme-run1-ILMN_D0_0_merged_R1.fastq.gz
[148/192] skip s3://lsmc-dayoa-omics-analysis-us-west-2/data/staged_sample_data/remote_stage_20260510T130308Z/20260507-LH01106-0005-A23K3JVLT4_s77765-NOVASEQ-PCR-FREE-gdna-23andme-run1-ILMN_D0_0/20260507-LH01106-0005-A23K3JVLT4_s77765-NOVASEQ-PCR-FREE-gdna-23andme-run1-ILMN_D0_0_merged_R1.fastq.gz
[149/192] skip s3://lsmc-dayoa-omics-analysis-us-west-2/data/staged_sample_data/remote_stage_20260510T130308Z/20260507-LH01106-0005-A23K3JVLT4_s77762-NOVASEQ-PCR-FREE-gdna-23andme-run1-ILMN_D0_0/20260507-LH01106-0005-A23K3JVLT4_s77762-NOVASEQ-PCR-FREE-gdna-23andme-run1-ILMN_D0_0_merged_R2.fastq.gz
[150/192] skip s3://lsmc-dayoa-omics-analysis-us-west-2/data/staged_sample_data/remote_stage_20260510T130308Z/20260507-LH01106-0005-A23K3JVLT4_s77764-NOVASEQ-PCR-FREE-gdna-23andme-run1-ILMN_D0_0/20260507-LH01106-0005-A23K3JVLT4_s77764-NOVASEQ-PCR-FREE-gdna-23andme-run1-ILMN_D0_0_merged_R1.fastq.gz
[151/192] skip s3://lsmc-dayoa-omics-analysis-us-west-2/data/staged_sample_data/remote_stage_20260510T130308Z/20260507-LH01106-0005-A23K3JVLT4_s77764-NOVASEQ-PCR-FREE-gdna-23andme-run1-ILMN_D0_0/20260507-LH01106-0005-A23K3JVLT4_s77764-NOVASEQ-PCR-FREE-gdna-23andme-run1-ILMN_D0_0_merged_R2.fastq.gz
[152/192] skip s3://lsmc-dayoa-omics-analysis-us-west-2/data/staged_sample_data/remote_stage_20260510T130308Z/20260507-LH01106-0005-A23K3JVLT4_s77766-NOVASEQ-PCR-FREE-gdna-23andme-run1-ILMN_D0_0/20260507-LH01106-0005-A23K3JVLT4_s77766-NOVASEQ-PCR-FREE-gdna-23andme-run1-ILMN_D0_0_merged_R2.fastq.gz
[153/192] skip s3://lsmc-dayoa-omics-analysis-us-west-2/data/staged_sample_data/remote_stage_20260510T130308Z/20260507-LH01106-0005-A23K3JVLT4_s77766-NOVASEQ-PCR-FREE-gdna-23andme-run1-ILMN_D0_0/20260507-LH01106-0005-A23K3JVLT4_s77766-NOVASEQ-PCR-FREE-gdna-23andme-run1-ILMN_D0_0_merged_R1.fastq.gz
[154/192] skip s3://lsmc-dayoa-omics-analysis-us-west-2/data/staged_sample_data/remote_stage_20260510T130308Z/20260507-LH01106-0005-A23K3JVLT4_s77767-NOVASEQ-PCR-FREE-gdna-23andme-run1-ILMN_D0_0/20260507-LH01106-0005-A23K3JVLT4_s77767-NOVASEQ-PCR-FREE-gdna-23andme-run1-ILMN_D0_0_merged_R2.fastq.gz
[155/192] skip s3://lsmc-dayoa-omics-analysis-us-west-2/data/staged_sample_data/remote_stage_20260510T130308Z/20260507-LH01106-0005-A23K3JVLT4_s77768-NOVASEQ-PCR-FREE-gdna-23andme-run1-ILMN_D0_0/20260507-LH01106-0005-A23K3JVLT4_s77768-NOVASEQ-PCR-FREE-gdna-23andme-run1-ILMN_D0_0_merged_R1.fastq.gz
[156/192] skip s3://lsmc-dayoa-omics-analysis-us-west-2/data/staged_sample_data/remote_stage_20260510T130308Z/20260507-LH01106-0005-A23K3JVLT4_s77770-NOVASEQ-PCR-FREE-gdna-23andme-run1-ILMN_D0_0/20260507-LH01106-0005-A23K3JVLT4_s77770-NOVASEQ-PCR-FREE-gdna-23andme-run1-ILMN_D0_0_merged_R1.fastq.gz
[157/192] skip s3://lsmc-dayoa-omics-analysis-us-west-2/data/staged_sample_data/remote_stage_20260510T130308Z/20260507-LH01106-0005-A23K3JVLT4_s77768-NOVASEQ-PCR-FREE-gdna-23andme-run1-ILMN_D0_0/20260507-LH01106-0005-A23K3JVLT4_s77768-NOVASEQ-PCR-FREE-gdna-23andme-run1-ILMN_D0_0_merged_R2.fastq.gz
[158/192] skip s3://lsmc-dayoa-omics-analysis-us-west-2/data/staged_sample_data/remote_stage_20260510T130308Z/20260507-LH01106-0005-A23K3JVLT4_s77765-NOVASEQ-PCR-FREE-gdna-23andme-run1-ILMN_D0_0/20260507-LH01106-0005-A23K3JVLT4_s77765-NOVASEQ-PCR-FREE-gdna-23andme-run1-ILMN_D0_0_merged_R2.fastq.gz
[159/192] skip s3://lsmc-dayoa-omics-analysis-us-west-2/data/staged_sample_data/remote_stage_20260510T130308Z/20260507-LH01106-0005-A23K3JVLT4_s77773-NOVASEQ-PCR-FREE-gdna-23andme-run1-ILMN_D0_0/20260507-LH01106-0005-A23K3JVLT4_s77773-NOVASEQ-PCR-FREE-gdna-23andme-run1-ILMN_D0_0_merged_R1.fastq.gz
[160/192] skip s3://lsmc-dayoa-omics-analysis-us-west-2/data/staged_sample_data/remote_stage_20260510T130308Z/20260507-LH01106-0005-A23K3JVLT4_s77771-NOVASEQ-PCR-FREE-gdna-23andme-run1-ILMN_D0_0/20260507-LH01106-0005-A23K3JVLT4_s77771-NOVASEQ-PCR-FREE-gdna-23andme-run1-ILMN_D0_0_merged_R1.fastq.gz
[161/192] skip s3://lsmc-dayoa-omics-analysis-us-west-2/data/staged_sample_data/remote_stage_20260510T130308Z/20260507-LH01106-0005-A23K3JVLT4_s77771-NOVASEQ-PCR-FREE-gdna-23andme-run1-ILMN_D0_0/20260507-LH01106-0005-A23K3JVLT4_s77771-NOVASEQ-PCR-FREE-gdna-23andme-run1-ILMN_D0_0_merged_R2.fastq.gz
[162/192] skip s3://lsmc-dayoa-omics-analysis-us-west-2/data/staged_sample_data/remote_stage_20260510T130308Z/20260507-LH01106-0005-A23K3JVLT4_s77770-NOVASEQ-PCR-FREE-gdna-23andme-run1-ILMN_D0_0/20260507-LH01106-0005-A23K3JVLT4_s77770-NOVASEQ-PCR-FREE-gdna-23andme-run1-ILMN_D0_0_merged_R2.fastq.gz
[163/192] skip s3://lsmc-dayoa-omics-analysis-us-west-2/data/staged_sample_data/remote_stage_20260510T130308Z/20260507-LH01106-0005-A23K3JVLT4_s77775-NOVASEQ-PCR-FREE-gdna-23andme-run1-ILMN_D0_0/20260507-LH01106-0005-A23K3JVLT4_s77775-NOVASEQ-PCR-FREE-gdna-23andme-run1-ILMN_D0_0_merged_R1.fastq.gz
[164/192] skip s3://lsmc-dayoa-omics-analysis-us-west-2/data/staged_sample_data/remote_stage_20260510T130308Z/20260507-LH01106-0005-A23K3JVLT4_s77775-NOVASEQ-PCR-FREE-gdna-23andme-run1-ILMN_D0_0/20260507-LH01106-0005-A23K3JVLT4_s77775-NOVASEQ-PCR-FREE-gdna-23andme-run1-ILMN_D0_0_merged_R2.fastq.gz
[165/192] skip s3://lsmc-dayoa-omics-analysis-us-west-2/data/staged_sample_data/remote_stage_20260510T130308Z/20260507-LH01106-0005-A23K3JVLT4_s77773-NOVASEQ-PCR-FREE-gdna-23andme-run1-ILMN_D0_0/20260507-LH01106-0005-A23K3JVLT4_s77773-NOVASEQ-PCR-FREE-gdna-23andme-run1-ILMN_D0_0_merged_R2.fastq.gz
[166/192] copied-small s3://lsmc-dayoa-omics-analysis-us-west-2/data/staged_sample_data/remote_stage_20260510T130308Z/20260507-LH01106-0005-A23K3JVLT4_LSMC-NTC-NOVASEQ-PCR-FREE-gdna-23andme-run1-ILMN_D0_0/20260507-LH01106-0005-A23K3JVLT4_LSMC-NTC-NOVASEQ-PCR-FREE-gdna-23andme-run1-ILMN_D0_0_merged_R1.fastq.gz bytes=21493242
[167/192] skip s3://lsmc-dayoa-omics-analysis-us-west-2/data/staged_sample_data/remote_stage_20260510T130308Z/20260507-LH01106-0005-A23K3JVLT4_s77780-NOVASEQ-PCR-FREE-gdna-23andme-run1-ILMN_D0_0/20260507-LH01106-0005-A23K3JVLT4_s77780-NOVASEQ-PCR-FREE-gdna-23andme-run1-ILMN_D0_0_merged_R1.fastq.gz
[168/192] skip s3://lsmc-dayoa-omics-analysis-us-west-2/data/staged_sample_data/remote_stage_20260510T130308Z/20260507-LH01106-0005-A23K3JVLT4_s77767-NOVASEQ-PCR-FREE-gdna-23andme-run1-ILMN_D0_0/20260507-LH01106-0005-A23K3JVLT4_s77767-NOVASEQ-PCR-FREE-gdna-23andme-run1-ILMN_D0_0_merged_R1.fastq.gz
[169/192] skip s3://lsmc-dayoa-omics-analysis-us-west-2/data/staged_sample_data/remote_stage_20260510T130308Z/20260507-LH01106-0005-A23K3JVLT4_s77778-NOVASEQ-PCR-FREE-gdna-23andme-run1-ILMN_D0_0/20260507-LH01106-0005-A23K3JVLT4_s77778-NOVASEQ-PCR-FREE-gdna-23andme-run1-ILMN_D0_0_merged_R2.fastq.gz
[170/192] skip s3://lsmc-dayoa-omics-analysis-us-west-2/data/staged_sample_data/remote_stage_20260510T130308Z/20260507-LH01106-0005-A23K3JVLT4_s77778-NOVASEQ-PCR-FREE-gdna-23andme-run1-ILMN_D0_0/20260507-LH01106-0005-A23K3JVLT4_s77778-NOVASEQ-PCR-FREE-gdna-23andme-run1-ILMN_D0_0_merged_R1.fastq.gz
[171/192] skip s3://lsmc-dayoa-omics-analysis-us-west-2/data/staged_sample_data/remote_stage_20260510T130308Z/20260507-LH01106-0005-A23K3JVLT4_s77780-NOVASEQ-PCR-FREE-gdna-23andme-run1-ILMN_D0_0/20260507-LH01106-0005-A23K3JVLT4_s77780-NOVASEQ-PCR-FREE-gdna-23andme-run1-ILMN_D0_0_merged_R2.fastq.gz
[172/192] skip s3://lsmc-dayoa-omics-analysis-us-west-2/data/staged_sample_data/remote_stage_20260510T130308Z/20260507-LH01106-0005-A23K3JVLT4_s77783-NOVASEQ-PCR-FREE-gdna-23andme-run1-ILMN_D0_0/20260507-LH01106-0005-A23K3JVLT4_s77783-NOVASEQ-PCR-FREE-gdna-23andme-run1-ILMN_D0_0_merged_R1.fastq.gz
[173/192] skip s3://lsmc-dayoa-omics-analysis-us-west-2/data/staged_sample_data/remote_stage_20260510T130308Z/20260507-LH01106-0005-A23K3JVLT4_s77784-NOVASEQ-PCR-FREE-gdna-23andme-run1-ILMN_D0_0/20260507-LH01106-0005-A23K3JVLT4_s77784-NOVASEQ-PCR-FREE-gdna-23andme-run1-ILMN_D0_0_merged_R1.fastq.gz
[174/192] skip s3://lsmc-dayoa-omics-analysis-us-west-2/data/staged_sample_data/remote_stage_20260510T130308Z/20260507-LH01106-0005-A23K3JVLT4_s77783-NOVASEQ-PCR-FREE-gdna-23andme-run1-ILMN_D0_0/20260507-LH01106-0005-A23K3JVLT4_s77783-NOVASEQ-PCR-FREE-gdna-23andme-run1-ILMN_D0_0_merged_R2.fastq.gz
[175/192] skip s3://lsmc-dayoa-omics-analysis-us-west-2/data/staged_sample_data/remote_stage_20260510T130308Z/20260507-LH01106-0005-A23K3JVLT4_s77785-NOVASEQ-PCR-FREE-gdna-23andme-run1-ILMN_D0_0/20260507-LH01106-0005-A23K3JVLT4_s77785-NOVASEQ-PCR-FREE-gdna-23andme-run1-ILMN_D0_0_merged_R1.fastq.gz
[176/192] skip s3://lsmc-dayoa-omics-analysis-us-west-2/data/staged_sample_data/remote_stage_20260510T130308Z/20260507-LH01106-0005-A23K3JVLT4_s77784-NOVASEQ-PCR-FREE-gdna-23andme-run1-ILMN_D0_0/20260507-LH01106-0005-A23K3JVLT4_s77784-NOVASEQ-PCR-FREE-gdna-23andme-run1-ILMN_D0_0_merged_R2.fastq.gz
[177/192] copied-small s3://lsmc-dayoa-omics-analysis-us-west-2/data/staged_sample_data/remote_stage_20260510T130308Z/20260507-LH01106-0005-A23K3JVLT4_LSMC-NTC-NOVASEQ-PCR-FREE-gdna-23andme-run1-ILMN_D0_0/20260507-LH01106-0005-A23K3JVLT4_LSMC-NTC-NOVASEQ-PCR-FREE-gdna-23andme-run1-ILMN_D0_0_merged_R2.fastq.gz bytes=38393424
[178/192] skip s3://lsmc-dayoa-omics-analysis-us-west-2/data/staged_sample_data/remote_stage_20260510T130308Z/20260507-LH01106-0005-A23K3JVLT4_s77785-NOVASEQ-PCR-FREE-gdna-23andme-run1-ILMN_D0_0/20260507-LH01106-0005-A23K3JVLT4_s77785-NOVASEQ-PCR-FREE-gdna-23andme-run1-ILMN_D0_0_merged_R2.fastq.gz
[179/192] skip s3://lsmc-dayoa-omics-analysis-us-west-2/data/staged_sample_data/remote_stage_20260510T130308Z/20260507-LH01106-0005-A23K3JVLT4_s77786-NOVASEQ-PCR-FREE-gdna-23andme-run1-ILMN_D0_0/20260507-LH01106-0005-A23K3JVLT4_s77786-NOVASEQ-PCR-FREE-gdna-23andme-run1-ILMN_D0_0_merged_R2.fastq.gz
[180/192] skip s3://lsmc-dayoa-omics-analysis-us-west-2/data/staged_sample_data/remote_stage_20260510T130308Z/20260507-LH01106-0005-A23K3JVLT4_s77787-NOVASEQ-PCR-FREE-gdna-23andme-run1-ILMN_D0_0/20260507-LH01106-0005-A23K3JVLT4_s77787-NOVASEQ-PCR-FREE-gdna-23andme-run1-ILMN_D0_0_merged_R1.fastq.gz
[181/192] skip s3://lsmc-dayoa-omics-analysis-us-west-2/data/staged_sample_data/remote_stage_20260510T130308Z/20260507-LH01106-0005-A23K3JVLT4_s77786-NOVASEQ-PCR-FREE-gdna-23andme-run1-ILMN_D0_0/20260507-LH01106-0005-A23K3JVLT4_s77786-NOVASEQ-PCR-FREE-gdna-23andme-run1-ILMN_D0_0_merged_R1.fastq.gz
[182/192] skip s3://lsmc-dayoa-omics-analysis-us-west-2/data/staged_sample_data/remote_stage_20260510T130308Z/20260507-LH01106-0005-A23K3JVLT4_s77787-NOVASEQ-PCR-FREE-gdna-23andme-run1-ILMN_D0_0/20260507-LH01106-0005-A23K3JVLT4_s77787-NOVASEQ-PCR-FREE-gdna-23andme-run1-ILMN_D0_0_merged_R2.fastq.gz
[183/192] skip s3://lsmc-dayoa-omics-analysis-us-west-2/data/staged_sample_data/remote_stage_20260510T130308Z/20260507-LH01106-0005-A23K3JVLT4_s77790-NOVASEQ-PCR-FREE-gdna-23andme-run1-ILMN_D0_0/20260507-LH01106-0005-A23K3JVLT4_s77790-NOVASEQ-PCR-FREE-gdna-23andme-run1-ILMN_D0_0_merged_R1.fastq.gz
[184/192] skip s3://lsmc-dayoa-omics-analysis-us-west-2/data/staged_sample_data/remote_stage_20260510T130308Z/20260507-LH01106-0005-A23K3JVLT4_s77790-NOVASEQ-PCR-FREE-gdna-23andme-run1-ILMN_D0_0/20260507-LH01106-0005-A23K3JVLT4_s77790-NOVASEQ-PCR-FREE-gdna-23andme-run1-ILMN_D0_0_merged_R2.fastq.gz
[185/192] skip s3://lsmc-dayoa-omics-analysis-us-west-2/data/staged_sample_data/remote_stage_20260510T130308Z/20260507-LH01106-0005-A23K3JVLT4_s77791-NOVASEQ-PCR-FREE-gdna-23andme-run1-ILMN_D0_0/20260507-LH01106-0005-A23K3JVLT4_s77791-NOVASEQ-PCR-FREE-gdna-23andme-run1-ILMN_D0_0_merged_R1.fastq.gz
[186/192] skip s3://lsmc-dayoa-omics-analysis-us-west-2/data/staged_sample_data/remote_stage_20260510T130308Z/20260507-LH01106-0005-A23K3JVLT4_s77794-NOVASEQ-PCR-FREE-gdna-23andme-run1-ILMN_D0_0/20260507-LH01106-0005-A23K3JVLT4_s77794-NOVASEQ-PCR-FREE-gdna-23andme-run1-ILMN_D0_0_merged_R1.fastq.gz
[187/192] skip s3://lsmc-dayoa-omics-analysis-us-west-2/data/staged_sample_data/remote_stage_20260510T130308Z/20260507-LH01106-0005-A23K3JVLT4_s77802-NOVASEQ-PCR-FREE-gdna-23andme-run1-ILMN_D0_0/20260507-LH01106-0005-A23K3JVLT4_s77802-NOVASEQ-PCR-FREE-gdna-23andme-run1-ILMN_D0_0_merged_R1.fastq.gz
[188/192] skip s3://lsmc-dayoa-omics-analysis-us-west-2/data/staged_sample_data/remote_stage_20260510T130308Z/20260507-LH01106-0005-A23K3JVLT4_s77791-NOVASEQ-PCR-FREE-gdna-23andme-run1-ILMN_D0_0/20260507-LH01106-0005-A23K3JVLT4_s77791-NOVASEQ-PCR-FREE-gdna-23andme-run1-ILMN_D0_0_merged_R2.fastq.gz
[189/192] skip s3://lsmc-dayoa-omics-analysis-us-west-2/data/staged_sample_data/remote_stage_20260510T130308Z/20260507-LH01106-0005-A23K3JVLT4_s77794-NOVASEQ-PCR-FREE-gdna-23andme-run1-ILMN_D0_0/20260507-LH01106-0005-A23K3JVLT4_s77794-NOVASEQ-PCR-FREE-gdna-23andme-run1-ILMN_D0_0_merged_R2.fastq.gz
[190/192] skip s3://lsmc-dayoa-omics-analysis-us-west-2/data/staged_sample_data/remote_stage_20260510T130308Z/20260507-LH01106-0005-A23K3JVLT4_s77804-NOVASEQ-PCR-FREE-gdna-23andme-run1-ILMN_D0_0/20260507-LH01106-0005-A23K3JVLT4_s77804-NOVASEQ-PCR-FREE-gdna-23andme-run1-ILMN_D0_0_merged_R1.fastq.gz
[191/192] skip s3://lsmc-dayoa-omics-analysis-us-west-2/data/staged_sample_data/remote_stage_20260510T130308Z/20260507-LH01106-0005-A23K3JVLT4_s77802-NOVASEQ-PCR-FREE-gdna-23andme-run1-ILMN_D0_0/20260507-LH01106-0005-A23K3JVLT4_s77802-NOVASEQ-PCR-FREE-gdna-23andme-run1-ILMN_D0_0_merged_R2.fastq.gz
[192/192] skip s3://lsmc-dayoa-omics-analysis-us-west-2/data/staged_sample_data/remote_stage_20260510T130308Z/20260507-LH01106-0005-A23K3JVLT4_s77804-NOVASEQ-PCR-FREE-gdna-23andme-run1-ILMN_D0_0/20260507-LH01106-0005-A23K3JVLT4_s77804-NOVASEQ-PCR-FREE-gdna-23andme-run1-ILMN_D0_0_merged_R2.fastq.gz
copy_jobs=192
copy_elapsed_seconds=4.3
Remote staging completed successfully.
Remote FSx stage directory: /fsx/data/staged_sample_data/remote_stage_20260510T130308Z
Generated configuration files:
  samples.tsv -> s3://lsmc-dayoa-omics-analysis-us-west-2/data/staged_sample_data/remote_stage_20260510T130308Z/20260510T130308Z_samples.tsv
  units.tsv   -> s3://lsmc-dayoa-omics-analysis-us-west-2/data/staged_sample_data/remote_stage_20260510T130308Z/20260510T130308Z_units.tsv
