DAY-EC activated.
DAY-EC activated.
PEDDY_OUTPUT_COUNTS
     96 
PEDDY_EXAMPLES
results/day/hg38/20260507-LH01106-0005-A23K3JVLT4-LSMC-NTC-23andme-run1-ILMN-0-D0-PCR-FREE-ILMN-NOVASEQ/align/sent/dmd/snv/sentd/peddy/20260507-LH01106-0005-A23K3JVLT4-LSMC-NTC-23andme-run1-ILMN-0-D0-PCR-FREE-ILMN-NOVASEQ.sent.dmd.sentd.peddy.ped
results/day/hg38/20260507-LH01106-0005-A23K3JVLT4-s77794-23andme-run1-ILMN-0-D0-PCR-FREE-ILMN-NOVASEQ/align/sent/dmd/snv/sentd/peddy/20260507-LH01106-0005-A23K3JVLT4-s77794-23andme-run1-ILMN-0-D0-PCR-FREE-ILMN-NOVASEQ.sent.dmd.sentd.peddy.ped
results/day/hg38/20260507-LH01106-0005-A23K3JVLT4-s77678-23andme-run1-ILMN-0-D0-PCR-FREE-ILMN-NOVASEQ/align/sent/dmd/snv/sentd/peddy/20260507-LH01106-0005-A23K3JVLT4-s77678-23andme-run1-ILMN-0-D0-PCR-FREE-ILMN-NOVASEQ.sent.dmd.sentd.peddy.ped
results/day/hg38/20260507-LH01106-0005-A23K3JVLT4-s77754-23andme-run1-ILMN-0-D0-PCR-FREE-ILMN-NOVASEQ/align/sent/dmd/snv/sentd/peddy/20260507-LH01106-0005-A23K3JVLT4-s77754-23andme-run1-ILMN-0-D0-PCR-FREE-ILMN-NOVASEQ.sent.dmd.sentd.peddy.ped
results/day/hg38/20260507-LH01106-0005-A23K3JVLT4-s77764-23andme-run1-ILMN-0-D0-PCR-FREE-ILMN-NOVASEQ/align/sent/dmd/snv/sentd/peddy/20260507-LH01106-0005-A23K3JVLT4-s77764-23andme-run1-ILMN-0-D0-PCR-FREE-ILMN-NOVASEQ.sent.dmd.sentd.peddy.ped
results/day/hg38/20260507-LH01106-0005-A23K3JVLT4-s77688-23andme-run1-ILMN-0-D0-PCR-FREE-ILMN-NOVASEQ/align/sent/dmd/snv/sentd/peddy/20260507-LH01106-0005-A23K3JVLT4-s77688-23andme-run1-ILMN-0-D0-PCR-FREE-ILMN-NOVASEQ.sent.dmd.sentd.peddy.ped
results/day/hg38/20260507-LH01106-0005-A23K3JVLT4-s77704-23andme-run1-ILMN-0-D0-PCR-FREE-ILMN-NOVASEQ/align/sent/dmd/snv/sentd/peddy/20260507-LH01106-0005-A23K3JVLT4-s77704-23andme-run1-ILMN-0-D0-PCR-FREE-ILMN-NOVASEQ.sent.dmd.sentd.peddy.ped
results/day/hg38/20260507-LH01106-0005-A23K3JVLT4-s77734-23andme-run1-ILMN-0-D0-PCR-FREE-ILMN-NOVASEQ/align/sent/dmd/snv/sentd/peddy/20260507-LH01106-0005-A23K3JVLT4-s77734-23andme-run1-ILMN-0-D0-PCR-FREE-ILMN-NOVASEQ.sent.dmd.sentd.peddy.ped
results/day/hg38/20260507-LH01106-0005-A23K3JVLT4-s77790-23andme-run1-ILMN-0-D0-PCR-FREE-ILMN-NOVASEQ/align/sent/dmd/snv/sentd/peddy/20260507-LH01106-0005-A23K3JVLT4-s77790-23andme-run1-ILMN-0-D0-PCR-FREE-ILMN-NOVASEQ.sent.dmd.sentd.peddy.ped
results/day/hg38/20260507-LH01106-0005-A23K3JVLT4-s77409-23andme-run1-ILMN-0-D0-PCR-FREE-ILMN-NOVASEQ/align/sent/dmd/snv/sentd/peddy/20260507-LH01106-0005-A23K3JVLT4-s77409-23andme-run1-ILMN-0-D0-PCR-FREE-ILMN-NOVASEQ.sent.dmd.sentd.peddy.ped
results/day/hg38/20260507-LH01106-0005-A23K3JVLT4-s77760-23andme-run1-ILMN-0-D0-PCR-FREE-ILMN-NOVASEQ/align/sent/dmd/snv/sentd/peddy/20260507-LH01106-0005-A23K3JVLT4-s77760-23andme-run1-ILMN-0-D0-PCR-FREE-ILMN-NOVASEQ.sent.dmd.sentd.peddy.ped
results/day/hg38/20260507-LH01106-0005-A23K3JVLT4-s77750-23andme-run1-ILMN-0-D0-PCR-FREE-ILMN-NOVASEQ/align/sent/dmd/snv/sentd/peddy/20260507-LH01106-0005-A23K3JVLT4-s77750-23andme-run1-ILMN-0-D0-PCR-FREE-ILMN-NOVASEQ.sent.dmd.sentd.peddy.ped
results/day/hg38/20260507-LH01106-0005-A23K3JVLT4-s77700-23andme-run1-ILMN-0-D0-PCR-FREE-ILMN-NOVASEQ/align/sent/dmd/snv/sentd/peddy/20260507-LH01106-0005-A23K3JVLT4-s77700-23andme-run1-ILMN-0-D0-PCR-FREE-ILMN-NOVASEQ.sent.dmd.sentd.peddy.ped
results/day/hg38/20260507-LH01106-0005-A23K3JVLT4-s77717-23andme-run1-ILMN-0-D0-PCR-FREE-ILMN-NOVASEQ/align/sent/dmd/snv/sentd/peddy/20260507-LH01106-0005-A23K3JVLT4-s77717-23andme-run1-ILMN-0-D0-PCR-FREE-ILMN-NOVASEQ.sent.dmd.sentd.peddy.ped
results/day/hg38/20260507-LH01106-0005-A23K3JVLT4-s74478-23andme-run1-ILMN-0-D0-PCR-FREE-ILMN-NOVASEQ/align/sent/dmd/snv/sentd/peddy/20260507-LH01106-0005-A23K3JVLT4-s74478-23andme-run1-ILMN-0-D0-PCR-FREE-ILMN-NOVASEQ.sent.dmd.sentd.peddy.ped
results/day/hg38/20260507-LH01106-0005-A23K3JVLT4-s77787-23andme-run1-ILMN-0-D0-PCR-FREE-ILMN-NOVASEQ/align/sent/dmd/snv/sentd/peddy/20260507-LH01106-0005-A23K3JVLT4-s77787-23andme-run1-ILMN-0-D0-PCR-FREE-ILMN-NOVASEQ.sent.dmd.sentd.peddy.ped
results/day/hg38/20260507-LH01106-0005-A23K3JVLT4-s77680-23andme-run1-ILMN-0-D0-PCR-FREE-ILMN-NOVASEQ/align/sent/dmd/snv/sentd/peddy/20260507-LH01106-0005-A23K3JVLT4-s77680-23andme-run1-ILMN-0-D0-PCR-FREE-ILMN-NOVASEQ.sent.dmd.sentd.peddy.ped
results/day/hg38/20260507-LH01106-0005-A23K3JVLT4-s77713-23andme-run1-ILMN-0-D0-PCR-FREE-ILMN-NOVASEQ/align/sent/dmd/snv/sentd/peddy/20260507-LH01106-0005-A23K3JVLT4-s77713-23andme-run1-ILMN-0-D0-PCR-FREE-ILMN-NOVASEQ.sent.dmd.sentd.peddy.ped
results/day/hg38/20260507-LH01106-0005-A23K3JVLT4-s77674-23andme-run1-ILMN-0-D0-PCR-FREE-ILMN-NOVASEQ/align/sent/dmd/snv/sentd/peddy/20260507-LH01106-0005-A23K3JVLT4-s77674-23andme-run1-ILMN-0-D0-PCR-FREE-ILMN-NOVASEQ.sent.dmd.sentd.peddy.ped
results/day/hg38/20260507-LH01106-0005-A23K3JVLT4-s77723-23andme-run1-ILMN-0-D0-PCR-FREE-ILMN-NOVASEQ/align/sent/dmd/snv/sentd/peddy/20260507-LH01106-0005-A23K3JVLT4-s77723-23andme-run1-ILMN-0-D0-PCR-FREE-ILMN-NOVASEQ.sent.dmd.sentd.peddy.ped
results/day/hg38/20260507-LH01106-0005-A23K3JVLT4-s77802-23andme-run1-ILMN-0-D0-PCR-FREE-ILMN-NOVASEQ/align/sent/dmd/snv/sentd/peddy/20260507-LH01106-0005-A23K3JVLT4-s77802-23andme-run1-ILMN-0-D0-PCR-FREE-ILMN-NOVASEQ.sent.dmd.sentd.peddy.ped
results/day/hg38/20260507-LH01106-0005-A23K3JVLT4-s77773-23andme-run1-ILMN-0-D0-PCR-FREE-ILMN-NOVASEQ/align/sent/dmd/snv/sentd/peddy/20260507-LH01106-0005-A23K3JVLT4-s77773-23andme-run1-ILMN-0-D0-PCR-FREE-ILMN-NOVASEQ.sent.dmd.sentd.peddy.ped
results/day/hg38/20260507-LH01106-0005-A23K3JVLT4-s77738-23andme-run1-ILMN-0-D0-PCR-FREE-ILMN-NOVASEQ/align/sent/dmd/snv/sentd/peddy/20260507-LH01106-0005-A23K3JVLT4-s77738-23andme-run1-ILMN-0-D0-PCR-FREE-ILMN-NOVASEQ.sent.dmd.sentd.peddy.ped
results/day/hg38/20260507-LH01106-0005-A23K3JVLT4-s77783-23andme-run1-ILMN-0-D0-PCR-FREE-ILMN-NOVASEQ/align/sent/dmd/snv/sentd/peddy/20260507-LH01106-0005-A23K3JVLT4-s77783-23andme-run1-ILMN-0-D0-PCR-FREE-ILMN-NOVASEQ.sent.dmd.sentd.peddy.ped
results/day/hg38/20260507-LH01106-0005-A23K3JVLT4-s77768-23andme-run1-ILMN-0-D0-PCR-FREE-ILMN-NOVASEQ/align/sent/dmd/snv/sentd/peddy/20260507-LH01106-0005-A23K3JVLT4-s77768-23andme-run1-ILMN-0-D0-PCR-FREE-ILMN-NOVASEQ.sent.dmd.sentd.peddy.ped
results/day/hg38/20260507-LH01106-0005-A23K3JVLT4-s77684-23andme-run1-ILMN-0-D0-PCR-FREE-ILMN-NOVASEQ/align/sent/dmd/snv/sentd/peddy/20260507-LH01106-0005-A23K3JVLT4-s77684-23andme-run1-ILMN-0-D0-PCR-FREE-ILMN-NOVASEQ.sent.dmd.sentd.peddy.ped
results/day/hg38/20260507-LH01106-0005-A23K3JVLT4-s77758-23andme-run1-ILMN-0-D0-PCR-FREE-ILMN-NOVASEQ/align/sent/dmd/snv/sentd/peddy/20260507-LH01106-0005-A23K3JVLT4-s77758-23andme-run1-ILMN-0-D0-PCR-FREE-ILMN-NOVASEQ.sent.dmd.sentd.peddy.ped
results/day/hg38/20260507-LH01106-0005-A23K3JVLT4-s77726-23andme-run1-ILMN-0-D0-PCR-FREE-ILMN-NOVASEQ/align/sent/dmd/snv/sentd/peddy/20260507-LH01106-0005-A23K3JVLT4-s77726-23andme-run1-ILMN-0-D0-PCR-FREE-ILMN-NOVASEQ.sent.dmd.sentd.peddy.ped
results/day/hg38/20260507-LH01106-0005-A23K3JVLT4-s77716-23andme-run1-ILMN-0-D0-PCR-FREE-ILMN-NOVASEQ/align/sent/dmd/snv/sentd/peddy/20260507-LH01106-0005-A23K3JVLT4-s77716-23andme-run1-ILMN-0-D0-PCR-FREE-ILMN-NOVASEQ.sent.dmd.sentd.peddy.ped
results/day/hg38/20260507-LH01106-0005-A23K3JVLT4-s77786-23andme-run1-ILMN-0-D0-PCR-FREE-ILMN-NOVASEQ/align/sent/dmd/snv/sentd/peddy/20260507-LH01106-0005-A23K3JVLT4-s77786-23andme-run1-ILMN-0-D0-PCR-FREE-ILMN-NOVASEQ.sent.dmd.sentd.peddy.ped
results/day/hg38/20260507-LH01106-0005-A23K3JVLT4-s77681-23andme-run1-ILMN-0-D0-PCR-FREE-ILMN-NOVASEQ/align/sent/dmd/snv/sentd/peddy/20260507-LH01106-0005-A23K3JVLT4-s77681-23andme-run1-ILMN-0-D0-PCR-FREE-ILMN-NOVASEQ.sent.dmd.sentd.peddy.ped
results/day/hg38/20260507-LH01106-0005-A23K3JVLT4-s77712-23andme-run1-ILMN-0-D0-PCR-FREE-ILMN-NOVASEQ/align/sent/dmd/snv/sentd/peddy/20260507-LH01106-0005-A23K3JVLT4-s77712-23andme-run1-ILMN-0-D0-PCR-FREE-ILMN-NOVASEQ.sent.dmd.sentd.peddy.ped
results/day/hg38/20260507-LH01106-0005-A23K3JVLT4-s77722-23andme-run1-ILMN-0-D0-PCR-FREE-ILMN-NOVASEQ/align/sent/dmd/snv/sentd/peddy/20260507-LH01106-0005-A23K3JVLT4-s77722-23andme-run1-ILMN-0-D0-PCR-FREE-ILMN-NOVASEQ.sent.dmd.sentd.peddy.ped
results/day/hg38/20260507-LH01106-0005-A23K3JVLT4-s77685-23andme-run1-ILMN-0-D0-PCR-FREE-ILMN-NOVASEQ/align/sent/dmd/snv/sentd/peddy/20260507-LH01106-0005-A23K3JVLT4-s77685-23andme-run1-ILMN-0-D0-PCR-FREE-ILMN-NOVASEQ.sent.dmd.sentd.peddy.ped
results/day/hg38/20260507-LH01106-0005-A23K3JVLT4-s77759-23andme-run1-ILMN-0-D0-PCR-FREE-ILMN-NOVASEQ/align/sent/dmd/snv/sentd/peddy/20260507-LH01106-0005-A23K3JVLT4-s77759-23andme-run1-ILMN-0-D0-PCR-FREE-ILMN-NOVASEQ.sent.dmd.sentd.peddy.ped
results/day/hg38/20260507-LH01106-0005-A23K3JVLT4-s77679-23andme-run1-ILMN-0-D0-PCR-FREE-ILMN-NOVASEQ/align/sent/dmd/snv/sentd/peddy/20260507-LH01106-0005-A23K3JVLT4-s77679-23andme-run1-ILMN-0-D0-PCR-FREE-ILMN-NOVASEQ.sent.dmd.sentd.peddy.ped
results/day/hg38/20260507-LH01106-0005-A23K3JVLT4-s77765-23andme-run1-ILMN-0-D0-PCR-FREE-ILMN-NOVASEQ/align/sent/dmd/snv/sentd/peddy/20260507-LH01106-0005-A23K3JVLT4-s77765-23andme-run1-ILMN-0-D0-PCR-FREE-ILMN-NOVASEQ.sent.dmd.sentd.peddy.ped
results/day/hg38/20260507-LH01106-0005-A23K3JVLT4-s77689-23andme-run1-ILMN-0-D0-PCR-FREE-ILMN-NOVASEQ/align/sent/dmd/snv/sentd/peddy/20260507-LH01106-0005-A23K3JVLT4-s77689-23andme-run1-ILMN-0-D0-PCR-FREE-ILMN-NOVASEQ.sent.dmd.sentd.peddy.ped
results/day/hg38/20260507-LH01106-0005-A23K3JVLT4-s77705-23andme-run1-ILMN-0-D0-PCR-FREE-ILMN-NOVASEQ/align/sent/dmd/snv/sentd/peddy/20260507-LH01106-0005-A23K3JVLT4-s77705-23andme-run1-ILMN-0-D0-PCR-FREE-ILMN-NOVASEQ.sent.dmd.sentd.peddy.ped
results/day/hg38/20260507-LH01106-0005-A23K3JVLT4-s77735-23andme-run1-ILMN-0-D0-PCR-FREE-ILMN-NOVASEQ/align/sent/dmd/snv/sentd/peddy/20260507-LH01106-0005-A23K3JVLT4-s77735-23andme-run1-ILMN-0-D0-PCR-FREE-ILMN-NOVASEQ.sent.dmd.sentd.peddy.ped
results/day/hg38/20260507-LH01106-0005-A23K3JVLT4-s77791-23andme-run1-ILMN-0-D0-PCR-FREE-ILMN-NOVASEQ/align/sent/dmd/snv/sentd/peddy/20260507-LH01106-0005-A23K3JVLT4-s77791-23andme-run1-ILMN-0-D0-PCR-FREE-ILMN-NOVASEQ.sent.dmd.sentd.peddy.ped
results/day/hg38/20260507-LH01106-0005-A23K3JVLT4-s77483-23andme-run1-ILMN-0-D0-PCR-FREE-ILMN-NOVASEQ/align/sent/dmd/snv/sentd/peddy/20260507-LH01106-0005-A23K3JVLT4-s77483-23andme-run1-ILMN-0-D0-PCR-FREE-ILMN-NOVASEQ.sent.dmd.sentd.peddy.ped
results/day/hg38/20260507-LH01106-0005-A23K3JVLT4-s77761-23andme-run1-ILMN-0-D0-PCR-FREE-ILMN-NOVASEQ/align/sent/dmd/snv/sentd/peddy/20260507-LH01106-0005-A23K3JVLT4-s77761-23andme-run1-ILMN-0-D0-PCR-FREE-ILMN-NOVASEQ.sent.dmd.sentd.peddy.ped
results/day/hg38/20260507-LH01106-0005-A23K3JVLT4-s77701-23andme-run1-ILMN-0-D0-PCR-FREE-ILMN-NOVASEQ/align/sent/dmd/snv/sentd/peddy/20260507-LH01106-0005-A23K3JVLT4-s77701-23andme-run1-ILMN-0-D0-PCR-FREE-ILMN-NOVASEQ.sent.dmd.sentd.peddy.ped
results/day/hg38/20260507-LH01106-0005-A23K3JVLT4-s77724-23andme-run1-ILMN-0-D0-PCR-FREE-ILMN-NOVASEQ/align/sent/dmd/snv/sentd/peddy/20260507-LH01106-0005-A23K3JVLT4-s77724-23andme-run1-ILMN-0-D0-PCR-FREE-ILMN-NOVASEQ.sent.dmd.sentd.peddy.ped
results/day/hg38/20260507-LH01106-0005-A23K3JVLT4-s77714-23andme-run1-ILMN-0-D0-PCR-FREE-ILMN-NOVASEQ/align/sent/dmd/snv/sentd/peddy/20260507-LH01106-0005-A23K3JVLT4-s77714-23andme-run1-ILMN-0-D0-PCR-FREE-ILMN-NOVASEQ.sent.dmd.sentd.peddy.ped
results/day/hg38/20260507-LH01106-0005-A23K3JVLT4-s77744-23andme-run1-ILMN-0-D0-PCR-FREE-ILMN-NOVASEQ/align/sent/dmd/snv/sentd/peddy/20260507-LH01106-0005-A23K3JVLT4-s77744-23andme-run1-ILMN-0-D0-PCR-FREE-ILMN-NOVASEQ.sent.dmd.sentd.peddy.ped
results/day/hg38/20260507-LH01106-0005-A23K3JVLT4-s77784-23andme-run1-ILMN-0-D0-PCR-FREE-ILMN-NOVASEQ/align/sent/dmd/snv/sentd/peddy/20260507-LH01106-0005-A23K3JVLT4-s77784-23andme-run1-ILMN-0-D0-PCR-FREE-ILMN-NOVASEQ.sent.dmd.sentd.peddy.ped
results/day/hg38/20260507-LH01106-0005-A23K3JVLT4-s77683-23andme-run1-ILMN-0-D0-PCR-FREE-ILMN-NOVASEQ/align/sent/dmd/snv/sentd/peddy/20260507-LH01106-0005-A23K3JVLT4-s77683-23andme-run1-ILMN-0-D0-PCR-FREE-ILMN-NOVASEQ.sent.dmd.sentd.peddy.ped
results/day/hg38/20260507-LH01106-0005-A23K3JVLT4-s77677-23andme-run1-ILMN-0-D0-PCR-FREE-ILMN-NOVASEQ/align/sent/dmd/snv/sentd/peddy/20260507-LH01106-0005-A23K3JVLT4-s77677-23andme-run1-ILMN-0-D0-PCR-FREE-ILMN-NOVASEQ.sent.dmd.sentd.peddy.ped
results/day/hg38/20260507-LH01106-0005-A23K3JVLT4-s77710-23andme-run1-ILMN-0-D0-PCR-FREE-ILMN-NOVASEQ/align/sent/dmd/snv/sentd/peddy/20260507-LH01106-0005-A23K3JVLT4-s77710-23andme-run1-ILMN-0-D0-PCR-FREE-ILMN-NOVASEQ.sent.dmd.sentd.peddy.ped
results/day/hg38/20260507-LH01106-0005-A23K3JVLT4-s77720-23andme-run1-ILMN-0-D0-PCR-FREE-ILMN-NOVASEQ/align/sent/dmd/snv/sentd/peddy/20260507-LH01106-0005-A23K3JVLT4-s77720-23andme-run1-ILMN-0-D0-PCR-FREE-ILMN-NOVASEQ.sent.dmd.sentd.peddy.ped
results/day/hg38/20260507-LH01106-0005-A23K3JVLT4-s77770-23andme-run1-ILMN-0-D0-PCR-FREE-ILMN-NOVASEQ/align/sent/dmd/snv/sentd/peddy/20260507-LH01106-0005-A23K3JVLT4-s77770-23andme-run1-ILMN-0-D0-PCR-FREE-ILMN-NOVASEQ.sent.dmd.sentd.peddy.ped
results/day/hg38/20260507-LH01106-0005-A23K3JVLT4-s77780-23andme-run1-ILMN-0-D0-PCR-FREE-ILMN-NOVASEQ/align/sent/dmd/snv/sentd/peddy/20260507-LH01106-0005-A23K3JVLT4-s77780-23andme-run1-ILMN-0-D0-PCR-FREE-ILMN-NOVASEQ.sent.dmd.sentd.peddy.ped
results/day/hg38/20260507-LH01106-0005-A23K3JVLT4-s77687-23andme-run1-ILMN-0-D0-PCR-FREE-ILMN-NOVASEQ/align/sent/dmd/snv/sentd/peddy/20260507-LH01106-0005-A23K3JVLT4-s77687-23andme-run1-ILMN-0-D0-PCR-FREE-ILMN-NOVASEQ.sent.dmd.sentd.peddy.ped
results/day/hg38/20260507-LH01106-0005-A23K3JVLT4-s77690-23andme-run1-ILMN-0-D0-PCR-FREE-ILMN-NOVASEQ/align/sent/dmd/snv/sentd/peddy/20260507-LH01106-0005-A23K3JVLT4-s77690-23andme-run1-ILMN-0-D0-PCR-FREE-ILMN-NOVASEQ.sent.dmd.sentd.peddy.ped
results/day/hg38/20260507-LH01106-0005-A23K3JVLT4-s77757-23andme-run1-ILMN-0-D0-PCR-FREE-ILMN-NOVASEQ/align/sent/dmd/snv/sentd/peddy/20260507-LH01106-0005-A23K3JVLT4-s77757-23andme-run1-ILMN-0-D0-PCR-FREE-ILMN-NOVASEQ.sent.dmd.sentd.peddy.ped
results/day/hg38/20260507-LH01106-0005-A23K3JVLT4-s77767-23andme-run1-ILMN-0-D0-PCR-FREE-ILMN-NOVASEQ/align/sent/dmd/snv/sentd/peddy/20260507-LH01106-0005-A23K3JVLT4-s77767-23andme-run1-ILMN-0-D0-PCR-FREE-ILMN-NOVASEQ.sent.dmd.sentd.peddy.ped
results/day/hg38/20260507-LH01106-0005-A23K3JVLT4-s77707-23andme-run1-ILMN-0-D0-PCR-FREE-ILMN-NOVASEQ/align/sent/dmd/snv/sentd/peddy/20260507-LH01106-0005-A23K3JVLT4-s77707-23andme-run1-ILMN-0-D0-PCR-FREE-ILMN-NOVASEQ.sent.dmd.sentd.peddy.ped
results/day/hg38/20260507-LH01106-0005-A23K3JVLT4-s77586-23andme-run1-ILMN-0-D0-PCR-FREE-ILMN-NOVASEQ/align/sent/dmd/snv/sentd/peddy/20260507-LH01106-0005-A23K3JVLT4-s77586-23andme-run1-ILMN-0-D0-PCR-FREE-ILMN-NOVASEQ.sent.dmd.sentd.peddy.ped
results/day/hg38/20260507-LH01106-0005-A23K3JVLT4-s77748-23andme-run1-ILMN-0-D0-PCR-FREE-ILMN-NOVASEQ/align/sent/dmd/snv/sentd/peddy/20260507-LH01106-0005-A23K3JVLT4-s77748-23andme-run1-ILMN-0-D0-PCR-FREE-ILMN-NOVASEQ.sent.dmd.sentd.peddy.ped
results/day/hg38/20260507-LH01106-0005-A23K3JVLT4-s77778-23andme-run1-ILMN-0-D0-PCR-FREE-ILMN-NOVASEQ/align/sent/dmd/snv/sentd/peddy/20260507-LH01106-0005-A23K3JVLT4-s77778-23andme-run1-ILMN-0-D0-PCR-FREE-ILMN-NOVASEQ.sent.dmd.sentd.peddy.ped
results/day/hg38/20260507-LH01106-0005-A23K3JVLT4-s77694-23andme-run1-ILMN-0-D0-PCR-FREE-ILMN-NOVASEQ/align/sent/dmd/snv/sentd/peddy/20260507-LH01106-0005-A23K3JVLT4-s77694-23andme-run1-ILMN-0-D0-PCR-FREE-ILMN-NOVASEQ.sent.dmd.sentd.peddy.ped
results/day/hg38/20260507-LH01106-0005-A23K3JVLT4-s77718-23andme-run1-ILMN-0-D0-PCR-FREE-ILMN-NOVASEQ/align/sent/dmd/snv/sentd/peddy/20260507-LH01106-0005-A23K3JVLT4-s77718-23andme-run1-ILMN-0-D0-PCR-FREE-ILMN-NOVASEQ.sent.dmd.sentd.peddy.ped
results/day/hg38/20260507-LH01106-0005-A23K3JVLT4-s77728-23andme-run1-ILMN-0-D0-PCR-FREE-ILMN-NOVASEQ/align/sent/dmd/snv/sentd/peddy/20260507-LH01106-0005-A23K3JVLT4-s77728-23andme-run1-ILMN-0-D0-PCR-FREE-ILMN-NOVASEQ.sent.dmd.sentd.peddy.ped
results/day/hg38/20260507-LH01106-0005-A23K3JVLT4-s77763-23andme-run1-ILMN-0-D0-PCR-FREE-ILMN-NOVASEQ/align/sent/dmd/snv/sentd/peddy/20260507-LH01106-0005-A23K3JVLT4-s77763-23andme-run1-ILMN-0-D0-PCR-FREE-ILMN-NOVASEQ.sent.dmd.sentd.peddy.ped
results/day/hg38/20260507-LH01106-0005-A23K3JVLT4-s77753-23andme-run1-ILMN-0-D0-PCR-FREE-ILMN-NOVASEQ/align/sent/dmd/snv/sentd/peddy/20260507-LH01106-0005-A23K3JVLT4-s77753-23andme-run1-ILMN-0-D0-PCR-FREE-ILMN-NOVASEQ.sent.dmd.sentd.peddy.ped
results/day/hg38/20260507-LH01106-0005-A23K3JVLT4-s77733-23andme-run1-ILMN-0-D0-PCR-FREE-ILMN-NOVASEQ/align/sent/dmd/snv/sentd/peddy/20260507-LH01106-0005-A23K3JVLT4-s77733-23andme-run1-ILMN-0-D0-PCR-FREE-ILMN-NOVASEQ.sent.dmd.sentd.peddy.ped
results/day/hg38/20260507-LH01106-0005-A23K3JVLT4-s77703-23andme-run1-ILMN-0-D0-PCR-FREE-ILMN-NOVASEQ/align/sent/dmd/snv/sentd/peddy/20260507-LH01106-0005-A23K3JVLT4-s77703-23andme-run1-ILMN-0-D0-PCR-FREE-ILMN-NOVASEQ.sent.dmd.sentd.peddy.ped
results/day/hg38/20260507-LH01106-0005-A23K3JVLT4-s77691-23andme-run1-ILMN-0-D0-PCR-FREE-ILMN-NOVASEQ/align/sent/dmd/snv/sentd/peddy/20260507-LH01106-0005-A23K3JVLT4-s77691-23andme-run1-ILMN-0-D0-PCR-FREE-ILMN-NOVASEQ.sent.dmd.sentd.peddy.ped
results/day/hg38/20260507-LH01106-0005-A23K3JVLT4-s77756-23andme-run1-ILMN-0-D0-PCR-FREE-ILMN-NOVASEQ/align/sent/dmd/snv/sentd/peddy/20260507-LH01106-0005-A23K3JVLT4-s77756-23andme-run1-ILMN-0-D0-PCR-FREE-ILMN-NOVASEQ.sent.dmd.sentd.peddy.ped
results/day/hg38/20260507-LH01106-0005-A23K3JVLT4-LSMC-HG003-23andme-run1-ILMN-0-D0-PCR-FREE-ILMN-NOVASEQ/align/sent/dmd/snv/sentd/peddy/20260507-LH01106-0005-A23K3JVLT4-LSMC-HG003-23andme-run1-ILMN-0-D0-PCR-FREE-ILMN-NOVASEQ.sent.dmd.sentd.peddy.ped
results/day/hg38/20260507-LH01106-0005-A23K3JVLT4-s77766-23andme-run1-ILMN-0-D0-PCR-FREE-ILMN-NOVASEQ/align/sent/dmd/snv/sentd/peddy/20260507-LH01106-0005-A23K3JVLT4-s77766-23andme-run1-ILMN-0-D0-PCR-FREE-ILMN-NOVASEQ.sent.dmd.sentd.peddy.ped
results/day/hg38/20260507-LH01106-0005-A23K3JVLT4-s77706-23andme-run1-ILMN-0-D0-PCR-FREE-ILMN-NOVASEQ/align/sent/dmd/snv/sentd/peddy/20260507-LH01106-0005-A23K3JVLT4-s77706-23andme-run1-ILMN-0-D0-PCR-FREE-ILMN-NOVASEQ.sent.dmd.sentd.peddy.ped
results/day/hg38/20260507-LH01106-0005-A23K3JVLT4-s77736-23andme-run1-ILMN-0-D0-PCR-FREE-ILMN-NOVASEQ/align/sent/dmd/snv/sentd/peddy/20260507-LH01106-0005-A23K3JVLT4-s77736-23andme-run1-ILMN-0-D0-PCR-FREE-ILMN-NOVASEQ.sent.dmd.sentd.peddy.ped
results/day/hg38/20260507-LH01106-0005-A23K3JVLT4-s77414-23andme-run1-ILMN-0-D0-PCR-FREE-ILMN-NOVASEQ/align/sent/dmd/snv/sentd/peddy/20260507-LH01106-0005-A23K3JVLT4-s77414-23andme-run1-ILMN-0-D0-PCR-FREE-ILMN-NOVASEQ.sent.dmd.sentd.peddy.ped
results/day/hg38/20260507-LH01106-0005-A23K3JVLT4-s77695-23andme-run1-ILMN-0-D0-PCR-FREE-ILMN-NOVASEQ/align/sent/dmd/snv/sentd/peddy/20260507-LH01106-0005-A23K3JVLT4-s77695-23andme-run1-ILMN-0-D0-PCR-FREE-ILMN-NOVASEQ.sent.dmd.sentd.peddy.ped
results/day/hg38/20260507-LH01106-0005-A23K3JVLT4-s77719-23andme-run1-ILMN-0-D0-PCR-FREE-ILMN-NOVASEQ/align/sent/dmd/snv/sentd/peddy/20260507-LH01106-0005-A23K3JVLT4-s77719-23andme-run1-ILMN-0-D0-PCR-FREE-ILMN-NOVASEQ.sent.dmd.sentd.peddy.ped
results/day/hg38/20260507-LH01106-0005-A23K3JVLT4-s77762-23andme-run1-ILMN-0-D0-PCR-FREE-ILMN-NOVASEQ/align/sent/dmd/snv/sentd/peddy/20260507-LH01106-0005-A23K3JVLT4-s77762-23andme-run1-ILMN-0-D0-PCR-FREE-ILMN-NOVASEQ.sent.dmd.sentd.peddy.ped
results/day/hg38/20260507-LH01106-0005-A23K3JVLT4-s77702-23andme-run1-ILMN-0-D0-PCR-FREE-ILMN-NOVASEQ/align/sent/dmd/snv/sentd/peddy/20260507-LH01106-0005-A23K3JVLT4-s77702-23andme-run1-ILMN-0-D0-PCR-FREE-ILMN-NOVASEQ.sent.dmd.sentd.peddy.ped
