DAY-EC activated.
DAY-EC activated.
TMUX
running
STATUS
{
  "command": "bin/day_run produce_tiddit --config sv_callers=['tiddit'] -p -j 100 -k",
  "completed_at": null,
  "exit_code": null,
  "repo_path": "/fsx/analysis_results/ubuntu/23andme-run1-ILMN/daylily-omics-analysis",
  "session_name": "23andme-run1-ILMN",
  "started_at": "2026-05-10T21:41:16Z"
}
LOG_TAIL
	                           
	                           
	                           
	. To Stage Sample Data, see daylily-ephemeral-cluster docs for running ~/projects/daylily-ephemeral-cluster/bin/daylily-stage-analysis-samples-headnode 
	  ... which once run, you will copy the samples.tsv and units.tsv files to config/ in this directory.
	                           
	(example): ACTIVATE AN ANALYSIS ENV





		dy-a slurm hg38 # or hg38_broad or b37

	(example): RUN ANALYSES

		cp .test_data/data/0.01xwgs_HG002_hg38.samples.tsv config/samples.tsv

		cp .test_data/data/0.01xwgs_HG002_hg38.units.tsv config/units.tsv



		# Use target names directly (tab-complete available):

		dy-r produce_snv_concordances -p -k -j 20 -n   # Illumina short-read SNV concordance

		dy-r produce_alignstats -p -k -j 20 -n         # Alignment statistics



		# Platform-specific targets:

		dy-r produce_sentdont_vcf -p -k -j 20 -n       # ONT SNV calling

		dy-r produce_sentdpb_vcf -p -k -j 20 -n        # PacBio SNV calling

		dy-r produce_sentdug_vcf -p -k -j 20 -n        # Ultima SNV calling (use hg38_broad)



		# Hybrid workflow targets:

		dy-r produce_sentdhio_vcf -p -k -j 20 -n       # Hybrid Illumina+ONT CLI

		dy-r produce_sentdhuo_vcf -p -k -j 20 -n       # Hybrid Ultima+ONT CLI (use hg38_broad)

		dy-r produce_sentdhiom_vcf -p -k -j 20 -n      # Hybrid Illumina+ONT Modular

		dy-r produce_sentdhuom_vcf -p -k -j 20 -n      # Hybrid Ultima+ONT Modular (use hg38_broad)



		# Remove -n to execute (not dry-run)

Requesting profile: slurm
Attempting to deactivate existing environments & re-init with --project fk-260509-use .
Remote call detected. Activating conda hack
[1m[48;5;88m[38;5;79mYour config files in /fsx/analysis_results/ubuntu/23andme-run1-ILMN/daylily-omics-analysis/config/day_profiles/slurm are newer than the templates. clear 2 go.[0m
yq is already installed.
WARNING: sentieon lic file /fsx/data/cached_envs/x.lic not found.
Detected sentieon license file: /fsx/data/cached_envs/Life_Sciences_Manufacturing_Corporation_eval.lic will be used and overrides what is in ~/.config/daylily/daylily_cli_global.yaml

!!!!
!!!!
    WARNING: gittag:null not found touched in  ~/.config/daylily/null 
     This might be fine if you have cloned a more recent release of daylily compared to the tagged version used to create this ephemeral cluster.
     ... however, this is not expected. If you are running an ephemeral cluster headnode for days+, this is not the intended use of daylily, a fresh build might be called for.
     This is checked by testing if ~/.config/daylily/null exists .
!!!!
[5m[48;5;118m[30m > >> >>> [0m[1m[40m[38;5;118m  genome build set to ::: hg38  [0m
[1m[40m[38;5;118m       _______ GREAT SUCCESS _______       [0m
Executing TIDDIT production run at 2026-05-10T21:41:27Z
Remote call detected. Activating conda hack
[1m[48;5;88m[38;5;79mYour config files in /fsx/analysis_results/ubuntu/23andme-run1-ILMN/daylily-omics-analysis/config/day_profiles/slurm are newer than the templates. clear 2 go.[0m
[1m[40m[38;5;118mExecuting: snakemake --profile=/fsx/analysis_results/ubuntu/23andme-run1-ILMN/daylily-omics-analysis/config/day_profiles/slurm produce_tiddit --config sv_callers=['tiddit'] -p -j 100 -k[0m
Config file config/global.yaml is extended by additional config specified via the command line.
loading global: /fsx/analysis_results/ubuntu/23andme-run1-ILMN/daylily-omics-analysis/config/global_AWSPC.yaml
Config file config/global_AWSPC.yaml is extended by additional config specified via the command line.
loading profile rule_config: /fsx/analysis_results/ubuntu/23andme-run1-ILMN/daylily-omics-analysis/config/day_profiles/slurm/rule_config.yaml
Config file config/day_profiles/slurm/rule_config.yaml is extended by additional config specified via the command line.
INFO::: The genome build hg38 is supported.  The genome build prefix is 'chr''.
[1m[48;5;166m[38;5;79m...WARNING: No aligners set in the config.[0m
[1m[38;5;79maligners (final): [][0m
[1m[48;5;166m[38;5;79m...INFO: No dedupers set in config. Defaulting to na (no dedup).[0m
[1m[38;5;79mdeduper (final): [na][0m
[1m[48;5;166m[38;5;79m...WARNING: No snv_callers set in the config.[0m
[1m[38;5;79mSNV Callers (final): [][0m
[1m[38;5;79mSomatic SNV Callers:[senttn][0m
[1m[38;5;79mSV Callers:[tiddit][0m
A    N   A   L  Y S I S    SAMPLE TABLE DETECTED ::: /fsx/analysis_results/ubuntu/23andme-run1-ILMN/daylily-omics-analysis/config/samples.tsv
A    N   A   L  Y S I S    UNIT TABLE DETECTED ::: /fsx/analysis_results/ubuntu/23andme-run1-ILMN/daylily-omics-analysis/config/units.tsv
Building DAG of jobs...
Using shell: /home/ubuntu/miniconda3/envs/DAY-EC/bin/bash
Provided cluster nodes: 100
Job stats:
job               count    min threads    max threads
--------------  -------  -------------  -------------
produce_tiddit        1              1              1
total                 1              1              1

Select jobs to execute...

[Sun May 10 21:41:32 2026]
localrule produce_tiddit:
    jobid: 0
    reason: Rules with neither input nor output files are always executed.
    priority: 45
    resources: mem_mb=3000, mem_mib=2862, disk_mb=1000, disk_mib=954, tmpdir=/dev/shm, threads=1, time=5440, partition=i192,i128,i192mem, vcpu=1, distribution=block, exclusive=, constraint=, exclude=, include=

[Sun May 10 21:41:33 2026]
Finished job 0.
1 of 1 steps (100%) done
Complete log: .snakemake/log/2026-05-10T214128.650085.snakemake.log


	WARNING!!!! ALL Directories Are Remaining Unlocked.   To have Directories Lock Automatically upon successfull completion, set --lock-analysis-dirs when calling day-run.


[1m[48;5;205m[30m 
]]]]--------WORKFLOW SUCCESS====================]]]]]--[0m
TIDDIT_COUNTS
0
0
