DAY-EC activated.
DAY-EC activated.
TMUX
running
STATUS
{
  "command": "bin/day_run produce_tiddit --config aligners=['sent'] dedupers=['dppl'] sv_callers=['tiddit'] -p -j 100 -k",
  "completed_at": null,
  "exit_code": null,
  "note": "TIDDIT retry with Singularity temp/cache on FSx",
  "repo_path": "/fsx/analysis_results/ubuntu/23andme-run1-ILMN/daylily-omics-analysis",
  "session_name": "23andme-run1-ILMN",
  "started_at": "2026-05-10T21:46:09Z"
}
LOG_TAIL
STARTED_AT=2026-05-10T21:46:09Z
REPO=/fsx/analysis_results/ubuntu/23andme-run1-ILMN/daylily-omics-analysis
COMMAND=bin/day_run produce_tiddit --config aligners=['sent'] dedupers=['dppl'] sv_callers=['tiddit'] -p -j 100 -k
TMP_BASE=/home/ubuntu/daylily-runs/23andme-run1-ILMN/singularity_tmp
CACHE_BASE=/home/ubuntu/daylily-runs/23andme-run1-ILMN/singularity_cache
Notice: --project not set. Using default project name: fk-260509-use
Project: fk-260509-use
Skip Project Check: true
Skipping project validation as --skip-project-check was passed.
awk: cmd. line:1: BEGIN {print ( / ) * 100}
awk: cmd. line:1:                 ^ unterminated regexp
awk: cmd. line:2: BEGIN {print ( / ) * 100}
awk: cmd. line:2:                          ^ unexpected newline or end of string

________________________________________________________
AWS Budget for project 'fk-260509-use' in region 'us-west-2':
  Total:  USD
  Used:  USD
  Percent Used: %
________________________________________________________
(standard_in) 1: syntax error

# conda environments:
#
# * -> active
# + -> frozen
                         /fsx/resources/environments/conda/ip-10-0-0-41/00f249848993a418ba0bf40fea4dc74f_
                         /fsx/resources/environments/conda/ip-10-0-0-41/2a6461bf9a46d2c0414d94b20df8c93b_
                         /fsx/resources/environments/conda/ip-10-0-0-41/3ad0c3fcec4025c1591d837fd439fd04_
                         /fsx/resources/environments/conda/ip-10-0-0-41/3e3b8edf462f0dcf210996ef8e1f5e0d_
                         /fsx/resources/environments/conda/ip-10-0-0-41/46efa7c74fc55a15748ed6949fe6ba90_
                         /fsx/resources/environments/conda/ip-10-0-0-41/48e2ca2ecb2865219fee59e87806a168_
                         /fsx/resources/environments/conda/ip-10-0-0-41/4e57492c698381f8d9b323488bf24299_
                         /fsx/resources/environments/conda/ip-10-0-0-41/54aceb1e24d38acfab10448b46f19239_
                         /fsx/resources/environments/conda/ip-10-0-0-41/64d9fc2ff8446bfd5d1372ffc4e31d3c_
                         /fsx/resources/environments/conda/ip-10-0-0-41/689c803653d4e103fa9679c1e9c9b60d_
                         /fsx/resources/environments/conda/ip-10-0-0-41/7990ea5d283d188db223ca08547f1bfe_
                         /fsx/resources/environments/conda/ip-10-0-0-41/8988860608c3df5d7b2c839cc0d8fd20_
                         /fsx/resources/environments/conda/ip-10-0-0-41/8c352572fdad148d14e3bba0b62680af_
                         /fsx/resources/environments/conda/ip-10-0-0-41/9b93c6753da2a2d0ed50cb5562bdd80e_
                         /fsx/resources/environments/conda/ip-10-0-0-41/a9b918f5ea608c35f6762425d8024740_
                         /fsx/resources/environments/conda/ip-10-0-0-41/cae9f1d5365dcc8a1f3037eeef52e3d8_
                         /fsx/resources/environments/conda/ip-10-0-0-41/cf2ba70495d2c6081d376edd336a7c80_
                         /fsx/resources/environments/conda/ip-10-0-0-41/dd948c1c27be2ac8eeb8a21415df4496_
                         /fsx/resources/environments/conda/ip-10-0-0-41/fecc72c3107a46de81739cdffb6733e5_
base                     /home/ubuntu/miniconda3
DAY-EC                   /home/ubuntu/miniconda3/envs/DAY-EC
DAYOA                *   /home/ubuntu/miniconda3/envs/DAYOA

Day CLI initialized for project 'fk-260509-use' in region 'us-west-2'.
The Daylily CLI is now available.
Available commands (tab completion is enabled for all):
 
	(day-activate / dy-a) [slurm|local] ([hg38|hg38_broad|b37])- Activate a Slurm or local environment.
	                           
	{day-set-genome-build / dy-g) [b37|hg38|hg38_broad] - Set the genome build for the current environment.
	                           
	(day-run / dy-r)          - Run a command in the current environment.
	                           <tab> for exposed targets, -<tab> for all command line flags.
	                           
	(day-monitor / dy-m)      - Monitor workflow status (Snakemake, SLURM, logs).
	                           Use --block-and-poll to wait for completion.
	                           
	(day-deactivate / dy-d)   - Deactivate the current environment.
	                           Use 'dy-d reset' to hard reset the environment.
	                           
	                           
	                           
	                           
	. To Stage Sample Data, see daylily-ephemeral-cluster docs for running ~/projects/daylily-ephemeral-cluster/bin/daylily-stage-analysis-samples-headnode 
	  ... which once run, you will copy the samples.tsv and units.tsv files to config/ in this directory.
	                           
	(example): ACTIVATE AN ANALYSIS ENV





		dy-a slurm hg38 # or hg38_broad or b37

	(example): RUN ANALYSES

		cp .test_data/data/0.01xwgs_HG002_hg38.samples.tsv config/samples.tsv

		cp .test_data/data/0.01xwgs_HG002_hg38.units.tsv config/units.tsv



		# Use target names directly (tab-complete available):

		dy-r produce_snv_concordances -p -k -j 20 -n   # Illumina short-read SNV concordance

		dy-r produce_alignstats -p -k -j 20 -n         # Alignment statistics



		# Platform-specific targets:

		dy-r produce_sentdont_vcf -p -k -j 20 -n       # ONT SNV calling

		dy-r produce_sentdpb_vcf -p -k -j 20 -n        # PacBio SNV calling

		dy-r produce_sentdug_vcf -p -k -j 20 -n        # Ultima SNV calling (use hg38_broad)



		# Hybrid workflow targets:

		dy-r produce_sentdhio_vcf -p -k -j 20 -n       # Hybrid Illumina+ONT CLI

		dy-r produce_sentdhuo_vcf -p -k -j 20 -n       # Hybrid Ultima+ONT CLI (use hg38_broad)

		dy-r produce_sentdhiom_vcf -p -k -j 20 -n      # Hybrid Illumina+ONT Modular

		dy-r produce_sentdhuom_vcf -p -k -j 20 -n      # Hybrid Ultima+ONT Modular (use hg38_broad)



		# Remove -n to execute (not dry-run)

Requesting profile: slurm
Attempting to deactivate existing environments & re-init with --project fk-260509-use .
Remote call detected. Activating conda hack
[1m[48;5;88m[38;5;79mYour config files in /fsx/analysis_results/ubuntu/23andme-run1-ILMN/daylily-omics-analysis/config/day_profiles/slurm are newer than the templates. clear 2 go.[0m
yq is already installed.
WARNING: sentieon lic file /fsx/data/cached_envs/x.lic not found.
Detected sentieon license file: /fsx/data/cached_envs/Life_Sciences_Manufacturing_Corporation_eval.lic will be used and overrides what is in ~/.config/daylily/daylily_cli_global.yaml

!!!!
!!!!
    WARNING: gittag:null not found touched in  ~/.config/daylily/null 
     This might be fine if you have cloned a more recent release of daylily compared to the tagged version used to create this ephemeral cluster.
     ... however, this is not expected. If you are running an ephemeral cluster headnode for days+, this is not the intended use of daylily, a fresh build might be called for.
     This is checked by testing if ~/.config/daylily/null exists .
!!!!
[5m[48;5;118m[30m > >> >>> [0m[1m[40m[38;5;118m  genome build set to ::: hg38  [0m
[1m[40m[38;5;118m       _______ GREAT SUCCESS _______       [0m
Executing TIDDIT production retry at 2026-05-10T21:46:20Z
Remote call detected. Activating conda hack
[1m[48;5;88m[38;5;79mYour config files in /fsx/analysis_results/ubuntu/23andme-run1-ILMN/daylily-omics-analysis/config/day_profiles/slurm are newer than the templates. clear 2 go.[0m
[1m[40m[38;5;118mExecuting: snakemake --profile=/fsx/analysis_results/ubuntu/23andme-run1-ILMN/daylily-omics-analysis/config/day_profiles/slurm produce_tiddit --config aligners=['sent'] dedupers=['dppl'] sv_callers=['tiddit'] -p -j 100 -k[0m
Config file config/global.yaml is extended by additional config specified via the command line.
loading global: /fsx/analysis_results/ubuntu/23andme-run1-ILMN/daylily-omics-analysis/config/global_AWSPC.yaml
Config file config/global_AWSPC.yaml is extended by additional config specified via the command line.
loading profile rule_config: /fsx/analysis_results/ubuntu/23andme-run1-ILMN/daylily-omics-analysis/config/day_profiles/slurm/rule_config.yaml
Config file config/day_profiles/slurm/rule_config.yaml is extended by additional config specified via the command line.
INFO::: The genome build hg38 is supported.  The genome build prefix is 'chr''.
[1m[38;5;79maligners: [sent][0m
[1m[38;5;79maligners (final): [sent][0m
[1m[38;5;79mdeduper (final): [dmd][0m
[1m[48;5;166m[38;5;79m...WARNING: No snv_callers set in the config.[0m
[1m[38;5;79mSNV Callers (final): [][0m
[1m[38;5;79mSomatic SNV Callers:[senttn][0m
[1m[38;5;79mSV Callers:[tiddit][0m
A    N   A   L  Y S I S    SAMPLE TABLE DETECTED ::: /fsx/analysis_results/ubuntu/23andme-run1-ILMN/daylily-omics-analysis/config/samples.tsv
A    N   A   L  Y S I S    UNIT TABLE DETECTED ::: /fsx/analysis_results/ubuntu/23andme-run1-ILMN/daylily-omics-analysis/config/units.tsv
Building DAG of jobs...
Pulling singularity image docker://quay.io/biocontainers/tiddit:3.7.0--py39h24fbfe6_0.
TIDDIT_COUNTS
0
0
