DAY-EC activated.
DAY-EC activated.
tmux_lines=200
filtered_tail
                         /fsx/resources/environments/conda/ip-10-0-0-41/7990ea5d283d188db223ca08547f1bfe_
                         /fsx/resources/environments/conda/ip-10-0-0-41/8988860608c3df5d7b2c839cc0d8fd20_
                         /fsx/resources/environments/conda/ip-10-0-0-41/8c352572fdad148d14e3bba0b62680af_
                         /fsx/resources/environments/conda/ip-10-0-0-41/9b93c6753da2a2d0ed50cb5562bdd80e_
                         /fsx/resources/environments/conda/ip-10-0-0-41/a9b918f5ea608c35f6762425d8024740_
                         /fsx/resources/environments/conda/ip-10-0-0-41/cae9f1d5365dcc8a1f3037eeef52e3d8_
                         /fsx/resources/environments/conda/ip-10-0-0-41/cf2ba70495d2c6081d376edd336a7c80_
                         /fsx/resources/environments/conda/ip-10-0-0-41/dd948c1c27be2ac8eeb8a21415df4496_
                         /fsx/resources/environments/conda/ip-10-0-0-41/fecc72c3107a46de81739cdffb6733e5_
base                     /home/ubuntu/miniconda3
DAY-EC               *   /home/ubuntu/miniconda3/envs/DAY-EC
DAYOA                    /home/ubuntu/miniconda3/envs/DAYOA

Day CLI initialized for project 'fk-260509-use' in region 'us-west-2'.
The Daylily CLI is now available.
Available commands (tab completion is enabled for all):
 
	(day-activate / dy-a) [slurm|local] ([hg38|hg38_broad|b37])- Activate a Slurm or local environment.
	                           
	{day-set-genome-build / dy-g) [b37|hg38|hg38_broad] - Set the genome build for the current environment.
	                           
	(day-run / dy-r)          - Run a command in the current environment.
	                           <tab> for exposed targets, -<tab> for all command line flags.
	                           
	(day-monitor / dy-m)      - Monitor workflow status (Snakemake, SLURM, logs).
	                           Use --block-and-poll to wait for completion.
	                           
	(day-deactivate / dy-d)   - Deactivate the current environment.
	                           Use 'dy-d reset' to hard reset the environment.
	                           
	                           
	                           
	                           
	. To Stage Sample Data, see daylily-ephemeral-cluster docs for running ~/projects/daylily-ephemeral-cluster/bin/daylily-stage-analysis-samples-headnode 
	  ... which once run, you will copy the samples.tsv and units.tsv files to config/ in this directory.
	                           
	(example): ACTIVATE AN ANALYSIS ENV





		dy-a slurm hg38 # or hg38_broad or b37

	(example): RUN ANALYSES

		cp .test_data/data/0.01xwgs_HG002_hg38.samples.tsv config/samples.tsv

		cp .test_data/data/0.01xwgs_HG002_hg38.units.tsv config/units.tsv



		# Use target names directly (tab-complete available):

		dy-r produce_snv_concordances -p -k -j 20 -n   # Illumina short-read SNV concordance

		dy-r produce_alignstats -p -k -j 20 -n         # Alignment statistics



		# Platform-specific targets:

		dy-r produce_sentdont_vcf -p -k -j 20 -n       # ONT SNV calling

		dy-r produce_sentdpb_vcf -p -k -j 20 -n        # PacBio SNV calling

		dy-r produce_sentdug_vcf -p -k -j 20 -n        # Ultima SNV calling (use hg38_broad)



		# Hybrid workflow targets:

		dy-r produce_sentdhio_vcf -p -k -j 20 -n       # Hybrid Illumina+ONT CLI

		dy-r produce_sentdhuo_vcf -p -k -j 20 -n       # Hybrid Ultima+ONT CLI (use hg38_broad)

		dy-r produce_sentdhiom_vcf -p -k -j 20 -n      # Hybrid Illumina+ONT Modular

		dy-r produce_sentdhuom_vcf -p -k -j 20 -n      # Hybrid Ultima+ONT Modular (use hg38_broad)



		# Remove -n to execute (not dry-run)

Requesting profile: slurm
Attempting to deactivate existing environments & re-init with --project fk-260509-use .
Remote call detected. Activating conda hack
[5m[48;5;118m[30m > >> >>> [0m
[1m[40m[38;5;118mACTIVE CONFIG FILES NOT FOUND IN /fsx/analysis_results/ubuntu/23andme-run1-ILMN/daylily-omics-analysis/config/day_profiles/slurm ... copying[0m
[1m[40m[38;5;118mCopying template yaml files to active config files /fsx/analysis_results/ubuntu/23andme-run1-ILMN/daylily-omics-analysis/config/day_profiles/slurm[0m
[1m[40m[38;5;118mCopying template bash files to active config files /fsx/analysis_results/ubuntu/23andme-run1-ILMN/daylily-omics-analysis/config/day_profiles/slurm[0m
yq is already installed.
WARNING: sentieon lic file /fsx/data/cached_envs/x.lic not found.
Detected sentieon license file: /fsx/data/cached_envs/Life_Sciences_Manufacturing_Corporation_eval.lic will be used and overrides what is in ~/.config/daylily/daylily_cli_global.yaml

!!!!
!!!!
    WARNING: gittag:null not found touched in  ~/.config/daylily/null 
     This might be fine if you have cloned a more recent release of daylily compared to the tagged version used to create this ephemeral cluster.
     ... however, this is not expected. If you are running an ephemeral cluster headnode for days+, this is not the intended use of daylily, a fresh build might be called for.
     This is checked by testing if ~/.config/daylily/null exists .
!!!!
[5m[48;5;118m[30m > >> >>> [0m[1m[40m[38;5;118m  genome build set to ::: hg38  [0m
[1m[40m[38;5;118m       _______ GREAT SUCCESS _______       [0m
Remote call detected. Activating conda hack
[1m[48;5;88m[38;5;79mYour config files in /fsx/analysis_results/ubuntu/23andme-run1-ILMN/daylily-omics-analysis/config/day_profiles/slurm are newer than the templates. clear 2 go.[0m
[1m[40m[38;5;118mExecuting: snakemake --profile=/fsx/analysis_results/ubuntu/23andme-run1-ILMN/daylily-omics-analysis/config/day_profiles/slurm produce_alignstats produce_multiqc_final produce_snv_concordances --config aligners=[sent] dedupers=[dppl] snv_callers=[sentd] -p -j 100 -k -n[0m
Config file config/global.yaml is extended by additional config specified via the command line.
loading global: /fsx/analysis_results/ubuntu/23andme-run1-ILMN/daylily-omics-analysis/config/global_AWSPC.yaml
Config file config/global_AWSPC.yaml is extended by additional config specified via the command line.
loading profile rule_config: /fsx/analysis_results/ubuntu/23andme-run1-ILMN/daylily-omics-analysis/config/day_profiles/slurm/rule_config.yaml
Config file config/day_profiles/slurm/rule_config.yaml is extended by additional config specified via the command line.
INFO::: The genome build hg38 is supported.  The genome build prefix is 'chr''.
[1m[38;5;79maligners: [sent][0m
[1m[38;5;79maligners (final): [sent][0m
[1m[38;5;79mdeduper (final): [dmd][0m
[1m[38;5;79mSNV Callers:[sentd][0m
[1m[38;5;79mSNV Callers (final): [sentd][0m
[1m[38;5;79mSomatic SNV Callers:[senttn][0m
[1m[48;5;166m[38;5;79m... WARNING: No sv_callers set in the config.[0m
A    N   A   L  Y S I S    SAMPLE TABLE DETECTED ::: /fsx/analysis_results/ubuntu/23andme-run1-ILMN/daylily-omics-analysis/config/samples.tsv
A    N   A   L  Y S I S    UNIT TABLE DETECTED ::: /fsx/analysis_results/ubuntu/23andme-run1-ILMN/daylily-omics-analysis/config/units.tsv
Building DAG of jobs...
InputFunctionException in rule expansionhunter_call in file /fsx/analysis_results/ubuntu/23andme-run1-ILMN/daylily-omics-analysis/workflow/rules/expansionhunter.smk, line 137:
Error:
  WorkflowError:
    ExpansionHunter requires biological sex for sample 20260507-LH01106-0005-A23K3JVLT4-LSMC-NTC-23andme-run1-ILMN-0-D0-PCR-FREE-ILMN-NOVASEQ; missing or unknown value 'na'.
Wildcards:
  sample=20260507-LH01106-0005-A23K3JVLT4-LSMC-NTC-23andme-run1-ILMN-0-D0-PCR-FREE-ILMN-NOVASEQ
  alnr=sent
  ddup=dmd
Traceback:
  File "/fsx/analysis_results/ubuntu/23andme-run1-ILMN/daylily-omics-analysis/workflow/rules/expansionhunter.smk", line 114, in _expansionhunter_sample_sex
[5m[48;5;118m[30mRETURN CODE: 1[0m
[INFO] Workflow exited with status 1
To run a command as administrator (user "root"), use "sudo <command>".
See "man sudo_root" for details.

DAY-EC activated.
[?2004h(DAY-EC) ubuntu@ip-10-0-0-41:/fsx/analysis_results/ubuntu/23andme-run1-ILMN/daylily-omics-analysis$ 
pattern_hits
45:(standard_in) 1: syntax error
85:	(day-monitor / dy-m)      - Monitor workflow status (Snakemake, SLURM, logs).
131:		# Hybrid workflow targets:
167:[1m[40m[38;5;118mExecuting: snakemake --profile=/fsx/analysis_results/ubuntu/23andme-run1-ILMN/daylily-omics-analysis/config/day_profiles/slurm produce_alignstats produce_multiqc_final produce_snv_concordances --config aligners=[sent] dedupers=[dppl] snv_callers=[sentd] -p -j 100 -k -n[0m
171:loading profile rule_config: /fsx/analysis_results/ubuntu/23andme-run1-ILMN/daylily-omics-analysis/config/day_profiles/slurm/rule_config.yaml
172:Config file config/day_profiles/slurm/rule_config.yaml is extended by additional config specified via the command line.
185:InputFunctionException in rule expansionhunter_call in file /fsx/analysis_results/ubuntu/23andme-run1-ILMN/daylily-omics-analysis/workflow/rules/expansionhunter.smk, line 137:
186:Error:
187:  WorkflowError:
188:    ExpansionHunter requires biological sex for sample 20260507-LH01106-0005-A23K3JVLT4-LSMC-NTC-23andme-run1-ILMN-0-D0-PCR-FREE-ILMN-NOVASEQ; missing or unknown value 'na'.
193:Traceback:
194:  File "/fsx/analysis_results/ubuntu/23andme-run1-ILMN/daylily-omics-analysis/workflow/rules/expansionhunter.smk", line 114, in _expansionhunter_sample_sex
196:[INFO] Workflow exited with status 1
last_lines_cut
!!!!
[5m[48;5;118m[30m > >> >>> [0m[1m[40m[38;5;118m  genome build set to ::: hg38  [0m
[1m[40m[38;5;118m       _______ GREAT SUCCESS _______       [0m
Remote call detected. Activating conda hack
[1m[48;5;88m[38;5;79mYour config files in /fsx/analysis_results/ubuntu/23andme-run1-ILMN/daylily-omics-analysis/config/day_profiles/slurm are newer than the templates. clear 2 go.[0m
[1m[40m[38;5;118mExecuting: snakemake --profile=/fsx/analysis_results/ubuntu/23andme-run1-ILMN/daylily-omics-analysis/config/day_profiles/slurm produce_alignstats produce_multiqc_final produce_snv_concordances --config aligners=[sent] dedupers=[dppl] snv_callers=[sentd] -p -j 100 -k -n[0m
Config file config/global.yaml is extended by additional config specified via the command line.
loading global: /fsx/analysis_results/ubuntu/23andme-run1-ILMN/daylily-omics-analysis/config/global_AWSPC.yaml
Config file config/global_AWSPC.yaml is extended by additional config specified via the command line.
loading profile rule_config: /fsx/analysis_results/ubuntu/23andme-run1-ILMN/daylily-omics-analysis/config/day_profiles/slurm/rule_config.yaml
Config file config/day_profiles/slurm/rule_config.yaml is extended by additional config specified via the command line.
INFO::: The genome build hg38 is supported.  The genome build prefix is 'chr''.
[1m[38;5;79maligners: [sent][0m
[1m[38;5;79maligners (final): [sent][0m
[1m[38;5;79mdeduper (final): [dmd][0m
[1m[38;5;79mSNV Callers:[sentd][0m
[1m[38;5;79mSNV Callers (final): [sentd][0m
[1m[38;5;79mSomatic SNV Callers:[senttn][0m
[1m[48;5;166m[38;5;79m... WARNING: No sv_callers set in the config.[0m
A    N   A   L  Y S I S    SAMPLE TABLE DETECTED ::: /fsx/analysis_results/ubuntu/23andme-run1-ILMN/daylily-omics-analysis/config/samples.tsv
A    N   A   L  Y S I S    UNIT TABLE DETECTED ::: /fsx/analysis_results/ubuntu/23andme-run1-ILMN/daylily-omics-analysis/config/units.tsv
Building DAG of jobs...
All Wildcards:    all snv_CALLERS:  ['sentd']  all ALIGNERS:  ['sent']  all CRAM_ALIGNERS:  []  all samples:  {'20260507-LH01106-0005-A23K3JVLT4-LSMC-HG003-23andme-run1-ILMN-0-D0-PCR-FREE-ILMN-NOVASEQ': ['20260507-LH01106-0005-A23K3JVLT4-LSMC-HG003-23andme-run1-ILMN-0-D0-PCR-FREE-ILMN-NOVASEQ'], '20
InputFunctionException in rule expansionhunter_call in file /fsx/analysis_results/ubuntu/23andme-run1-ILMN/daylily-omics-analysis/workflow/rules/expansionhunter.smk, line 137:
Error:
  WorkflowError:
    ExpansionHunter requires biological sex for sample 20260507-LH01106-0005-A23K3JVLT4-LSMC-NTC-23andme-run1-ILMN-0-D0-PCR-FREE-ILMN-NOVASEQ; missing or unknown value 'na'.
Wildcards:
  sample=20260507-LH01106-0005-A23K3JVLT4-LSMC-NTC-23andme-run1-ILMN-0-D0-PCR-FREE-ILMN-NOVASEQ
  alnr=sent
  ddup=dmd
Traceback:
  File "/fsx/analysis_results/ubuntu/23andme-run1-ILMN/daylily-omics-analysis/workflow/rules/expansionhunter.smk", line 114, in _expansionhunter_sample_sex
[5m[48;5;118m[30mRETURN CODE: 1[0m
[INFO] Workflow exited with status 1
To run a command as administrator (user "root"), use "sudo <command>".
See "man sudo_root" for details.

DAY-EC activated.
[?2004h(DAY-EC) ubuntu@ip-10-0-0-41:/fsx/analysis_results/ubuntu/23andme-run1-ILMN/daylily-omics-analysis$ 
