DAY-EC activated.
DAY-EC activated.
STATUS_JSON
{
  "command": "bin/day_run produce_alignstats produce_multiqc_final produce_snv_concordances produce_tiddit --config aligners=['sent'] dedupers=['dppl'] snv_callers=['sentd'] sv_callers=['tiddit'] -p -j 100 -k -n",
  "completed_at": "2026-05-10T20:11:33Z",
  "exit_code": 0,
  "metadata_note": "rerun after combined sex inference metadata patch",
  "repo_path": "/fsx/analysis_results/ubuntu/23andme-run1-ILMN/daylily-omics-analysis",
  "session_name": "23andme-run1-ILMN",
  "started_at": "2026-05-10T20:10:57Z"
}
TIDDIT_DRYRUN_LINES
98002:    input: results/day/hg38/20260507-LH01106-0005-A23K3JVLT4-s77780-23andme-run1-ILMN-0-D0-PCR-FREE-ILMN-NOVASEQ/align/sent/dmd/sv/tiddit/20260507-LH01106-0005-A23K3JVLT4-s77780-23andme-run1-ILMN-0-D0-PCR-FREE-ILMN-NOVASEQ.sent.tiddit.sv.vcf
98003:    output: results/day/hg38/20260507-LH01106-0005-A23K3JVLT4-s77780-23andme-run1-ILMN-0-D0-PCR-FREE-ILMN-NOVASEQ/align/sent/dmd/sv/tiddit/20260507-LH01106-0005-A23K3JVLT4-s77780-23andme-run1-ILMN-0-D0-PCR-FREE-ILMN-NOVASEQ.sent.tiddit.sv.sort.vcf, results/day/hg38/20260507-LH01106-0005-A23K3JVLT4-s77780-23andme-run1-ILMN-0-D0-PCR-FREE-ILMN-NOVASEQ/align/sent/dmd/sv/tiddit/20260507-LH01106-0005-A23K3JVLT4-s77780-23andme-run1-ILMN-0-D0-PCR-FREE-ILMN-NOVASEQ.sent.tiddit.sv.sort.vcf.gz, results/day/hg38/20260507-LH01106-0005-A23K3JVLT4-s77780-23andme-run1-ILMN-0-D0-PCR-FREE-ILMN-NOVASEQ/align/sent/dmd/sv/tiddit/20260507-LH01106-0005-A23K3JVLT4-s77780-23andme-run1-ILMN-0-D0-PCR-FREE-ILMN-NOVASEQ.sent.tiddit.sv.sort.vcf.gz.tbi
98004:    log: results/day/hg38/20260507-LH01106-0005-A23K3JVLT4-s77780-23andme-run1-ILMN-0-D0-PCR-FREE-ILMN-NOVASEQ/align/sent/dmd/sv/tiddit/logs/20260507-LH01106-0005-A23K3JVLT4-s77780-23andme-run1-ILMN-0-D0-PCR-FREE-ILMN-NOVASEQ.sent.tiddit.sv.vcf.sort.log
98006:    benchmark: results/day/hg38/20260507-LH01106-0005-A23K3JVLT4-s77780-23andme-run1-ILMN-0-D0-PCR-FREE-ILMN-NOVASEQ/benchmarks/20260507-LH01106-0005-A23K3JVLT4-s77780-23andme-run1-ILMN-0-D0-PCR-FREE-ILMN-NOVASEQ.sent.dmd.tiddit.sv.vcf.sort.bench.tsv
98007:    reason: Missing output files: results/day/hg38/20260507-LH01106-0005-A23K3JVLT4-s77780-23andme-run1-ILMN-0-D0-PCR-FREE-ILMN-NOVASEQ/align/sent/dmd/sv/tiddit/20260507-LH01106-0005-A23K3JVLT4-s77780-23andme-run1-ILMN-0-D0-PCR-FREE-ILMN-NOVASEQ.sent.tiddit.sv.sort.vcf.gz.tbi; Input files updated by another job: results/day/hg38/20260507-LH01106-0005-A23K3JVLT4-s77780-23andme-run1-ILMN-0-D0-PCR-FREE-ILMN-NOVASEQ/align/sent/dmd/sv/tiddit/20260507-LH01106-0005-A23K3JVLT4-s77780-23andme-run1-ILMN-0-D0-PCR-FREE-ILMN-NOVASEQ.sent.tiddit.sv.vcf
98015:        perl -pi -e 's/\t\*\t/\tN\t/g;' results/day/hg38/20260507-LH01106-0005-A23K3JVLT4-s77780-23andme-run1-ILMN-0-D0-PCR-FREE-ILMN-NOVASEQ/align/sent/dmd/sv/tiddit/20260507-LH01106-0005-A23K3JVLT4-s77780-23andme-run1-ILMN-0-D0-PCR-FREE-ILMN-NOVASEQ.sent.tiddit.sv.vcf >> results/day/hg38/20260507-LH01106-0005-A23K3JVLT4-s77780-23andme-run1-ILMN-0-D0-PCR-FREE-ILMN-NOVASEQ/align/sent/dmd/sv/tiddit/logs/20260507-LH01106-0005-A23K3JVLT4-s77780-23andme-run1-ILMN-0-D0-PCR-FREE-ILMN-NOVASEQ.sent.tiddit.sv.vcf.sort.log 2>&1 || echo 'nomatch!' ;
98016:        bedtools sort -header -i results/day/hg38/20260507-LH01106-0005-A23K3JVLT4-s77780-23andme-run1-ILMN-0-D0-PCR-FREE-ILMN-NOVASEQ/align/sent/dmd/sv/tiddit/20260507-LH01106-0005-A23K3JVLT4-s77780-23andme-run1-ILMN-0-D0-PCR-FREE-ILMN-NOVASEQ.sent.tiddit.sv.vcf > results/day/hg38/20260507-LH01106-0005-A23K3JVLT4-s77780-23andme-run1-ILMN-0-D0-PCR-FREE-ILMN-NOVASEQ/align/sent/dmd/sv/tiddit/20260507-LH01106-0005-A23K3JVLT4-s77780-23andme-run1-ILMN-0-D0-PCR-FREE-ILMN-NOVASEQ.sent.tiddit.sv.sort.vcf;
98017:        bgzip -f -@ 64 results/day/hg38/20260507-LH01106-0005-A23K3JVLT4-s77780-23andme-run1-ILMN-0-D0-PCR-FREE-ILMN-NOVASEQ/align/sent/dmd/sv/tiddit/20260507-LH01106-0005-A23K3JVLT4-s77780-23andme-run1-ILMN-0-D0-PCR-FREE-ILMN-NOVASEQ.sent.tiddit.sv.sort.vcf;
98018:        touch results/day/hg38/20260507-LH01106-0005-A23K3JVLT4-s77780-23andme-run1-ILMN-0-D0-PCR-FREE-ILMN-NOVASEQ/align/sent/dmd/sv/tiddit/20260507-LH01106-0005-A23K3JVLT4-s77780-23andme-run1-ILMN-0-D0-PCR-FREE-ILMN-NOVASEQ.sent.tiddit.sv.sort.vcf;
98019:        tabix -p vcf -f results/day/hg38/20260507-LH01106-0005-A23K3JVLT4-s77780-23andme-run1-ILMN-0-D0-PCR-FREE-ILMN-NOVASEQ/align/sent/dmd/sv/tiddit/20260507-LH01106-0005-A23K3JVLT4-s77780-23andme-run1-ILMN-0-D0-PCR-FREE-ILMN-NOVASEQ.sent.tiddit.sv.sort.vcf.gz;
98021:        ls results/day/hg38/20260507-LH01106-0005-A23K3JVLT4-s77780-23andme-run1-ILMN-0-D0-PCR-FREE-ILMN-NOVASEQ/align/sent/dmd/sv/tiddit/20260507-LH01106-0005-A23K3JVLT4-s77780-23andme-run1-ILMN-0-D0-PCR-FREE-ILMN-NOVASEQ.sent.tiddit.sv.sort.vcf results/day/hg38/20260507-LH01106-0005-A23K3JVLT4-s77780-23andme-run1-ILMN-0-D0-PCR-FREE-ILMN-NOVASEQ/align/sent/dmd/sv/tiddit/20260507-LH01106-0005-A23K3JVLT4-s77780-23andme-run1-ILMN-0-D0-PCR-FREE-ILMN-NOVASEQ.sent.tiddit.sv.sort.vcf.gz results/day/hg38/20260507-LH01106-0005-A23K3JVLT4-s77780-23andme-run1-ILMN-0-D0-PCR-FREE-ILMN-NOVASEQ/align/sent/dmd/sv/tiddit/20260507-LH01106-0005-A23K3JVLT4-s77780-23andme-run1-ILMN-0-D0-PCR-FREE-ILMN-NOVASEQ.sent.tiddit.sv.sort.vcf.gz.tbi || echo passOn ;
98228:Would remove temporary output results/day/hg38/20260507-LH01106-0005-A23K3JVLT4-s77700-23andme-run1-ILMN-0-D0-PCR-FREE-ILMN-NOVASEQ/align/sent/dmd/sv/tiddit/20260507-LH01106-0005-A23K3JVLT4-s77700-23andme-run1-ILMN-0-D0-PCR-FREE-ILMN-NOVASEQ.sent.tiddit.sv.vcf
98229:Would remove temporary output results/day/hg38/20260507-LH01106-0005-A23K3JVLT4-s74478-23andme-run1-ILMN-0-D0-PCR-FREE-ILMN-NOVASEQ/align/sent/dmd/sv/tiddit/20260507-LH01106-0005-A23K3JVLT4-s74478-23andme-run1-ILMN-0-D0-PCR-FREE-ILMN-NOVASEQ.sent.tiddit.sv.vcf
98231:Would remove temporary output results/day/hg38/20260507-LH01106-0005-A23K3JVLT4-s77701-23andme-run1-ILMN-0-D0-PCR-FREE-ILMN-NOVASEQ/align/sent/dmd/sv/tiddit/20260507-LH01106-0005-A23K3JVLT4-s77701-23andme-run1-ILMN-0-D0-PCR-FREE-ILMN-NOVASEQ.sent.tiddit.sv.vcf
98232:Would remove temporary output results/day/hg38/20260507-LH01106-0005-A23K3JVLT4-s77407-23andme-run1-ILMN-0-D0-PCR-FREE-ILMN-NOVASEQ/align/sent/dmd/sv/tiddit/20260507-LH01106-0005-A23K3JVLT4-s77407-23andme-run1-ILMN-0-D0-PCR-FREE-ILMN-NOVASEQ.sent.tiddit.sv.vcf
98235:Would remove temporary output results/day/hg38/20260507-LH01106-0005-A23K3JVLT4-s77702-23andme-run1-ILMN-0-D0-PCR-FREE-ILMN-NOVASEQ/align/sent/dmd/sv/tiddit/20260507-LH01106-0005-A23K3JVLT4-s77702-23andme-run1-ILMN-0-D0-PCR-FREE-ILMN-NOVASEQ.sent.tiddit.sv.vcf
98236:Would remove temporary output results/day/hg38/20260507-LH01106-0005-A23K3JVLT4-s77409-23andme-run1-ILMN-0-D0-PCR-FREE-ILMN-NOVASEQ/align/sent/dmd/sv/tiddit/20260507-LH01106-0005-A23K3JVLT4-s77409-23andme-run1-ILMN-0-D0-PCR-FREE-ILMN-NOVASEQ.sent.tiddit.sv.vcf
98238:Would remove temporary output results/day/hg38/20260507-LH01106-0005-A23K3JVLT4-s77703-23andme-run1-ILMN-0-D0-PCR-FREE-ILMN-NOVASEQ/align/sent/dmd/sv/tiddit/20260507-LH01106-0005-A23K3JVLT4-s77703-23andme-run1-ILMN-0-D0-PCR-FREE-ILMN-NOVASEQ.sent.tiddit.sv.vcf
98239:Would remove temporary output results/day/hg38/20260507-LH01106-0005-A23K3JVLT4-s77414-23andme-run1-ILMN-0-D0-PCR-FREE-ILMN-NOVASEQ/align/sent/dmd/sv/tiddit/20260507-LH01106-0005-A23K3JVLT4-s77414-23andme-run1-ILMN-0-D0-PCR-FREE-ILMN-NOVASEQ.sent.tiddit.sv.vcf
98242:Would remove temporary output results/day/hg38/20260507-LH01106-0005-A23K3JVLT4-s77704-23andme-run1-ILMN-0-D0-PCR-FREE-ILMN-NOVASEQ/align/sent/dmd/sv/tiddit/20260507-LH01106-0005-A23K3JVLT4-s77704-23andme-run1-ILMN-0-D0-PCR-FREE-ILMN-NOVASEQ.sent.tiddit.sv.vcf
98243:Would remove temporary output results/day/hg38/20260507-LH01106-0005-A23K3JVLT4-s77672-23andme-run1-ILMN-0-D0-PCR-FREE-ILMN-NOVASEQ/align/sent/dmd/sv/tiddit/20260507-LH01106-0005-A23K3JVLT4-s77672-23andme-run1-ILMN-0-D0-PCR-FREE-ILMN-NOVASEQ.sent.tiddit.sv.vcf
98246:Would remove temporary output results/day/hg38/20260507-LH01106-0005-A23K3JVLT4-s77705-23andme-run1-ILMN-0-D0-PCR-FREE-ILMN-NOVASEQ/align/sent/dmd/sv/tiddit/20260507-LH01106-0005-A23K3JVLT4-s77705-23andme-run1-ILMN-0-D0-PCR-FREE-ILMN-NOVASEQ.sent.tiddit.sv.vcf
98247:Would remove temporary output results/day/hg38/20260507-LH01106-0005-A23K3JVLT4-s77433-23andme-run1-ILMN-0-D0-PCR-FREE-ILMN-NOVASEQ/align/sent/dmd/sv/tiddit/20260507-LH01106-0005-A23K3JVLT4-s77433-23andme-run1-ILMN-0-D0-PCR-FREE-ILMN-NOVASEQ.sent.tiddit.sv.vcf
98249:Would remove temporary output results/day/hg38/20260507-LH01106-0005-A23K3JVLT4-s77483-23andme-run1-ILMN-0-D0-PCR-FREE-ILMN-NOVASEQ/align/sent/dmd/sv/tiddit/20260507-LH01106-0005-A23K3JVLT4-s77483-23andme-run1-ILMN-0-D0-PCR-FREE-ILMN-NOVASEQ.sent.tiddit.sv.vcf
98250:Would remove temporary output results/day/hg38/20260507-LH01106-0005-A23K3JVLT4-s77706-23andme-run1-ILMN-0-D0-PCR-FREE-ILMN-NOVASEQ/align/sent/dmd/sv/tiddit/20260507-LH01106-0005-A23K3JVLT4-s77706-23andme-run1-ILMN-0-D0-PCR-FREE-ILMN-NOVASEQ.sent.tiddit.sv.vcf
98253:Would remove temporary output results/day/hg38/20260507-LH01106-0005-A23K3JVLT4-s77586-23andme-run1-ILMN-0-D0-PCR-FREE-ILMN-NOVASEQ/align/sent/dmd/sv/tiddit/20260507-LH01106-0005-A23K3JVLT4-s77586-23andme-run1-ILMN-0-D0-PCR-FREE-ILMN-NOVASEQ.sent.tiddit.sv.vcf
98254:Would remove temporary output results/day/hg38/20260507-LH01106-0005-A23K3JVLT4-s77707-23andme-run1-ILMN-0-D0-PCR-FREE-ILMN-NOVASEQ/align/sent/dmd/sv/tiddit/20260507-LH01106-0005-A23K3JVLT4-s77707-23andme-run1-ILMN-0-D0-PCR-FREE-ILMN-NOVASEQ.sent.tiddit.sv.vcf
98256:Would remove temporary output results/day/hg38/20260507-LH01106-0005-A23K3JVLT4-s77612-23andme-run1-ILMN-0-D0-PCR-FREE-ILMN-NOVASEQ/align/sent/dmd/sv/tiddit/20260507-LH01106-0005-A23K3JVLT4-s77612-23andme-run1-ILMN-0-D0-PCR-FREE-ILMN-NOVASEQ.sent.tiddit.sv.vcf
98257:Would remove temporary output results/day/hg38/20260507-LH01106-0005-A23K3JVLT4-s77710-23andme-run1-ILMN-0-D0-PCR-FREE-ILMN-NOVASEQ/align/sent/dmd/sv/tiddit/20260507-LH01106-0005-A23K3JVLT4-s77710-23andme-run1-ILMN-0-D0-PCR-FREE-ILMN-NOVASEQ.sent.tiddit.sv.vcf
98260:Would remove temporary output results/day/hg38/20260507-LH01106-0005-A23K3JVLT4-s77669-23andme-run1-ILMN-0-D0-PCR-FREE-ILMN-NOVASEQ/align/sent/dmd/sv/tiddit/20260507-LH01106-0005-A23K3JVLT4-s77669-23andme-run1-ILMN-0-D0-PCR-FREE-ILMN-NOVASEQ.sent.tiddit.sv.vcf
98261:Would remove temporary output results/day/hg38/20260507-LH01106-0005-A23K3JVLT4-s77711-23andme-run1-ILMN-0-D0-PCR-FREE-ILMN-NOVASEQ/align/sent/dmd/sv/tiddit/20260507-LH01106-0005-A23K3JVLT4-s77711-23andme-run1-ILMN-0-D0-PCR-FREE-ILMN-NOVASEQ.sent.tiddit.sv.vcf
98264:Would remove temporary output results/day/hg38/20260507-LH01106-0005-A23K3JVLT4-s77674-23andme-run1-ILMN-0-D0-PCR-FREE-ILMN-NOVASEQ/align/sent/dmd/sv/tiddit/20260507-LH01106-0005-A23K3JVLT4-s77674-23andme-run1-ILMN-0-D0-PCR-FREE-ILMN-NOVASEQ.sent.tiddit.sv.vcf
98265:Would remove temporary output results/day/hg38/20260507-LH01106-0005-A23K3JVLT4-s77712-23andme-run1-ILMN-0-D0-PCR-FREE-ILMN-NOVASEQ/align/sent/dmd/sv/tiddit/20260507-LH01106-0005-A23K3JVLT4-s77712-23andme-run1-ILMN-0-D0-PCR-FREE-ILMN-NOVASEQ.sent.tiddit.sv.vcf
98267:Would remove temporary output results/day/hg38/20260507-LH01106-0005-A23K3JVLT4-s77713-23andme-run1-ILMN-0-D0-PCR-FREE-ILMN-NOVASEQ/align/sent/dmd/sv/tiddit/20260507-LH01106-0005-A23K3JVLT4-s77713-23andme-run1-ILMN-0-D0-PCR-FREE-ILMN-NOVASEQ.sent.tiddit.sv.vcf
98268:Would remove temporary output results/day/hg38/20260507-LH01106-0005-A23K3JVLT4-s77676-23andme-run1-ILMN-0-D0-PCR-FREE-ILMN-NOVASEQ/align/sent/dmd/sv/tiddit/20260507-LH01106-0005-A23K3JVLT4-s77676-23andme-run1-ILMN-0-D0-PCR-FREE-ILMN-NOVASEQ.sent.tiddit.sv.vcf
98271:Would remove temporary output results/day/hg38/20260507-LH01106-0005-A23K3JVLT4-s77714-23andme-run1-ILMN-0-D0-PCR-FREE-ILMN-NOVASEQ/align/sent/dmd/sv/tiddit/20260507-LH01106-0005-A23K3JVLT4-s77714-23andme-run1-ILMN-0-D0-PCR-FREE-ILMN-NOVASEQ.sent.tiddit.sv.vcf
98272:Would remove temporary output results/day/hg38/20260507-LH01106-0005-A23K3JVLT4-s77677-23andme-run1-ILMN-0-D0-PCR-FREE-ILMN-NOVASEQ/align/sent/dmd/sv/tiddit/20260507-LH01106-0005-A23K3JVLT4-s77677-23andme-run1-ILMN-0-D0-PCR-FREE-ILMN-NOVASEQ.sent.tiddit.sv.vcf
98274:Would remove temporary output results/day/hg38/20260507-LH01106-0005-A23K3JVLT4-s77715-23andme-run1-ILMN-0-D0-PCR-FREE-ILMN-NOVASEQ/align/sent/dmd/sv/tiddit/20260507-LH01106-0005-A23K3JVLT4-s77715-23andme-run1-ILMN-0-D0-PCR-FREE-ILMN-NOVASEQ.sent.tiddit.sv.vcf
98275:Would remove temporary output results/day/hg38/20260507-LH01106-0005-A23K3JVLT4-s77678-23andme-run1-ILMN-0-D0-PCR-FREE-ILMN-NOVASEQ/align/sent/dmd/sv/tiddit/20260507-LH01106-0005-A23K3JVLT4-s77678-23andme-run1-ILMN-0-D0-PCR-FREE-ILMN-NOVASEQ.sent.tiddit.sv.vcf
98278:Would remove temporary output results/day/hg38/20260507-LH01106-0005-A23K3JVLT4-s77716-23andme-run1-ILMN-0-D0-PCR-FREE-ILMN-NOVASEQ/align/sent/dmd/sv/tiddit/20260507-LH01106-0005-A23K3JVLT4-s77716-23andme-run1-ILMN-0-D0-PCR-FREE-ILMN-NOVASEQ.sent.tiddit.sv.vcf
98279:Would remove temporary output results/day/hg38/20260507-LH01106-0005-A23K3JVLT4-s77679-23andme-run1-ILMN-0-D0-PCR-FREE-ILMN-NOVASEQ/align/sent/dmd/sv/tiddit/20260507-LH01106-0005-A23K3JVLT4-s77679-23andme-run1-ILMN-0-D0-PCR-FREE-ILMN-NOVASEQ.sent.tiddit.sv.vcf
98282:Would remove temporary output results/day/hg38/20260507-LH01106-0005-A23K3JVLT4-s77717-23andme-run1-ILMN-0-D0-PCR-FREE-ILMN-NOVASEQ/align/sent/dmd/sv/tiddit/20260507-LH01106-0005-A23K3JVLT4-s77717-23andme-run1-ILMN-0-D0-PCR-FREE-ILMN-NOVASEQ.sent.tiddit.sv.vcf
98283:Would remove temporary output results/day/hg38/20260507-LH01106-0005-A23K3JVLT4-s77680-23andme-run1-ILMN-0-D0-PCR-FREE-ILMN-NOVASEQ/align/sent/dmd/sv/tiddit/20260507-LH01106-0005-A23K3JVLT4-s77680-23andme-run1-ILMN-0-D0-PCR-FREE-ILMN-NOVASEQ.sent.tiddit.sv.vcf
98285:Would remove temporary output results/day/hg38/20260507-LH01106-0005-A23K3JVLT4-s77718-23andme-run1-ILMN-0-D0-PCR-FREE-ILMN-NOVASEQ/align/sent/dmd/sv/tiddit/20260507-LH01106-0005-A23K3JVLT4-s77718-23andme-run1-ILMN-0-D0-PCR-FREE-ILMN-NOVASEQ.sent.tiddit.sv.vcf
98286:Would remove temporary output results/day/hg38/20260507-LH01106-0005-A23K3JVLT4-s77681-23andme-run1-ILMN-0-D0-PCR-FREE-ILMN-NOVASEQ/align/sent/dmd/sv/tiddit/20260507-LH01106-0005-A23K3JVLT4-s77681-23andme-run1-ILMN-0-D0-PCR-FREE-ILMN-NOVASEQ.sent.tiddit.sv.vcf
98289:Would remove temporary output results/day/hg38/20260507-LH01106-0005-A23K3JVLT4-s77719-23andme-run1-ILMN-0-D0-PCR-FREE-ILMN-NOVASEQ/align/sent/dmd/sv/tiddit/20260507-LH01106-0005-A23K3JVLT4-s77719-23andme-run1-ILMN-0-D0-PCR-FREE-ILMN-NOVASEQ.sent.tiddit.sv.vcf
98290:Would remove temporary output results/day/hg38/20260507-LH01106-0005-A23K3JVLT4-s77683-23andme-run1-ILMN-0-D0-PCR-FREE-ILMN-NOVASEQ/align/sent/dmd/sv/tiddit/20260507-LH01106-0005-A23K3JVLT4-s77683-23andme-run1-ILMN-0-D0-PCR-FREE-ILMN-NOVASEQ.sent.tiddit.sv.vcf
98292:Would remove temporary output results/day/hg38/20260507-LH01106-0005-A23K3JVLT4-s77720-23andme-run1-ILMN-0-D0-PCR-FREE-ILMN-NOVASEQ/align/sent/dmd/sv/tiddit/20260507-LH01106-0005-A23K3JVLT4-s77720-23andme-run1-ILMN-0-D0-PCR-FREE-ILMN-NOVASEQ.sent.tiddit.sv.vcf
98293:Would remove temporary output results/day/hg38/20260507-LH01106-0005-A23K3JVLT4-s77684-23andme-run1-ILMN-0-D0-PCR-FREE-ILMN-NOVASEQ/align/sent/dmd/sv/tiddit/20260507-LH01106-0005-A23K3JVLT4-s77684-23andme-run1-ILMN-0-D0-PCR-FREE-ILMN-NOVASEQ.sent.tiddit.sv.vcf
98296:Would remove temporary output results/day/hg38/20260507-LH01106-0005-A23K3JVLT4-s77721-23andme-run1-ILMN-0-D0-PCR-FREE-ILMN-NOVASEQ/align/sent/dmd/sv/tiddit/20260507-LH01106-0005-A23K3JVLT4-s77721-23andme-run1-ILMN-0-D0-PCR-FREE-ILMN-NOVASEQ.sent.tiddit.sv.vcf
98297:Would remove temporary output results/day/hg38/20260507-LH01106-0005-A23K3JVLT4-s77685-23andme-run1-ILMN-0-D0-PCR-FREE-ILMN-NOVASEQ/align/sent/dmd/sv/tiddit/20260507-LH01106-0005-A23K3JVLT4-s77685-23andme-run1-ILMN-0-D0-PCR-FREE-ILMN-NOVASEQ.sent.tiddit.sv.vcf
98300:Would remove temporary output results/day/hg38/20260507-LH01106-0005-A23K3JVLT4-s77722-23andme-run1-ILMN-0-D0-PCR-FREE-ILMN-NOVASEQ/align/sent/dmd/sv/tiddit/20260507-LH01106-0005-A23K3JVLT4-s77722-23andme-run1-ILMN-0-D0-PCR-FREE-ILMN-NOVASEQ.sent.tiddit.sv.vcf
98301:Would remove temporary output results/day/hg38/20260507-LH01106-0005-A23K3JVLT4-s77687-23andme-run1-ILMN-0-D0-PCR-FREE-ILMN-NOVASEQ/align/sent/dmd/sv/tiddit/20260507-LH01106-0005-A23K3JVLT4-s77687-23andme-run1-ILMN-0-D0-PCR-FREE-ILMN-NOVASEQ.sent.tiddit.sv.vcf
98303:Would remove temporary output results/day/hg38/20260507-LH01106-0005-A23K3JVLT4-s77723-23andme-run1-ILMN-0-D0-PCR-FREE-ILMN-NOVASEQ/align/sent/dmd/sv/tiddit/20260507-LH01106-0005-A23K3JVLT4-s77723-23andme-run1-ILMN-0-D0-PCR-FREE-ILMN-NOVASEQ.sent.tiddit.sv.vcf
98304:Would remove temporary output results/day/hg38/20260507-LH01106-0005-A23K3JVLT4-s77688-23andme-run1-ILMN-0-D0-PCR-FREE-ILMN-NOVASEQ/align/sent/dmd/sv/tiddit/20260507-LH01106-0005-A23K3JVLT4-s77688-23andme-run1-ILMN-0-D0-PCR-FREE-ILMN-NOVASEQ.sent.tiddit.sv.vcf
98307:Would remove temporary output results/day/hg38/20260507-LH01106-0005-A23K3JVLT4-s77724-23andme-run1-ILMN-0-D0-PCR-FREE-ILMN-NOVASEQ/align/sent/dmd/sv/tiddit/20260507-LH01106-0005-A23K3JVLT4-s77724-23andme-run1-ILMN-0-D0-PCR-FREE-ILMN-NOVASEQ.sent.tiddit.sv.vcf
98308:Would remove temporary output results/day/hg38/20260507-LH01106-0005-A23K3JVLT4-s77689-23andme-run1-ILMN-0-D0-PCR-FREE-ILMN-NOVASEQ/align/sent/dmd/sv/tiddit/20260507-LH01106-0005-A23K3JVLT4-s77689-23andme-run1-ILMN-0-D0-PCR-FREE-ILMN-NOVASEQ.sent.tiddit.sv.vcf
98310:Would remove temporary output results/day/hg38/20260507-LH01106-0005-A23K3JVLT4-s77725-23andme-run1-ILMN-0-D0-PCR-FREE-ILMN-NOVASEQ/align/sent/dmd/sv/tiddit/20260507-LH01106-0005-A23K3JVLT4-s77725-23andme-run1-ILMN-0-D0-PCR-FREE-ILMN-NOVASEQ.sent.tiddit.sv.vcf
98311:Would remove temporary output results/day/hg38/20260507-LH01106-0005-A23K3JVLT4-s77690-23andme-run1-ILMN-0-D0-PCR-FREE-ILMN-NOVASEQ/align/sent/dmd/sv/tiddit/20260507-LH01106-0005-A23K3JVLT4-s77690-23andme-run1-ILMN-0-D0-PCR-FREE-ILMN-NOVASEQ.sent.tiddit.sv.vcf
98314:Would remove temporary output results/day/hg38/20260507-LH01106-0005-A23K3JVLT4-s77726-23andme-run1-ILMN-0-D0-PCR-FREE-ILMN-NOVASEQ/align/sent/dmd/sv/tiddit/20260507-LH01106-0005-A23K3JVLT4-s77726-23andme-run1-ILMN-0-D0-PCR-FREE-ILMN-NOVASEQ.sent.tiddit.sv.vcf
98315:Would remove temporary output results/day/hg38/20260507-LH01106-0005-A23K3JVLT4-s77691-23andme-run1-ILMN-0-D0-PCR-FREE-ILMN-NOVASEQ/align/sent/dmd/sv/tiddit/20260507-LH01106-0005-A23K3JVLT4-s77691-23andme-run1-ILMN-0-D0-PCR-FREE-ILMN-NOVASEQ.sent.tiddit.sv.vcf
98318:Would remove temporary output results/day/hg38/20260507-LH01106-0005-A23K3JVLT4-s77728-23andme-run1-ILMN-0-D0-PCR-FREE-ILMN-NOVASEQ/align/sent/dmd/sv/tiddit/20260507-LH01106-0005-A23K3JVLT4-s77728-23andme-run1-ILMN-0-D0-PCR-FREE-ILMN-NOVASEQ.sent.tiddit.sv.vcf
98319:Would remove temporary output results/day/hg38/20260507-LH01106-0005-A23K3JVLT4-s77694-23andme-run1-ILMN-0-D0-PCR-FREE-ILMN-NOVASEQ/align/sent/dmd/sv/tiddit/20260507-LH01106-0005-A23K3JVLT4-s77694-23andme-run1-ILMN-0-D0-PCR-FREE-ILMN-NOVASEQ.sent.tiddit.sv.vcf
98321:Would remove temporary output results/day/hg38/20260507-LH01106-0005-A23K3JVLT4-s77733-23andme-run1-ILMN-0-D0-PCR-FREE-ILMN-NOVASEQ/align/sent/dmd/sv/tiddit/20260507-LH01106-0005-A23K3JVLT4-s77733-23andme-run1-ILMN-0-D0-PCR-FREE-ILMN-NOVASEQ.sent.tiddit.sv.vcf
98322:Would remove temporary output results/day/hg38/20260507-LH01106-0005-A23K3JVLT4-s77695-23andme-run1-ILMN-0-D0-PCR-FREE-ILMN-NOVASEQ/align/sent/dmd/sv/tiddit/20260507-LH01106-0005-A23K3JVLT4-s77695-23andme-run1-ILMN-0-D0-PCR-FREE-ILMN-NOVASEQ.sent.tiddit.sv.vcf
98325:Would remove temporary output results/day/hg38/20260507-LH01106-0005-A23K3JVLT4-s77699-23andme-run1-ILMN-0-D0-PCR-FREE-ILMN-NOVASEQ/align/sent/dmd/sv/tiddit/20260507-LH01106-0005-A23K3JVLT4-s77699-23andme-run1-ILMN-0-D0-PCR-FREE-ILMN-NOVASEQ.sent.tiddit.sv.vcf
98326:Would remove temporary output results/day/hg38/20260507-LH01106-0005-A23K3JVLT4-s77734-23andme-run1-ILMN-0-D0-PCR-FREE-ILMN-NOVASEQ/align/sent/dmd/sv/tiddit/20260507-LH01106-0005-A23K3JVLT4-s77734-23andme-run1-ILMN-0-D0-PCR-FREE-ILMN-NOVASEQ.sent.tiddit.sv.vcf
98328:Would remove temporary output results/day/hg38/20260507-LH01106-0005-A23K3JVLT4-s77735-23andme-run1-ILMN-0-D0-PCR-FREE-ILMN-NOVASEQ/align/sent/dmd/sv/tiddit/20260507-LH01106-0005-A23K3JVLT4-s77735-23andme-run1-ILMN-0-D0-PCR-FREE-ILMN-NOVASEQ.sent.tiddit.sv.vcf
98329:Would remove temporary output results/day/hg38/20260507-LH01106-0005-A23K3JVLT4-s77783-23andme-run1-ILMN-0-D0-PCR-FREE-ILMN-NOVASEQ/align/sent/dmd/sv/tiddit/20260507-LH01106-0005-A23K3JVLT4-s77783-23andme-run1-ILMN-0-D0-PCR-FREE-ILMN-NOVASEQ.sent.tiddit.sv.vcf
98333:Would remove temporary output results/day/hg38/20260507-LH01106-0005-A23K3JVLT4-s77736-23andme-run1-ILMN-0-D0-PCR-FREE-ILMN-NOVASEQ/align/sent/dmd/sv/tiddit/20260507-LH01106-0005-A23K3JVLT4-s77736-23andme-run1-ILMN-0-D0-PCR-FREE-ILMN-NOVASEQ.sent.tiddit.sv.vcf
98334:Would remove temporary output results/day/hg38/20260507-LH01106-0005-A23K3JVLT4-s77784-23andme-run1-ILMN-0-D0-PCR-FREE-ILMN-NOVASEQ/align/sent/dmd/sv/tiddit/20260507-LH01106-0005-A23K3JVLT4-s77784-23andme-run1-ILMN-0-D0-PCR-FREE-ILMN-NOVASEQ.sent.tiddit.sv.vcf
98336:Would remove temporary output results/day/hg38/20260507-LH01106-0005-A23K3JVLT4-s77738-23andme-run1-ILMN-0-D0-PCR-FREE-ILMN-NOVASEQ/align/sent/dmd/sv/tiddit/20260507-LH01106-0005-A23K3JVLT4-s77738-23andme-run1-ILMN-0-D0-PCR-FREE-ILMN-NOVASEQ.sent.tiddit.sv.vcf
98337:Would remove temporary output results/day/hg38/20260507-LH01106-0005-A23K3JVLT4-s77785-23andme-run1-ILMN-0-D0-PCR-FREE-ILMN-NOVASEQ/align/sent/dmd/sv/tiddit/20260507-LH01106-0005-A23K3JVLT4-s77785-23andme-run1-ILMN-0-D0-PCR-FREE-ILMN-NOVASEQ.sent.tiddit.sv.vcf
98340:Would remove temporary output results/day/hg38/20260507-LH01106-0005-A23K3JVLT4-s77744-23andme-run1-ILMN-0-D0-PCR-FREE-ILMN-NOVASEQ/align/sent/dmd/sv/tiddit/20260507-LH01106-0005-A23K3JVLT4-s77744-23andme-run1-ILMN-0-D0-PCR-FREE-ILMN-NOVASEQ.sent.tiddit.sv.vcf
98341:Would remove temporary output results/day/hg38/20260507-LH01106-0005-A23K3JVLT4-s77786-23andme-run1-ILMN-0-D0-PCR-FREE-ILMN-NOVASEQ/align/sent/dmd/sv/tiddit/20260507-LH01106-0005-A23K3JVLT4-s77786-23andme-run1-ILMN-0-D0-PCR-FREE-ILMN-NOVASEQ.sent.tiddit.sv.vcf
98344:Would remove temporary output results/day/hg38/20260507-LH01106-0005-A23K3JVLT4-s77787-23andme-run1-ILMN-0-D0-PCR-FREE-ILMN-NOVASEQ/align/sent/dmd/sv/tiddit/20260507-LH01106-0005-A23K3JVLT4-s77787-23andme-run1-ILMN-0-D0-PCR-FREE-ILMN-NOVASEQ.sent.tiddit.sv.vcf
98345:Would remove temporary output results/day/hg38/20260507-LH01106-0005-A23K3JVLT4-s77745-23andme-run1-ILMN-0-D0-PCR-FREE-ILMN-NOVASEQ/align/sent/dmd/sv/tiddit/20260507-LH01106-0005-A23K3JVLT4-s77745-23andme-run1-ILMN-0-D0-PCR-FREE-ILMN-NOVASEQ.sent.tiddit.sv.vcf
98347:Would remove temporary output results/day/hg38/20260507-LH01106-0005-A23K3JVLT4-s77748-23andme-run1-ILMN-0-D0-PCR-FREE-ILMN-NOVASEQ/align/sent/dmd/sv/tiddit/20260507-LH01106-0005-A23K3JVLT4-s77748-23andme-run1-ILMN-0-D0-PCR-FREE-ILMN-NOVASEQ.sent.tiddit.sv.vcf
98348:Would remove temporary output results/day/hg38/20260507-LH01106-0005-A23K3JVLT4-s77790-23andme-run1-ILMN-0-D0-PCR-FREE-ILMN-NOVASEQ/align/sent/dmd/sv/tiddit/20260507-LH01106-0005-A23K3JVLT4-s77790-23andme-run1-ILMN-0-D0-PCR-FREE-ILMN-NOVASEQ.sent.tiddit.sv.vcf
98352:Would remove temporary output results/day/hg38/20260507-LH01106-0005-A23K3JVLT4-s77791-23andme-run1-ILMN-0-D0-PCR-FREE-ILMN-NOVASEQ/align/sent/dmd/sv/tiddit/20260507-LH01106-0005-A23K3JVLT4-s77791-23andme-run1-ILMN-0-D0-PCR-FREE-ILMN-NOVASEQ.sent.tiddit.sv.vcf
98353:Would remove temporary output results/day/hg38/20260507-LH01106-0005-A23K3JVLT4-s77750-23andme-run1-ILMN-0-D0-PCR-FREE-ILMN-NOVASEQ/align/sent/dmd/sv/tiddit/20260507-LH01106-0005-A23K3JVLT4-s77750-23andme-run1-ILMN-0-D0-PCR-FREE-ILMN-NOVASEQ.sent.tiddit.sv.vcf
98355:Would remove temporary output results/day--output truncated--